[ 2018-11-19T21:26:31+08:00 ] ::1 /furniture/home/index/index
INFO: [ app_init ] --START--
INFO: Run Behavior\BuildLiteBehavior [ RunTime:0.000033s ]
INFO: [ app_init ] --END-- [ RunTime:0.002003s ]
INFO: [ app_begin ] --START--
INFO: Run Behavior\ReadHtmlCacheBehavior [ RunTime:0.002721s ]
INFO: [ app_begin ] --END-- [ RunTime:0.002869s ]
NOTIC: [8] Undefined index: username F:\phpstudy\WWW\furniture\Application\Home\Controller\IndexController.class.php 第 30 行.
SQL: SHOW COLUMNS FROM `goods` [ RunTime:0.1389s ]
SQL: SHOW COLUMNS FROM `goods` [ RunTime:0.0173s ]
SQL: SELECT * FROM `goods`  [ RunTime:0.0028s ]
SQL: SELECT * FROM `goods` WHERE ( isnew=1 ) ORDER BY goodsid desc LIMIT 8   [ RunTime:0.0125s ]
INFO: [ view_parse ] --START--
INFO: [ template_filter ] --START--
INFO: Run Behavior\ContentReplaceBehavior [ RunTime:0.000240s ]
INFO: [ template_filter ] --END-- [ RunTime:0.000364s ]
INFO: Run Behavior\ParseTemplateBehavior [ RunTime:0.067877s ]
INFO: [ view_parse ] --END-- [ RunTime:0.068040s ]
INFO: [ view_filter ] --START--
INFO: Run Behavior\WriteHtmlCacheBehavior [ RunTime:0.011835s ]
INFO: [ view_filter ] --END-- [ RunTime:0.011961s ]
INFO: [ app_end ] --START--
INFO: Run Behavior\ShowPageTraceBehavior [ RunTime:0.003247s ]
INFO: [ app_end ] --END-- [ RunTime:0.003384s ]

[ 2018-11-19T21:57:03+08:00 ] ::1 /furniture/home/index/index
INFO: [ app_init ] --START--
INFO: Run Behavior\BuildLiteBehavior [ RunTime:0.000015s ]
INFO: [ app_init ] --END-- [ RunTime:0.000501s ]
INFO: [ app_begin ] --START--
INFO: Run Behavior\ReadHtmlCacheBehavior [ RunTime:0.000654s ]
INFO: [ app_begin ] --END-- [ RunTime:0.000725s ]
NOTIC: [8] Undefined index: username F:\phpstudy\WWW\furniture\Application\Home\Controller\IndexController.class.php 第 30 行.
SQL: SHOW COLUMNS FROM `goods` [ RunTime:0.0079s ]
SQL: SHOW COLUMNS FROM `goods` [ RunTime:0.0066s ]
SQL: SELECT * FROM `goods`  [ RunTime:0.0007s ]
SQL: SELECT * FROM `goods` WHERE ( isnew=1 ) ORDER BY goodsid desc LIMIT 8   [ RunTime:0.0004s ]
INFO: [ view_parse ] --START--
INFO: [ template_filter ] --START--
INFO: Run Behavior\ContentReplaceBehavior [ RunTime:0.000081s ]
INFO: [ template_filter ] --END-- [ RunTime:0.000122s ]
INFO: Run Behavior\ParseTemplateBehavior [ RunTime:0.008576s ]
INFO: [ view_parse ] --END-- [ RunTime:0.008628s ]
INFO: [ view_filter ] --START--
INFO: Run Behavior\WriteHtmlCacheBehavior [ RunTime:0.000296s ]
INFO: [ view_filter ] --END-- [ RunTime:0.000330s ]
INFO: [ app_end ] --START--
INFO: Run Behavior\ShowPageTraceBehavior [ RunTime:0.000496s ]
INFO: [ app_end ] --END-- [ RunTime:0.000553s ]

[ 2018-11-19T21:57:17+08:00 ] ::1 /furniture/home/index/login_check
INFO: [ app_init ] --START--
INFO: Run Behavior\BuildLiteBehavior [ RunTime:0.000011s ]
INFO: [ app_init ] --END-- [ RunTime:0.000371s ]
INFO: [ app_begin ] --START--
INFO: Run Behavior\ReadHtmlCacheBehavior [ RunTime:0.000474s ]
INFO: [ app_begin ] --END-- [ RunTime:0.000517s ]
SQL: SHOW COLUMNS FROM `userinfo` [ RunTime:0.0074s ]
SQL: SHOW COLUMNS FROM `userinfo` [ RunTime:0.0071s ]
SQL: SELECT * FROM `userinfo` WHERE ( username='小芳芳'and userpwd='e10adc3949ba59abbe56e057f20f883e' ) LIMIT 1   [ RunTime:0.0003s ]
SQL: SHOW COLUMNS FROM `cart` [ RunTime:0.0376s ]
SQL: SHOW COLUMNS FROM `cart` [ RunTime:0.0062s ]
SQL: SELECT COUNT(goodscount) AS tp_count FROM `cart` WHERE ( username='小芳芳' ) LIMIT 1   [ RunTime:0.0003s ]
INFO: [ app_end ] --START--
INFO: Run Behavior\ShowPageTraceBehavior [ RunTime:0.000540s ]
INFO: [ app_end ] --END-- [ RunTime:0.000576s ]

[ 2018-11-19T21:57:19+08:00 ] ::1 /furniture/home/index/index
INFO: [ app_init ] --START--
INFO: Run Behavior\BuildLiteBehavior [ RunTime:0.000016s ]
INFO: [ app_init ] --END-- [ RunTime:0.000535s ]
INFO: [ app_begin ] --START--
INFO: Run Behavior\ReadHtmlCacheBehavior [ RunTime:0.000708s ]
INFO: [ app_begin ] --END-- [ RunTime:0.000782s ]
SQL: SHOW COLUMNS FROM `goods` [ RunTime:0.0094s ]
SQL: SHOW COLUMNS FROM `goods` [ RunTime:0.0067s ]
SQL: SELECT * FROM `goods`  [ RunTime:0.0007s ]
SQL: SELECT * FROM `goods` WHERE ( isnew=1 ) ORDER BY goodsid desc LIMIT 8   [ RunTime:0.0004s ]
INFO: [ view_parse ] --START--
INFO: [ template_filter ] --START--
INFO: Run Behavior\ContentReplaceBehavior [ RunTime:0.000074s ]
INFO: [ template_filter ] --END-- [ RunTime:0.000116s ]
INFO: Run Behavior\ParseTemplateBehavior [ RunTime:0.008348s ]
INFO: [ view_parse ] --END-- [ RunTime:0.008401s ]
INFO: [ view_filter ] --START--
INFO: Run Behavior\WriteHtmlCacheBehavior [ RunTime:0.000290s ]
INFO: [ view_filter ] --END-- [ RunTime:0.000331s ]
INFO: [ app_end ] --START--
INFO: Run Behavior\ShowPageTraceBehavior [ RunTime:0.000467s ]
INFO: [ app_end ] --END-- [ RunTime:0.000508s ]

[ 2018-11-19T21:57:29+08:00 ] ::1 /furniture/home/index/goodsdetail?goodsname=ins%E7%BD%91%E7%BA%A2%E5%8F%8C%E5%B1%82%E7%AA%97%E5%B8%98
INFO: [ app_init ] --START--
INFO: Run Behavior\BuildLiteBehavior [ RunTime:0.000016s ]
INFO: [ app_init ] --END-- [ RunTime:0.000511s ]
INFO: [ app_begin ] --START--
INFO: Run Behavior\ReadHtmlCacheBehavior [ RunTime:0.000801s ]
INFO: [ app_begin ] --END-- [ RunTime:0.000885s ]
SQL: SHOW COLUMNS FROM `goodscolor` [ RunTime:0.0091s ]
SQL: SHOW COLUMNS FROM `goodscolor` [ RunTime:0.0059s ]
SQL: SELECT * FROM `goodscolor` WHERE ( goodsname='ins网红双层窗帘' )  [ RunTime:0.0004s ]
SQL: SHOW COLUMNS FROM `goodstype` [ RunTime:0.0059s ]
SQL: SHOW COLUMNS FROM `goodstype` [ RunTime:0.0069s ]
SQL: SELECT * FROM `goodstype`  [ RunTime:0.0003s ]
SQL: SHOW COLUMNS FROM `goodsdetail` [ RunTime:0.0710s ]
SQL: SHOW COLUMNS FROM `goodsdetail` [ RunTime:0.0060s ]
SQL: SELECT * FROM `goodsdetail` WHERE ( goodsname='ins网红双层窗帘' ) LIMIT 1   [ RunTime:0.0007s ]
SQL: SHOW COLUMNS FROM `goods` [ RunTime:0.0066s ]
SQL: SHOW COLUMNS FROM `goods` [ RunTime:0.0069s ]
SQL: SELECT * FROM `goods` WHERE ( goodsname='ins网红双层窗帘' ) LIMIT 1   [ RunTime:0.0004s ]
INFO: [ view_parse ] --START--
INFO: [ template_filter ] --START--
INFO: Run Behavior\ContentReplaceBehavior [ RunTime:0.000155s ]
INFO: [ template_filter ] --END-- [ RunTime:0.000243s ]
INFO: Run Behavior\ParseTemplateBehavior [ RunTime:0.038230s ]
INFO: [ view_parse ] --END-- [ RunTime:0.038284s ]
INFO: [ view_filter ] --START--
INFO: Run Behavior\WriteHtmlCacheBehavior [ RunTime:0.000297s ]
INFO: [ view_filter ] --END-- [ RunTime:0.000331s ]
INFO: [ app_end ] --START--
INFO: Run Behavior\ShowPageTraceBehavior [ RunTime:0.000469s ]
INFO: [ app_end ] --END-- [ RunTime:0.000507s ]

[ 2018-11-19T21:57:40+08:00 ] ::1 /furniture/home/index/has_login
INFO: [ app_init ] --START--
INFO: Run Behavior\BuildLiteBehavior [ RunTime:0.000014s ]
INFO: [ app_init ] --END-- [ RunTime:0.000618s ]
INFO: [ app_begin ] --START--
INFO: Run Behavior\ReadHtmlCacheBehavior [ RunTime:0.000980s ]
INFO: [ app_begin ] --END-- [ RunTime:0.001037s ]
INFO: [ app_end ] --START--
INFO: Run Behavior\ShowPageTraceBehavior [ RunTime:0.000904s ]
INFO: [ app_end ] --END-- [ RunTime:0.000966s ]

[ 2018-11-19T21:57:49+08:00 ] ::1 /furniture/home/index/has_login
INFO: [ app_init ] --START--
INFO: Run Behavior\BuildLiteBehavior [ RunTime:0.000030s ]
INFO: [ app_init ] --END-- [ RunTime:0.001093s ]
INFO: [ app_begin ] --START--
INFO: Run Behavior\ReadHtmlCacheBehavior [ RunTime:0.001310s ]
INFO: [ app_begin ] --END-- [ RunTime:0.001427s ]
INFO: [ app_end ] --START--
INFO: Run Behavior\ShowPageTraceBehavior [ RunTime:0.001399s ]
INFO: [ app_end ] --END-- [ RunTime:0.001538s ]

[ 2018-11-19T21:57:50+08:00 ] ::1 /furniture/home/index/add_to_cart
INFO: [ app_init ] --START--
INFO: Run Behavior\BuildLiteBehavior [ RunTime:0.000031s ]
INFO: [ app_init ] --END-- [ RunTime:0.001034s ]
INFO: [ app_begin ] --START--
INFO: Run Behavior\ReadHtmlCacheBehavior [ RunTime:0.001281s ]
INFO: [ app_begin ] --END-- [ RunTime:0.001412s ]
SQL: SHOW COLUMNS FROM `cart` [ RunTime:0.0191s ]
SQL: SHOW COLUMNS FROM `cart` [ RunTime:0.0175s ]
SQL: INSERT INTO `cart` (`username`,`goodsid`,`goodsimg`,`goodsname`,`goodscolor`,`goodsprice`,`goodscount`,`sum`) VALUES ('小芳芳','72','http://localhost/furniture/Public/goods_colorimg/2018-11-09/5be5222997474.jpg','ins网红双层窗帘','rgb(116, 179, 216)','273.00','7','1911') [ RunTime:0.0845s ]
INFO: [ app_end ] --START--
INFO: Run Behavior\ShowPageTraceBehavior [ RunTime:0.001496s ]
INFO: [ app_end ] --END-- [ RunTime:0.001606s ]

[ 2018-11-19T21:57:53+08:00 ] ::1 /furniture/home/index/has_login
INFO: [ app_init ] --START--
INFO: Run Behavior\BuildLiteBehavior [ RunTime:0.000037s ]
INFO: [ app_init ] --END-- [ RunTime:0.001196s ]
INFO: [ app_begin ] --START--
INFO: Run Behavior\ReadHtmlCacheBehavior [ RunTime:0.001326s ]
INFO: [ app_begin ] --END-- [ RunTime:0.001455s ]
INFO: [ app_end ] --START--
INFO: Run Behavior\ShowPageTraceBehavior [ RunTime:0.001337s ]
INFO: [ app_end ] --END-- [ RunTime:0.001465s ]

[ 2018-11-19T21:57:54+08:00 ] ::1 /furniture/home/index/shoppingcar
INFO: [ app_init ] --START--
INFO: Run Behavior\BuildLiteBehavior [ RunTime:0.000011s ]
INFO: [ app_init ] --END-- [ RunTime:0.000377s ]
INFO: [ app_begin ] --START--
INFO: Run Behavior\ReadHtmlCacheBehavior [ RunTime:0.000491s ]
INFO: [ app_begin ] --END-- [ RunTime:0.000540s ]
SQL: SHOW COLUMNS FROM `cart` [ RunTime:0.0100s ]
SQL: SHOW COLUMNS FROM `cart` [ RunTime:0.0070s ]
SQL: SELECT * FROM `cart` WHERE ( username='小芳芳' )  [ RunTime:0.0003s ]
INFO: [ view_parse ] --START--
INFO: [ template_filter ] --START--
INFO: Run Behavior\ContentReplaceBehavior [ RunTime:0.000082s ]
INFO: [ template_filter ] --END-- [ RunTime:0.000140s ]
INFO: Run Behavior\ParseTemplateBehavior [ RunTime:0.013896s ]
INFO: [ view_parse ] --END-- [ RunTime:0.013966s ]
INFO: [ view_filter ] --START--
INFO: Run Behavior\WriteHtmlCacheBehavior [ RunTime:0.000597s ]
INFO: [ view_filter ] --END-- [ RunTime:0.000641s ]
INFO: [ app_end ] --START--
INFO: Run Behavior\ShowPageTraceBehavior [ RunTime:0.000559s ]
INFO: [ app_end ] --END-- [ RunTime:0.000606s ]

[ 2018-11-19T21:58:03+08:00 ] ::1 /furniture/home/index/submit_order?id=61&allmoney=1911&allnum=7
INFO: [ app_init ] --START--
INFO: Run Behavior\BuildLiteBehavior [ RunTime:0.000015s ]
INFO: [ app_init ] --END-- [ RunTime:0.000451s ]
INFO: [ app_begin ] --START--
INFO: Run Behavior\ReadHtmlCacheBehavior [ RunTime:0.000530s ]
INFO: [ app_begin ] --END-- [ RunTime:0.000581s ]
SQL: SHOW COLUMNS FROM `address` [ RunTime:0.0183s ]
SQL: SHOW COLUMNS FROM `address_view` [ RunTime:0.0191s ]
SQL: SELECT * FROM `address_view` WHERE ( username='小芳芳' )  [ RunTime:0.0018s ]
SQL: SHOW COLUMNS FROM `cart` [ RunTime:0.0168s ]
SQL: SHOW COLUMNS FROM `cart` [ RunTime:0.0165s ]
SQL: SELECT * FROM `cart` WHERE `cartid` IN ('61')  [ RunTime:0.0008s ]
INFO: [ view_parse ] --START--
INFO: [ template_filter ] --START--
INFO: Run Behavior\ContentReplaceBehavior [ RunTime:0.000209s ]
INFO: [ template_filter ] --END-- [ RunTime:0.000332s ]
NOTIC: [8] Undefined variable: username F:\phpstudy\WWW\furniture\Application\Runtime\Cache\Home\036cb8355396f4e7e1609afcccfb5b5d.php 第 28 行.
INFO: Run Behavior\ParseTemplateBehavior [ RunTime:0.028138s ]
INFO: [ view_parse ] --END-- [ RunTime:0.028268s ]
INFO: [ view_filter ] --START--
INFO: Run Behavior\WriteHtmlCacheBehavior [ RunTime:0.000790s ]
INFO: [ view_filter ] --END-- [ RunTime:0.000885s ]
INFO: [ app_end ] --START--
INFO: Run Behavior\ShowPageTraceBehavior [ RunTime:0.001326s ]
INFO: [ app_end ] --END-- [ RunTime:0.001426s ]

[ 2018-11-19T21:58:12+08:00 ] ::1 /furniture/home/index/has_login
INFO: [ app_init ] --START--
INFO: Run Behavior\BuildLiteBehavior [ RunTime:0.000010s ]
INFO: [ app_init ] --END-- [ RunTime:0.000469s ]
INFO: [ app_begin ] --START--
INFO: Run Behavior\ReadHtmlCacheBehavior [ RunTime:0.000740s ]
INFO: [ app_begin ] --END-- [ RunTime:0.000783s ]
INFO: [ app_end ] --START--
INFO: Run Behavior\ShowPageTraceBehavior [ RunTime:0.000477s ]
INFO: [ app_end ] --END-- [ RunTime:0.000521s ]

[ 2018-11-19T21:58:13+08:00 ] ::1 /furniture/home/index/personal
INFO: [ app_init ] --START--
INFO: Run Behavior\BuildLiteBehavior [ RunTime:0.000012s ]
INFO: [ app_init ] --END-- [ RunTime:0.000376s ]
INFO: [ app_begin ] --START--
INFO: Run Behavior\ReadHtmlCacheBehavior [ RunTime:0.000472s ]
INFO: [ app_begin ] --END-- [ RunTime:0.000518s ]
SQL: SHOW COLUMNS FROM `userinfo` [ RunTime:0.0199s ]
SQL: SHOW COLUMNS FROM `userinfo` [ RunTime:0.0168s ]
SQL: SELECT * FROM `userinfo` WHERE ( username='小芳芳' ) LIMIT 1   [ RunTime:0.0008s ]
SQL: SHOW COLUMNS FROM `address` [ RunTime:0.0168s ]
SQL: SHOW COLUMNS FROM `address` [ RunTime:0.0179s ]
SQL: SELECT * FROM `address` WHERE ( userid=14 )  [ RunTime:0.0007s ]
SQL: SHOW COLUMNS FROM `provincial` [ RunTime:0.0693s ]
SQL: SHOW COLUMNS FROM `provincial` [ RunTime:0.0194s ]
SQL: SELECT * FROM `provincial`  [ RunTime:0.0009s ]
SQL: SHOW COLUMNS FROM `personal` [ RunTime:0.0203s ]
SQL: SHOW COLUMNS FROM `personal` [ RunTime:0.0166s ]
SQL: SELECT * FROM `personal` WHERE ( personalname='小芳芳' ) LIMIT 1   [ RunTime:0.0005s ]
SQL: SHOW COLUMNS FROM `myorder_view` [ RunTime:0.0131s ]
SQL: SHOW COLUMNS FROM `myorder_view` [ RunTime:0.0130s ]
SQL: SELECT * FROM `myorder_view` WHERE ( username='小芳芳' ) ORDER BY orderdate desc  [ RunTime:0.0013s ]
SQL: SELECT * FROM `myorder_view` WHERE ( username='小芳芳'and orderstate=0 ) ORDER BY orderdate desc  [ RunTime:0.0012s ]
SQL: SELECT * FROM `myorder_view` WHERE ( username='小芳芳'and orderstate=1 ) ORDER BY orderdate  [ RunTime:0.0011s ]
SQL: SELECT * FROM `myorder_view` WHERE ( username='小芳芳'and orderstate=2 ) ORDER BY orderdate  [ RunTime:0.0011s ]
INFO: [ view_parse ] --START--
INFO: [ template_filter ] --START--
INFO: Run Behavior\ContentReplaceBehavior [ RunTime:0.000248s ]
INFO: [ template_filter ] --END-- [ RunTime:0.000334s ]
INFO: Run Behavior\ParseTemplateBehavior [ RunTime:0.030993s ]
INFO: [ view_parse ] --END-- [ RunTime:0.031096s ]
INFO: [ view_filter ] --START--
INFO: Run Behavior\WriteHtmlCacheBehavior [ RunTime:0.000584s ]
INFO: [ view_filter ] --END-- [ RunTime:0.000648s ]
INFO: [ app_end ] --START--
INFO: Run Behavior\ShowPageTraceBehavior [ RunTime:0.000948s ]
INFO: [ app_end ] --END-- [ RunTime:0.001045s ]

[ 2018-11-19T21:58:27+08:00 ] ::1 /furniture/home/index/getcity
INFO: [ app_init ] --START--
INFO: Run Behavior\BuildLiteBehavior [ RunTime:0.000012s ]
INFO: [ app_init ] --END-- [ RunTime:0.000520s ]
INFO: [ app_begin ] --START--
INFO: Run Behavior\ReadHtmlCacheBehavior [ RunTime:0.000955s ]
INFO: [ app_begin ] --END-- [ RunTime:0.001000s ]
SQL: SHOW COLUMNS FROM `city` [ RunTime:0.0609s ]
SQL: SELECT * FROM `city` WHERE ( pid = '1' )  [ RunTime:0.0009s ]
INFO: [ app_end ] --START--
INFO: Run Behavior\ShowPageTraceBehavior [ RunTime:0.003721s ]
INFO: [ app_end ] --END-- [ RunTime:0.003884s ]

[ 2018-11-19T21:58:28+08:00 ] ::1 /furniture/home/index/getcity
INFO: [ app_init ] --START--
INFO: Run Behavior\BuildLiteBehavior [ RunTime:0.000031s ]
INFO: [ app_init ] --END-- [ RunTime:0.001022s ]
INFO: [ app_begin ] --START--
INFO: Run Behavior\ReadHtmlCacheBehavior [ RunTime:0.001439s ]
INFO: [ app_begin ] --END-- [ RunTime:0.001559s ]
SQL: SHOW COLUMNS FROM `city` [ RunTime:0.0174s ]
SQL: SELECT * FROM `city` WHERE ( pid = '18' )  [ RunTime:0.0011s ]
INFO: [ app_end ] --START--
INFO: Run Behavior\ShowPageTraceBehavior [ RunTime:0.001970s ]
INFO: [ app_end ] --END-- [ RunTime:0.002142s ]

[ 2018-11-19T21:58:34+08:00 ] ::1 /furniture/home/index/add_address
INFO: [ app_init ] --START--
INFO: Run Behavior\BuildLiteBehavior [ RunTime:0.000015s ]
INFO: [ app_init ] --END-- [ RunTime:0.000504s ]
INFO: [ app_begin ] --START--
INFO: Run Behavior\ReadHtmlCacheBehavior [ RunTime:0.000629s ]
INFO: [ app_begin ] --END-- [ RunTime:0.000691s ]
SQL: SHOW COLUMNS FROM `userinfo` [ RunTime:0.0064s ]
SQL: SHOW COLUMNS FROM `userinfo` [ RunTime:0.0062s ]
SQL: SELECT * FROM `userinfo` WHERE ( username='小芳芳' ) LIMIT 1   [ RunTime:0.0003s ]
SQL: SHOW COLUMNS FROM `address` [ RunTime:0.0062s ]
SQL: SHOW COLUMNS FROM `address` [ RunTime:0.0061s ]
SQL: INSERT INTO `address` (`userid`,`consignee`,`telphone`,`address`) VALUES ('14','cjl','123456','湖北省孝感市飞飞飞') [ RunTime:0.0660s ]
INFO: [ app_end ] --START--
INFO: Run Behavior\ShowPageTraceBehavior [ RunTime:0.001419s ]
INFO: [ app_end ] --END-- [ RunTime:0.001528s ]

[ 2018-11-19T21:58:37+08:00 ] ::1 /furniture/home/index/has_login
INFO: [ app_init ] --START--
INFO: Run Behavior\BuildLiteBehavior [ RunTime:0.000021s ]
INFO: [ app_init ] --END-- [ RunTime:0.000709s ]
INFO: [ app_begin ] --START--
INFO: Run Behavior\ReadHtmlCacheBehavior [ RunTime:0.000884s ]
INFO: [ app_begin ] --END-- [ RunTime:0.000970s ]
INFO: [ app_end ] --START--
INFO: Run Behavior\ShowPageTraceBehavior [ RunTime:0.000700s ]
INFO: [ app_end ] --END-- [ RunTime:0.000764s ]

[ 2018-11-19T21:58:38+08:00 ] ::1 /furniture/home/index/shoppingcar
INFO: [ app_init ] --START--
INFO: Run Behavior\BuildLiteBehavior [ RunTime:0.000012s ]
INFO: [ app_init ] --END-- [ RunTime:0.000376s ]
INFO: [ app_begin ] --START--
INFO: Run Behavior\ReadHtmlCacheBehavior [ RunTime:0.000482s ]
INFO: [ app_begin ] --END-- [ RunTime:0.000528s ]
SQL: SHOW COLUMNS FROM `cart` [ RunTime:0.0207s ]
SQL: SHOW COLUMNS FROM `cart` [ RunTime:0.0177s ]
SQL: SELECT * FROM `cart` WHERE ( username='小芳芳' )  [ RunTime:0.0008s ]
INFO: [ view_parse ] --START--
INFO: [ template_filter ] --START--
INFO: Run Behavior\ContentReplaceBehavior [ RunTime:0.000183s ]
INFO: [ template_filter ] --END-- [ RunTime:0.000309s ]
INFO: Run Behavior\ParseTemplateBehavior [ RunTime:0.022487s ]
INFO: [ view_parse ] --END-- [ RunTime:0.022640s ]
INFO: [ view_filter ] --START--
INFO: Run Behavior\WriteHtmlCacheBehavior [ RunTime:0.000846s ]
INFO: [ view_filter ] --END-- [ RunTime:0.000941s ]
INFO: [ app_end ] --START--
INFO: Run Behavior\ShowPageTraceBehavior [ RunTime:0.001302s ]
INFO: [ app_end ] --END-- [ RunTime:0.001407s ]

[ 2018-11-19T21:58:44+08:00 ] ::1 /furniture/home/index/submit_order?id=61&allmoney=1911&allnum=7
INFO: [ app_init ] --START--
INFO: Run Behavior\BuildLiteBehavior [ RunTime:0.000014s ]
INFO: [ app_init ] --END-- [ RunTime:0.000475s ]
INFO: [ app_begin ] --START--
INFO: Run Behavior\ReadHtmlCacheBehavior [ RunTime:0.000507s ]
INFO: [ app_begin ] --END-- [ RunTime:0.000561s ]
SQL: SHOW COLUMNS FROM `address` [ RunTime:0.0067s ]
SQL: SHOW COLUMNS FROM `address_view` [ RunTime:0.0069s ]
SQL: SELECT * FROM `address_view` WHERE ( username='小芳芳' )  [ RunTime:0.0007s ]
SQL: SHOW COLUMNS FROM `cart` [ RunTime:0.0068s ]
SQL: SHOW COLUMNS FROM `cart` [ RunTime:0.0070s ]
SQL: SELECT * FROM `cart` WHERE `cartid` IN ('61')  [ RunTime:0.0003s ]
INFO: [ view_parse ] --START--
INFO: [ template_filter ] --START--
INFO: Run Behavior\ContentReplaceBehavior [ RunTime:0.000075s ]
INFO: [ template_filter ] --END-- [ RunTime:0.000116s ]
NOTIC: [8] Undefined variable: username F:\phpstudy\WWW\furniture\Application\Runtime\Cache\Home\036cb8355396f4e7e1609afcccfb5b5d.php 第 28 行.
INFO: Run Behavior\ParseTemplateBehavior [ RunTime:0.009214s ]
INFO: [ view_parse ] --END-- [ RunTime:0.009262s ]
INFO: [ view_filter ] --START--
INFO: Run Behavior\WriteHtmlCacheBehavior [ RunTime:0.000295s ]
INFO: [ view_filter ] --END-- [ RunTime:0.000328s ]
INFO: [ app_end ] --START--
INFO: Run Behavior\ShowPageTraceBehavior [ RunTime:0.000479s ]
INFO: [ app_end ] --END-- [ RunTime:0.000516s ]

[ 2018-11-19T21:58:52+08:00 ] ::1 /furniture/home/index/write_to_order
INFO: [ app_init ] --START--
INFO: Run Behavior\BuildLiteBehavior [ RunTime:0.000017s ]
INFO: [ app_init ] --END-- [ RunTime:0.000685s ]
INFO: [ app_begin ] --START--
INFO: Run Behavior\ReadHtmlCacheBehavior [ RunTime:0.000996s ]
INFO: [ app_begin ] --END-- [ RunTime:0.001047s ]
SQL: SHOW COLUMNS FROM `userinfo` [ RunTime:0.0172s ]
SQL: SHOW COLUMNS FROM `userinfo` [ RunTime:0.0164s ]
SQL: SELECT `telphone` FROM `userinfo` WHERE ( username='小芳芳' ) LIMIT 1   [ RunTime:0.0006s ]
SQL: SHOW COLUMNS FROM `orderdetail` [ RunTime:0.0412s ]
SQL: SHOW COLUMNS FROM `orderdetail` [ RunTime:0.0164s ]
SQL: INSERT INTO `orderdetail` (`goodsid`,`goodscount`,`orderid`) VALUES ('72','7','201811192158521542635932') [ RunTime:0.0368s ]
SQL: SHOW COLUMNS FROM `order` [ RunTime:0.0164s ]
SQL: SHOW COLUMNS FROM `order` [ RunTime:0.0158s ]
SQL: INSERT INTO `order` (`username`,`orderid`,`orderdate`,`addressid`,`total`,`telphone`,`ordersum`) VALUES ('小芳芳','201811192158521542635932','2018-11-19 21:58:52','1','1911','15779178907','7') [ RunTime:0.0272s ]
INFO: [ app_end ] --START--
INFO: Run Behavior\ShowPageTraceBehavior [ RunTime:0.002312s ]
INFO: [ app_end ] --END-- [ RunTime:0.002415s ]

[ 2018-11-19T21:58:53+08:00 ] ::1 /furniture/home/index/del_all
INFO: [ app_init ] --START--
INFO: Run Behavior\BuildLiteBehavior [ RunTime:0.000019s ]
INFO: [ app_init ] --END-- [ RunTime:0.000880s ]
INFO: [ app_begin ] --START--
INFO: Run Behavior\ReadHtmlCacheBehavior [ RunTime:0.001149s ]
INFO: [ app_begin ] --END-- [ RunTime:0.001210s ]
SQL: SHOW COLUMNS FROM `cart` [ RunTime:0.0181s ]
SQL: SHOW COLUMNS FROM `cart` [ RunTime:0.0166s ]
SQL: DELETE FROM `cart` WHERE `cartid` = 61 [ RunTime:0.0822s ]
INFO: [ app_end ] --START--
INFO: Run Behavior\ShowPageTraceBehavior [ RunTime:0.002606s ]
INFO: [ app_end ] --END-- [ RunTime:0.002721s ]

[ 2018-11-19T21:58:58+08:00 ] ::1 /furniture/home/index/alert_state?orderid=201811192158521542635932
INFO: [ app_init ] --START--
INFO: Run Behavior\BuildLiteBehavior [ RunTime:0.000029s ]
INFO: [ app_init ] --END-- [ RunTime:0.001327s ]
INFO: [ app_begin ] --START--
INFO: Run Behavior\ReadHtmlCacheBehavior [ RunTime:0.001610s ]
INFO: [ app_begin ] --END-- [ RunTime:0.001692s ]
SQL: SHOW COLUMNS FROM `order` [ RunTime:0.0179s ]
SQL: SHOW COLUMNS FROM `order` [ RunTime:0.0168s ]
SQL: UPDATE `order` SET `orderstate`='1' WHERE `orderid` = '201811192158521542635932' [ RunTime:0.0788s ]
INFO: [ app_end ] --START--
INFO: Run Behavior\ShowPageTraceBehavior [ RunTime:0.002683s ]
INFO: [ app_end ] --END-- [ RunTime:0.002796s ]

[ 2018-11-19T21:59:03+08:00 ] ::1 /furniture/home/index/online
INFO: [ app_init ] --START--
INFO: Run Behavior\BuildLiteBehavior [ RunTime:0.000013s ]
INFO: [ app_init ] --END-- [ RunTime:0.000537s ]
INFO: [ app_begin ] --START--
INFO: Run Behavior\ReadHtmlCacheBehavior [ RunTime:0.001097s ]
INFO: [ app_begin ] --END-- [ RunTime:0.001176s ]
SQL: SHOW COLUMNS FROM `goods` [ RunTime:0.0214s ]
SQL: SHOW COLUMNS FROM `goods` [ RunTime:0.0206s ]
SQL: SELECT * FROM `goods`  [ RunTime:0.0018s ]
SQL: SHOW COLUMNS FROM `goodstype` [ RunTime:0.0143s ]
SQL: SHOW COLUMNS FROM `goodstype` [ RunTime:0.0093s ]
SQL: SELECT * FROM `goodstype`  [ RunTime:0.0003s ]
INFO: [ view_parse ] --START--
INFO: [ template_filter ] --START--
INFO: Run Behavior\ContentReplaceBehavior [ RunTime:0.000086s ]
INFO: [ template_filter ] --END-- [ RunTime:0.000143s ]
INFO: Run Behavior\ParseTemplateBehavior [ RunTime:0.061944s ]
INFO: [ view_parse ] --END-- [ RunTime:0.062011s ]
INFO: [ view_filter ] --START--
INFO: Run Behavior\WriteHtmlCacheBehavior [ RunTime:0.000742s ]
INFO: [ view_filter ] --END-- [ RunTime:0.000784s ]
INFO: [ app_end ] --START--
INFO: Run Behavior\ShowPageTraceBehavior [ RunTime:0.001241s ]
INFO: [ app_end ] --END-- [ RunTime:0.001323s ]

[ 2018-11-19T21:59:07+08:00 ] ::1 /furniture/home/index/online?typename=%E7%81%AF%E9%A5%B0
INFO: [ app_init ] --START--
INFO: Run Behavior\BuildLiteBehavior [ RunTime:0.000011s ]
INFO: [ app_init ] --END-- [ RunTime:0.000384s ]
INFO: [ app_begin ] --START--
INFO: Run Behavior\ReadHtmlCacheBehavior [ RunTime:0.000492s ]
INFO: [ app_begin ] --END-- [ RunTime:0.000541s ]
SQL: SHOW COLUMNS FROM `goods` [ RunTime:0.0186s ]
SQL: SHOW COLUMNS FROM `goods` [ RunTime:0.0179s ]
SQL: SELECT * FROM `goods` WHERE ( typename='灯饰' )  [ RunTime:0.0014s ]
SQL: SHOW COLUMNS FROM `goodstype` [ RunTime:0.0172s ]
SQL: SHOW COLUMNS FROM `goodstype` [ RunTime:0.0186s ]
SQL: SELECT * FROM `goodstype`  [ RunTime:0.0007s ]
INFO: [ view_parse ] --START--
INFO: [ template_filter ] --START--
INFO: Run Behavior\ContentReplaceBehavior [ RunTime:0.000284s ]
INFO: [ template_filter ] --END-- [ RunTime:0.000441s ]
INFO: Run Behavior\ParseTemplateBehavior [ RunTime:0.027576s ]
INFO: [ view_parse ] --END-- [ RunTime:0.027722s ]
INFO: [ view_filter ] --START--
INFO: Run Behavior\WriteHtmlCacheBehavior [ RunTime:0.000843s ]
INFO: [ view_filter ] --END-- [ RunTime:0.000939s ]
INFO: [ app_end ] --START--
INFO: Run Behavior\ShowPageTraceBehavior [ RunTime:0.001476s ]
INFO: [ app_end ] --END-- [ RunTime:0.001631s ]

[ 2018-11-19T21:59:12+08:00 ] ::1 /furniture/home/index/logout
INFO: [ app_init ] --START--
INFO: Run Behavior\BuildLiteBehavior [ RunTime:0.000012s ]
INFO: [ app_init ] --END-- [ RunTime:0.000393s ]
INFO: [ app_begin ] --START--
INFO: Run Behavior\ReadHtmlCacheBehavior [ RunTime:0.000502s ]
INFO: [ app_begin ] --END-- [ RunTime:0.000555s ]

[ 2018-11-19T21:59:13+08:00 ] ::1 /furniture/index.php/Home/Index/index.html
INFO: [ app_init ] --START--
INFO: Run Behavior\BuildLiteBehavior [ RunTime:0.000011s ]
INFO: [ app_init ] --END-- [ RunTime:0.000377s ]
INFO: [ app_begin ] --START--
INFO: Run Behavior\ReadHtmlCacheBehavior [ RunTime:0.000471s ]
INFO: [ app_begin ] --END-- [ RunTime:0.000520s ]
NOTIC: [8] Undefined index: username F:\phpstudy\WWW\furniture\Application\Home\Controller\IndexController.class.php 第 30 行.
SQL: SHOW COLUMNS FROM `goods` [ RunTime:0.0206s ]
SQL: SHOW COLUMNS FROM `goods` [ RunTime:0.0173s ]
SQL: SELECT * FROM `goods`  [ RunTime:0.0017s ]
SQL: SELECT * FROM `goods` WHERE ( isnew=1 ) ORDER BY goodsid desc LIMIT 8   [ RunTime:0.0011s ]
INFO: [ view_parse ] --START--
INFO: [ template_filter ] --START--
INFO: Run Behavior\ContentReplaceBehavior [ RunTime:0.000082s ]
INFO: [ template_filter ] --END-- [ RunTime:0.000127s ]
INFO: Run Behavior\ParseTemplateBehavior [ RunTime:0.012173s ]
INFO: [ view_parse ] --END-- [ RunTime:0.012259s ]
INFO: [ view_filter ] --START--
INFO: Run Behavior\WriteHtmlCacheBehavior [ RunTime:0.000352s ]
INFO: [ view_filter ] --END-- [ RunTime:0.000408s ]
INFO: [ app_end ] --START--
INFO: Run Behavior\ShowPageTraceBehavior [ RunTime:0.000621s ]
INFO: [ app_end ] --END-- [ RunTime:0.000688s ]

[ 2018-11-19T22:09:30+08:00 ] ::1 /furniture/index.php/Home/Index/index.html
INFO: [ app_init ] --START--
INFO: Run Behavior\BuildLiteBehavior [ RunTime:0.000033s ]
INFO: [ app_init ] --END-- [ RunTime:0.001236s ]
INFO: [ app_begin ] --START--
INFO: Run Behavior\ReadHtmlCacheBehavior [ RunTime:0.001362s ]
INFO: [ app_begin ] --END-- [ RunTime:0.001544s ]
NOTIC: [8] Undefined index: username F:\phpstudy\WWW\furniture\Application\Home\Controller\IndexController.class.php 第 30 行.
SQL: SHOW COLUMNS FROM `goods` [ RunTime:0.0199s ]
SQL: SHOW COLUMNS FROM `goods` [ RunTime:0.0170s ]
SQL: SELECT * FROM `goods`  [ RunTime:0.0018s ]
SQL: SELECT * FROM `goods` WHERE ( isnew=1 ) ORDER BY goodsid desc LIMIT 8   [ RunTime:0.0009s ]
INFO: [ view_parse ] --START--
INFO: [ template_filter ] --START--
INFO: Run Behavior\ContentReplaceBehavior [ RunTime:0.000238s ]
INFO: [ template_filter ] --END-- [ RunTime:0.000354s ]
INFO: Run Behavior\ParseTemplateBehavior [ RunTime:0.023883s ]
INFO: [ view_parse ] --END-- [ RunTime:0.024022s ]
INFO: [ view_filter ] --START--
INFO: Run Behavior\WriteHtmlCacheBehavior [ RunTime:0.000788s ]
INFO: [ view_filter ] --END-- [ RunTime:0.000884s ]
INFO: [ app_end ] --START--
INFO: Run Behavior\ShowPageTraceBehavior [ RunTime:0.001689s ]
INFO: [ app_end ] --END-- [ RunTime:0.001877s ]

[ 2018-11-19T22:09:33+08:00 ] ::1 /furniture/index.php/Home/Index/has_login
INFO: [ app_init ] --START--
INFO: Run Behavior\BuildLiteBehavior [ RunTime:0.000011s ]
INFO: [ app_init ] --END-- [ RunTime:0.000388s ]
INFO: [ app_begin ] --START--
INFO: Run Behavior\ReadHtmlCacheBehavior [ RunTime:0.000464s ]
INFO: [ app_begin ] --END-- [ RunTime:0.000508s ]
NOTIC: [8] Undefined index: username F:\phpstudy\WWW\furniture\Application\Home\Controller\IndexController.class.php 第 117 行.
INFO: [ app_end ] --START--
INFO: Run Behavior\ShowPageTraceBehavior [ RunTime:0.000474s ]
INFO: [ app_end ] --END-- [ RunTime:0.000515s ]

[ 2018-11-19T22:09:39+08:00 ] ::1 /furniture/index.php/Home/Index/has_login
INFO: [ app_init ] --START--
INFO: Run Behavior\BuildLiteBehavior [ RunTime:0.000011s ]
INFO: [ app_init ] --END-- [ RunTime:0.000381s ]
INFO: [ app_begin ] --START--
INFO: Run Behavior\ReadHtmlCacheBehavior [ RunTime:0.000524s ]
INFO: [ app_begin ] --END-- [ RunTime:0.000574s ]
NOTIC: [8] Undefined index: username F:\phpstudy\WWW\furniture\Application\Home\Controller\IndexController.class.php 第 117 行.
INFO: [ app_end ] --START--
INFO: Run Behavior\ShowPageTraceBehavior [ RunTime:0.000536s ]
INFO: [ app_end ] --END-- [ RunTime:0.000582s ]

[ 2018-11-19T22:09:43+08:00 ] ::1 /furniture/index.php/Home/Index/about
INFO: [ app_init ] --START--
INFO: Run Behavior\BuildLiteBehavior [ RunTime:0.000011s ]
INFO: [ app_init ] --END-- [ RunTime:0.000379s ]
INFO: [ app_begin ] --START--
INFO: Run Behavior\ReadHtmlCacheBehavior [ RunTime:0.000465s ]
INFO: [ app_begin ] --END-- [ RunTime:0.000514s ]
NOTIC: [8] Undefined index: username F:\phpstudy\WWW\furniture\Application\Home\Controller\IndexController.class.php 第 91 行.
INFO: [ view_parse ] --START--
INFO: [ template_filter ] --START--
INFO: Run Behavior\ContentReplaceBehavior [ RunTime:0.000146s ]
INFO: [ template_filter ] --END-- [ RunTime:0.000255s ]
INFO: Run Behavior\ParseTemplateBehavior [ RunTime:0.061107s ]
INFO: [ view_parse ] --END-- [ RunTime:0.061233s ]
INFO: [ view_filter ] --START--
INFO: Run Behavior\WriteHtmlCacheBehavior [ RunTime:0.000701s ]
INFO: [ view_filter ] --END-- [ RunTime:0.000786s ]
INFO: [ app_end ] --START--
INFO: Run Behavior\ShowPageTraceBehavior [ RunTime:0.001219s ]
INFO: [ app_end ] --END-- [ RunTime:0.001317s ]

[ 2018-11-19T22:09:46+08:00 ] ::1 /furniture/index.php/Home/Index/online
INFO: [ app_init ] --START--
INFO: Run Behavior\BuildLiteBehavior [ RunTime:0.000015s ]
INFO: [ app_init ] --END-- [ RunTime:0.000409s ]
INFO: [ app_begin ] --START--
INFO: Run Behavior\ReadHtmlCacheBehavior [ RunTime:0.000475s ]
INFO: [ app_begin ] --END-- [ RunTime:0.000526s ]
SQL: SHOW COLUMNS FROM `goods` [ RunTime:0.0202s ]
SQL: SHOW COLUMNS FROM `goods` [ RunTime:0.0169s ]
SQL: SELECT * FROM `goods`  [ RunTime:0.0017s ]
SQL: SHOW COLUMNS FROM `goodstype` [ RunTime:0.0160s ]
SQL: SHOW COLUMNS FROM `goodstype` [ RunTime:0.0164s ]
SQL: SELECT * FROM `goodstype`  [ RunTime:0.0006s ]
NOTIC: [8] Undefined index: username F:\phpstudy\WWW\furniture\Application\Home\Controller\IndexController.class.php 第 68 行.
INFO: [ view_parse ] --START--
INFO: [ template_filter ] --START--
INFO: Run Behavior\ContentReplaceBehavior [ RunTime:0.000150s ]
INFO: [ template_filter ] --END-- [ RunTime:0.000231s ]
INFO: Run Behavior\ParseTemplateBehavior [ RunTime:0.021733s ]
INFO: [ view_parse ] --END-- [ RunTime:0.021836s ]
INFO: [ view_filter ] --START--
INFO: Run Behavior\WriteHtmlCacheBehavior [ RunTime:0.000481s ]
INFO: [ view_filter ] --END-- [ RunTime:0.000541s ]
INFO: [ app_end ] --START--
INFO: Run Behavior\ShowPageTraceBehavior [ RunTime:0.000871s ]
INFO: [ app_end ] --END-- [ RunTime:0.000939s ]

