[ 2018-11-09T12:52:43+08:00 ] ::1 /furniture/Public/goodsimg/2018-11-09/5be4faf84c5c1.jpg
INFO: [ app_init ] --START--
INFO: Run Behavior\BuildLiteBehavior [ RunTime:0.000000s ]
INFO: [ app_init ] --END-- [ RunTime:0.000000s ]
ERR: 无法加载模块:Public

[ 2018-11-09T12:52:43+08:00 ] ::1 /furniture/Public/goodsimg/2018-11-09/5be4fd9423918.jpg
INFO: [ app_init ] --START--
INFO: Run Behavior\BuildLiteBehavior [ RunTime:0.000000s ]
INFO: [ app_init ] --END-- [ RunTime:0.001000s ]
ERR: 无法加载模块:Public

[ 2018-11-09T12:52:43+08:00 ] ::1 /furniture/Public/goodsimg/2018-11-09/5be4f8883383e.jpg
INFO: [ app_init ] --START--
INFO: Run Behavior\BuildLiteBehavior [ RunTime:0.000000s ]
INFO: [ app_init ] --END-- [ RunTime:0.000000s ]
ERR: 无法加载模块:Public

[ 2018-11-09T12:52:43+08:00 ] ::1 /furniture/Public/goodsimg/2018-11-09/5be4f41084f0d.jpg
INFO: [ app_init ] --START--
INFO: Run Behavior\BuildLiteBehavior [ RunTime:0.000000s ]
INFO: [ app_init ] --END-- [ RunTime:0.001000s ]
ERR: 无法加载模块:Public

[ 2018-11-09T12:52:43+08:00 ] ::1 /furniture/Public/goodsimg/2018-11-09/5be4e4bc1e40f.jpg
INFO: [ app_init ] --START--
INFO: Run Behavior\BuildLiteBehavior [ RunTime:0.001000s ]
INFO: [ app_init ] --END-- [ RunTime:0.001000s ]
ERR: 无法加载模块:Public

[ 2018-11-09T12:52:43+08:00 ] ::1 /furniture/Public/goodsimg/2018-11-09/5be4df1d83ee6.jpg
INFO: [ app_init ] --START--
INFO: Run Behavior\BuildLiteBehavior [ RunTime:0.000000s ]
INFO: [ app_init ] --END-- [ RunTime:0.000000s ]
ERR: 无法加载模块:Public

[ 2018-11-09T12:52:43+08:00 ] ::1 /furniture/Public/goodsimg/2018-11-09/5be4e24a15448.jpg
INFO: [ app_init ] --START--
INFO: Run Behavior\BuildLiteBehavior [ RunTime:0.000000s ]
INFO: [ app_init ] --END-- [ RunTime:0.002000s ]
ERR: 无法加载模块:Public

[ 2018-11-09T12:52:43+08:00 ] ::1 /furniture/Public/goodsimg/2018-11-09/5be4f6e5d9572.jpg
INFO: [ app_init ] --START--
INFO: Run Behavior\BuildLiteBehavior [ RunTime:0.000000s ]
INFO: [ app_init ] --END-- [ RunTime:0.001000s ]
ERR: 无法加载模块:Public

[ 2018-11-09T12:52:44+08:00 ] ::1 /furniture/Public/goodsimg/2018-11-09/5be4fd9423918.jpg
INFO: [ app_init ] --START--
INFO: Run Behavior\BuildLiteBehavior [ RunTime:0.000000s ]
INFO: [ app_init ] --END-- [ RunTime:0.001000s ]
ERR: 无法加载模块:Public

[ 2018-11-09T12:52:44+08:00 ] ::1 /furniture/Public/goodsimg/2018-11-09/5be4faf84c5c1.jpg
INFO: [ app_init ] --START--
INFO: Run Behavior\BuildLiteBehavior [ RunTime:0.000000s ]
INFO: [ app_init ] --END-- [ RunTime:0.000000s ]
ERR: 无法加载模块:Public

[ 2018-11-09T12:52:44+08:00 ] ::1 /furniture/Public/goodsimg/2018-11-09/5be4f6e5d9572.jpg
INFO: [ app_init ] --START--
INFO: Run Behavior\BuildLiteBehavior [ RunTime:0.000000s ]
INFO: [ app_init ] --END-- [ RunTime:0.001000s ]
ERR: 无法加载模块:Public

[ 2018-11-09T12:52:44+08:00 ] ::1 /furniture/Public/goodsimg/2018-11-09/5be4f8883383e.jpg
INFO: [ app_init ] --START--
INFO: Run Behavior\BuildLiteBehavior [ RunTime:0.000000s ]
INFO: [ app_init ] --END-- [ RunTime:0.001000s ]
ERR: 无法加载模块:Public

[ 2018-11-09T12:52:44+08:00 ] ::1 /furniture/Public/goodsimg/2018-11-09/5be4f41084f0d.jpg
INFO: [ app_init ] --START--
INFO: Run Behavior\BuildLiteBehavior [ RunTime:0.000000s ]
INFO: [ app_init ] --END-- [ RunTime:0.000000s ]
ERR: 无法加载模块:Public

[ 2018-11-09T12:52:44+08:00 ] ::1 /furniture/Public/goodsimg/2018-11-09/5be4df1d83ee6.jpg
INFO: [ app_init ] --START--
INFO: Run Behavior\BuildLiteBehavior [ RunTime:0.000000s ]
INFO: [ app_init ] --END-- [ RunTime:0.001000s ]
ERR: 无法加载模块:Public

[ 2018-11-09T12:52:44+08:00 ] ::1 /furniture/Public/goodsimg/2018-11-09/5be4e24a15448.jpg
INFO: [ app_init ] --START--
INFO: Run Behavior\BuildLiteBehavior [ RunTime:0.000000s ]
INFO: [ app_init ] --END-- [ RunTime:0.000000s ]
ERR: 无法加载模块:Public

[ 2018-11-09T12:52:44+08:00 ] ::1 /furniture/Public/goodsimg/2018-11-09/5be4e4bc1e40f.jpg
INFO: [ app_init ] --START--
INFO: Run Behavior\BuildLiteBehavior [ RunTime:0.000000s ]
INFO: [ app_init ] --END-- [ RunTime:0.001000s ]
ERR: 无法加载模块:Public

[ 2018-11-09T12:52:45+08:00 ] ::1 /furniture/Public/goodsimg/2018-11-09/5be4fd9423918.jpg
INFO: [ app_init ] --START--
INFO: Run Behavior\BuildLiteBehavior [ RunTime:0.000000s ]
INFO: [ app_init ] --END-- [ RunTime:0.001000s ]
ERR: 无法加载模块:Public

[ 2018-11-09T12:52:45+08:00 ] ::1 /furniture/Public/goodsimg/2018-11-09/5be4faf84c5c1.jpg
INFO: [ app_init ] --START--
INFO: Run Behavior\BuildLiteBehavior [ RunTime:0.000000s ]
INFO: [ app_init ] --END-- [ RunTime:0.000000s ]
ERR: 无法加载模块:Public

[ 2018-11-09T12:52:45+08:00 ] ::1 /furniture/Public/goodsimg/2018-11-09/5be4f8883383e.jpg
INFO: [ app_init ] --START--
INFO: Run Behavior\BuildLiteBehavior [ RunTime:0.000000s ]
INFO: [ app_init ] --END-- [ RunTime:0.000000s ]
ERR: 无法加载模块:Public

[ 2018-11-09T12:52:45+08:00 ] ::1 /furniture/Public/goodsimg/2018-11-09/5be4f6e5d9572.jpg
INFO: [ app_init ] --START--
INFO: Run Behavior\BuildLiteBehavior [ RunTime:0.000000s ]
INFO: [ app_init ] --END-- [ RunTime:0.001000s ]
ERR: 无法加载模块:Public

[ 2018-11-09T12:52:45+08:00 ] ::1 /furniture/Public/goodsimg/2018-11-09/5be4e24a15448.jpg
INFO: [ app_init ] --START--
INFO: Run Behavior\BuildLiteBehavior [ RunTime:0.000000s ]
INFO: [ app_init ] --END-- [ RunTime:0.002001s ]
ERR: 无法加载模块:Public

[ 2018-11-09T12:52:45+08:00 ] ::1 /furniture/Public/goodsimg/2018-11-09/5be4f41084f0d.jpg
INFO: [ app_init ] --START--
INFO: Run Behavior\BuildLiteBehavior [ RunTime:0.000000s ]
INFO: [ app_init ] --END-- [ RunTime:0.001000s ]
ERR: 无法加载模块:Public

[ 2018-11-09T12:52:45+08:00 ] ::1 /furniture/Public/goodsimg/2018-11-09/5be4df1d83ee6.jpg
INFO: [ app_init ] --START--
INFO: Run Behavior\BuildLiteBehavior [ RunTime:0.000000s ]
INFO: [ app_init ] --END-- [ RunTime:0.000000s ]
ERR: 无法加载模块:Public

[ 2018-11-09T12:52:45+08:00 ] ::1 /furniture/Public/goodsimg/2018-11-09/5be4e4bc1e40f.jpg
INFO: [ app_init ] --START--
INFO: Run Behavior\BuildLiteBehavior [ RunTime:0.000000s ]
INFO: [ app_init ] --END-- [ RunTime:0.001000s ]
ERR: 无法加载模块:Public

[ 2018-11-09T12:52:46+08:00 ] ::1 /furniture/Public/goodsimg/2018-11-09/5be4fd9423918.jpg
INFO: [ app_init ] --START--
INFO: Run Behavior\BuildLiteBehavior [ RunTime:0.000000s ]
INFO: [ app_init ] --END-- [ RunTime:0.001000s ]
ERR: 无法加载模块:Public

[ 2018-11-09T12:52:46+08:00 ] ::1 /furniture/Public/goodsimg/2018-11-09/5be4faf84c5c1.jpg
INFO: [ app_init ] --START--
INFO: Run Behavior\BuildLiteBehavior [ RunTime:0.000000s ]
INFO: [ app_init ] --END-- [ RunTime:0.000000s ]
ERR: 无法加载模块:Public

[ 2018-11-09T12:52:46+08:00 ] ::1 /furniture/Public/goodsimg/2018-11-09/5be4f41084f0d.jpg
INFO: [ app_init ] --START--
INFO: Run Behavior\BuildLiteBehavior [ RunTime:0.000000s ]
INFO: [ app_init ] --END-- [ RunTime:0.000000s ]
ERR: 无法加载模块:Public

[ 2018-11-09T12:52:46+08:00 ] ::1 /furniture/Public/goodsimg/2018-11-09/5be4e4bc1e40f.jpg
INFO: [ app_init ] --START--
INFO: Run Behavior\BuildLiteBehavior [ RunTime:0.000000s ]
INFO: [ app_init ] --END-- [ RunTime:0.001000s ]
ERR: 无法加载模块:Public

[ 2018-11-09T12:52:46+08:00 ] ::1 /furniture/Public/goodsimg/2018-11-09/5be4f8883383e.jpg
INFO: [ app_init ] --START--
INFO: Run Behavior\BuildLiteBehavior [ RunTime:0.000000s ]
INFO: [ app_init ] --END-- [ RunTime:0.001000s ]
ERR: 无法加载模块:Public

[ 2018-11-09T12:52:46+08:00 ] ::1 /furniture/Public/goodsimg/2018-11-09/5be4f6e5d9572.jpg
INFO: [ app_init ] --START--
INFO: Run Behavior\BuildLiteBehavior [ RunTime:0.000000s ]
INFO: [ app_init ] --END-- [ RunTime:0.000000s ]
ERR: 无法加载模块:Public

[ 2018-11-09T12:52:46+08:00 ] ::1 /furniture/Public/goodsimg/2018-11-09/5be4df1d83ee6.jpg
INFO: [ app_init ] --START--
INFO: Run Behavior\BuildLiteBehavior [ RunTime:0.000000s ]
INFO: [ app_init ] --END-- [ RunTime:0.001000s ]
ERR: 无法加载模块:Public

[ 2018-11-09T12:52:46+08:00 ] ::1 /furniture/Public/goodsimg/2018-11-09/5be4e24a15448.jpg
INFO: [ app_init ] --START--
INFO: Run Behavior\BuildLiteBehavior [ RunTime:0.000000s ]
INFO: [ app_init ] --END-- [ RunTime:0.004000s ]
ERR: 无法加载模块:Public

[ 2018-11-09T12:52:46+08:00 ] ::1 /furniture/Public/goodsimg/2018-11-09/5be4f6e5d9572.jpg
INFO: [ app_init ] --START--
INFO: Run Behavior\BuildLiteBehavior [ RunTime:0.000000s ]
INFO: [ app_init ] --END-- [ RunTime:0.000000s ]
ERR: 无法加载模块:Public

[ 2018-11-09T12:52:46+08:00 ] ::1 /furniture/Public/goodsimg/2018-11-09/5be4f41084f0d.jpg
INFO: [ app_init ] --START--
INFO: Run Behavior\BuildLiteBehavior [ RunTime:0.000000s ]
INFO: [ app_init ] --END-- [ RunTime:0.000000s ]
ERR: 无法加载模块:Public

[ 2018-11-09T12:52:46+08:00 ] ::1 /furniture/Public/goodsimg/2018-11-09/5be4fd9423918.jpg
INFO: [ app_init ] --START--
INFO: Run Behavior\BuildLiteBehavior [ RunTime:0.000000s ]
INFO: [ app_init ] --END-- [ RunTime:0.000000s ]
ERR: 无法加载模块:Public

[ 2018-11-09T12:52:46+08:00 ] ::1 /furniture/Public/goodsimg/2018-11-09/5be4f8883383e.jpg
INFO: [ app_init ] --START--
INFO: Run Behavior\BuildLiteBehavior [ RunTime:0.000000s ]
INFO: [ app_init ] --END-- [ RunTime:0.001000s ]
ERR: 无法加载模块:Public

[ 2018-11-09T12:52:46+08:00 ] ::1 /furniture/Public/goodsimg/2018-11-09/5be4e4bc1e40f.jpg
INFO: [ app_init ] --START--
INFO: Run Behavior\BuildLiteBehavior [ RunTime:0.001000s ]
INFO: [ app_init ] --END-- [ RunTime:0.001000s ]
ERR: 无法加载模块:Public

[ 2018-11-09T12:52:46+08:00 ] ::1 /furniture/Public/goodsimg/2018-11-09/5be4faf84c5c1.jpg
INFO: [ app_init ] --START--
INFO: Run Behavior\BuildLiteBehavior [ RunTime:0.000000s ]
INFO: [ app_init ] --END-- [ RunTime:0.007001s ]
ERR: 无法加载模块:Public

[ 2018-11-09T12:52:46+08:00 ] ::1 /furniture/Public/goodsimg/2018-11-09/5be4df1d83ee6.jpg
INFO: [ app_init ] --START--
INFO: Run Behavior\BuildLiteBehavior [ RunTime:0.000000s ]
INFO: [ app_init ] --END-- [ RunTime:0.000000s ]
ERR: 无法加载模块:Public

[ 2018-11-09T12:52:46+08:00 ] ::1 /furniture/Public/goodsimg/2018-11-09/5be4e24a15448.jpg
INFO: [ app_init ] --START--
INFO: Run Behavior\BuildLiteBehavior [ RunTime:0.000000s ]
INFO: [ app_init ] --END-- [ RunTime:0.001000s ]
ERR: 无法加载模块:Public

[ 2018-11-09T12:52:47+08:00 ] ::1 /furniture/Public/goodsimg/2018-11-09/5be4fd9423918.jpg
INFO: [ app_init ] --START--
INFO: Run Behavior\BuildLiteBehavior [ RunTime:0.000000s ]
INFO: [ app_init ] --END-- [ RunTime:0.001000s ]
ERR: 无法加载模块:Public

[ 2018-11-09T12:52:47+08:00 ] ::1 /furniture/Public/goodsimg/2018-11-09/5be4faf84c5c1.jpg
INFO: [ app_init ] --START--
INFO: Run Behavior\BuildLiteBehavior [ RunTime:0.000000s ]
INFO: [ app_init ] --END-- [ RunTime:0.002000s ]
ERR: 无法加载模块:Public

[ 2018-11-09T12:52:47+08:00 ] ::1 /furniture/Public/goodsimg/2018-11-09/5be4f8883383e.jpg
INFO: [ app_init ] --START--
INFO: Run Behavior\BuildLiteBehavior [ RunTime:0.000000s ]
INFO: [ app_init ] --END-- [ RunTime:0.001000s ]
ERR: 无法加载模块:Public

[ 2018-11-09T12:52:47+08:00 ] ::1 /furniture/Public/goodsimg/2018-11-09/5be4f41084f0d.jpg
INFO: [ app_init ] --START--
INFO: Run Behavior\BuildLiteBehavior [ RunTime:0.000000s ]
INFO: [ app_init ] --END-- [ RunTime:0.000000s ]
ERR: 无法加载模块:Public

[ 2018-11-09T12:52:47+08:00 ] ::1 /furniture/Public/goodsimg/2018-11-09/5be4e4bc1e40f.jpg
INFO: [ app_init ] --START--
INFO: Run Behavior\BuildLiteBehavior [ RunTime:0.001000s ]
INFO: [ app_init ] --END-- [ RunTime:0.001000s ]
ERR: 无法加载模块:Public

[ 2018-11-09T12:52:47+08:00 ] ::1 /furniture/Public/goodsimg/2018-11-09/5be4f6e5d9572.jpg
INFO: [ app_init ] --START--
INFO: Run Behavior\BuildLiteBehavior [ RunTime:0.000000s ]
INFO: [ app_init ] --END-- [ RunTime:0.000000s ]
ERR: 无法加载模块:Public

[ 2018-11-09T12:52:47+08:00 ] ::1 /furniture/Public/goodsimg/2018-11-09/5be4e24a15448.jpg
INFO: [ app_init ] --START--
INFO: Run Behavior\BuildLiteBehavior [ RunTime:0.000000s ]
INFO: [ app_init ] --END-- [ RunTime:0.001000s ]
ERR: 无法加载模块:Public

[ 2018-11-09T12:52:47+08:00 ] ::1 /furniture/Public/goodsimg/2018-11-09/5be4df1d83ee6.jpg
INFO: [ app_init ] --START--
INFO: Run Behavior\BuildLiteBehavior [ RunTime:0.000000s ]
INFO: [ app_init ] --END-- [ RunTime:0.000000s ]
ERR: 无法加载模块:Public

[ 2018-11-09T12:52:47+08:00 ] ::1 /furniture/Public/goodsimg/2018-11-09/5be4fd9423918.jpg
INFO: [ app_init ] --START--
INFO: Run Behavior\BuildLiteBehavior [ RunTime:0.000000s ]
INFO: [ app_init ] --END-- [ RunTime:0.000000s ]
ERR: 无法加载模块:Public

[ 2018-11-09T12:52:47+08:00 ] ::1 /furniture/Public/goodsimg/2018-11-09/5be4faf84c5c1.jpg
INFO: [ app_init ] --START--
INFO: Run Behavior\BuildLiteBehavior [ RunTime:0.000000s ]
INFO: [ app_init ] --END-- [ RunTime:0.000000s ]
ERR: 无法加载模块:Public

[ 2018-11-09T12:52:47+08:00 ] ::1 /furniture/Public/goodsimg/2018-11-09/5be4f8883383e.jpg
INFO: [ app_init ] --START--
INFO: Run Behavior\BuildLiteBehavior [ RunTime:0.000000s ]
INFO: [ app_init ] --END-- [ RunTime:0.000000s ]
ERR: 无法加载模块:Public

[ 2018-11-09T12:52:47+08:00 ] ::1 /furniture/Public/goodsimg/2018-11-09/5be4f6e5d9572.jpg
INFO: [ app_init ] --START--
INFO: Run Behavior\BuildLiteBehavior [ RunTime:0.000000s ]
INFO: [ app_init ] --END-- [ RunTime:0.000000s ]
ERR: 无法加载模块:Public

[ 2018-11-09T12:52:47+08:00 ] ::1 /furniture/Public/goodsimg/2018-11-09/5be4e4bc1e40f.jpg
INFO: [ app_init ] --START--
INFO: Run Behavior\BuildLiteBehavior [ RunTime:0.000000s ]
INFO: [ app_init ] --END-- [ RunTime:0.001000s ]
ERR: 无法加载模块:Public

[ 2018-11-09T12:52:47+08:00 ] ::1 /furniture/Public/goodsimg/2018-11-09/5be4f41084f0d.jpg
INFO: [ app_init ] --START--
INFO: Run Behavior\BuildLiteBehavior [ RunTime:0.000000s ]
INFO: [ app_init ] --END-- [ RunTime:0.000000s ]
ERR: 无法加载模块:Public

[ 2018-11-09T12:52:47+08:00 ] ::1 /furniture/Public/goodsimg/2018-11-09/5be4e24a15448.jpg
INFO: [ app_init ] --START--
INFO: Run Behavior\BuildLiteBehavior [ RunTime:0.000000s ]
INFO: [ app_init ] --END-- [ RunTime:0.000000s ]
ERR: 无法加载模块:Public

[ 2018-11-09T12:52:47+08:00 ] ::1 /furniture/Public/goodsimg/2018-11-09/5be4df1d83ee6.jpg
INFO: [ app_init ] --START--
INFO: Run Behavior\BuildLiteBehavior [ RunTime:0.000000s ]
INFO: [ app_init ] --END-- [ RunTime:0.001000s ]
ERR: 无法加载模块:Public

[ 2018-11-09T12:52:47+08:00 ] ::1 /furniture/Public/goodsimg/2018-11-09/5be4faf84c5c1.jpg
INFO: [ app_init ] --START--
INFO: Run Behavior\BuildLiteBehavior [ RunTime:0.000000s ]
INFO: [ app_init ] --END-- [ RunTime:0.000000s ]
ERR: 无法加载模块:Public

[ 2018-11-09T12:52:47+08:00 ] ::1 /furniture/Public/goodsimg/2018-11-09/5be4fd9423918.jpg
INFO: [ app_init ] --START--
INFO: Run Behavior\BuildLiteBehavior [ RunTime:0.000000s ]
INFO: [ app_init ] --END-- [ RunTime:0.001000s ]
ERR: 无法加载模块:Public

[ 2018-11-09T12:52:47+08:00 ] ::1 /furniture/Public/goodsimg/2018-11-09/5be4f6e5d9572.jpg
INFO: [ app_init ] --START--
INFO: Run Behavior\BuildLiteBehavior [ RunTime:0.000000s ]
INFO: [ app_init ] --END-- [ RunTime:0.000000s ]
ERR: 无法加载模块:Public

[ 2018-11-09T12:52:47+08:00 ] ::1 /furniture/Public/goodsimg/2018-11-09/5be4f8883383e.jpg
INFO: [ app_init ] --START--
INFO: Run Behavior\BuildLiteBehavior [ RunTime:0.000000s ]
INFO: [ app_init ] --END-- [ RunTime:0.000000s ]
ERR: 无法加载模块:Public

[ 2018-11-09T12:52:47+08:00 ] ::1 /furniture/Public/goodsimg/2018-11-09/5be4f41084f0d.jpg
INFO: [ app_init ] --START--
INFO: Run Behavior\BuildLiteBehavior [ RunTime:0.000000s ]
INFO: [ app_init ] --END-- [ RunTime:0.000000s ]
ERR: 无法加载模块:Public

[ 2018-11-09T12:52:47+08:00 ] ::1 /furniture/Public/goodsimg/2018-11-09/5be4e24a15448.jpg
INFO: [ app_init ] --START--
INFO: Run Behavior\BuildLiteBehavior [ RunTime:0.000000s ]
INFO: [ app_init ] --END-- [ RunTime:0.000000s ]
ERR: 无法加载模块:Public

[ 2018-11-09T12:52:47+08:00 ] ::1 /furniture/Public/goodsimg/2018-11-09/5be4e4bc1e40f.jpg
INFO: [ app_init ] --START--
INFO: Run Behavior\BuildLiteBehavior [ RunTime:0.000000s ]
INFO: [ app_init ] --END-- [ RunTime:0.000000s ]
ERR: 无法加载模块:Public

[ 2018-11-09T12:52:47+08:00 ] ::1 /furniture/Public/goodsimg/2018-11-09/5be4df1d83ee6.jpg
INFO: [ app_init ] --START--
INFO: Run Behavior\BuildLiteBehavior [ RunTime:0.000000s ]
INFO: [ app_init ] --END-- [ RunTime:0.000000s ]
ERR: 无法加载模块:Public

[ 2018-11-09T12:52:47+08:00 ] ::1 /furniture/Public/goodsimg/2018-11-09/5be4faf84c5c1.jpg
INFO: [ app_init ] --START--
INFO: Run Behavior\BuildLiteBehavior [ RunTime:0.000000s ]
INFO: [ app_init ] --END-- [ RunTime:0.000000s ]
ERR: 无法加载模块:Public

[ 2018-11-09T12:52:47+08:00 ] ::1 /furniture/Public/goodsimg/2018-11-09/5be4fd9423918.jpg
INFO: [ app_init ] --START--
INFO: Run Behavior\BuildLiteBehavior [ RunTime:0.000000s ]
INFO: [ app_init ] --END-- [ RunTime:0.000000s ]
ERR: 无法加载模块:Public

[ 2018-11-09T12:52:48+08:00 ] ::1 /furniture/Public/goodsimg/2018-11-09/5be4e4bc1e40f.jpg
INFO: [ app_init ] --START--
INFO: Run Behavior\BuildLiteBehavior [ RunTime:0.000000s ]
INFO: [ app_init ] --END-- [ RunTime:0.001000s ]
ERR: 无法加载模块:Public

[ 2018-11-09T12:52:48+08:00 ] ::1 /furniture/Public/goodsimg/2018-11-09/5be4f6e5d9572.jpg
INFO: [ app_init ] --START--
INFO: Run Behavior\BuildLiteBehavior [ RunTime:0.000000s ]
INFO: [ app_init ] --END-- [ RunTime:0.001000s ]
ERR: 无法加载模块:Public

[ 2018-11-09T12:52:48+08:00 ] ::1 /furniture/Public/goodsimg/2018-11-09/5be4f41084f0d.jpg
INFO: [ app_init ] --START--
INFO: Run Behavior\BuildLiteBehavior [ RunTime:0.000000s ]
INFO: [ app_init ] --END-- [ RunTime:0.001000s ]
ERR: 无法加载模块:Public

[ 2018-11-09T12:52:48+08:00 ] ::1 /furniture/Public/goodsimg/2018-11-09/5be4e24a15448.jpg
INFO: [ app_init ] --START--
INFO: Run Behavior\BuildLiteBehavior [ RunTime:0.000000s ]
INFO: [ app_init ] --END-- [ RunTime:0.001000s ]
ERR: 无法加载模块:Public

[ 2018-11-09T12:52:48+08:00 ] ::1 /furniture/Public/goodsimg/2018-11-09/5be4df1d83ee6.jpg
INFO: [ app_init ] --START--
INFO: Run Behavior\BuildLiteBehavior [ RunTime:0.000000s ]
INFO: [ app_init ] --END-- [ RunTime:0.000000s ]
ERR: 无法加载模块:Public

[ 2018-11-09T12:52:48+08:00 ] ::1 /furniture/Public/goodsimg/2018-11-09/5be4faf84c5c1.jpg
INFO: [ app_init ] --START--
INFO: Run Behavior\BuildLiteBehavior [ RunTime:0.000000s ]
INFO: [ app_init ] --END-- [ RunTime:0.000000s ]
ERR: 无法加载模块:Public

[ 2018-11-09T12:52:48+08:00 ] ::1 /furniture/Public/goodsimg/2018-11-09/5be4fd9423918.jpg
INFO: [ app_init ] --START--
INFO: Run Behavior\BuildLiteBehavior [ RunTime:0.000000s ]
INFO: [ app_init ] --END-- [ RunTime:0.001000s ]
ERR: 无法加载模块:Public

[ 2018-11-09T12:52:48+08:00 ] ::1 /furniture/Public/goodsimg/2018-11-09/5be4f6e5d9572.jpg
INFO: [ app_init ] --START--
INFO: Run Behavior\BuildLiteBehavior [ RunTime:0.000000s ]
INFO: [ app_init ] --END-- [ RunTime:0.001001s ]
ERR: 无法加载模块:Public

[ 2018-11-09T12:52:48+08:00 ] ::1 /furniture/Public/goodsimg/2018-11-09/5be4f8883383e.jpg
INFO: [ app_init ] --START--
INFO: Run Behavior\BuildLiteBehavior [ RunTime:0.000000s ]
INFO: [ app_init ] --END-- [ RunTime:0.001001s ]
ERR: 无法加载模块:Public

[ 2018-11-09T12:52:48+08:00 ] ::1 /furniture/Public/goodsimg/2018-11-09/5be4e4bc1e40f.jpg
INFO: [ app_init ] --START--
INFO: Run Behavior\BuildLiteBehavior [ RunTime:0.000000s ]
INFO: [ app_init ] --END-- [ RunTime:0.000000s ]
ERR: 无法加载模块:Public

[ 2018-11-09T12:52:48+08:00 ] ::1 /furniture/Public/goodsimg/2018-11-09/5be4df1d83ee6.jpg
INFO: [ app_init ] --START--
INFO: Run Behavior\BuildLiteBehavior [ RunTime:0.001000s ]
INFO: [ app_init ] --END-- [ RunTime:0.001000s ]
ERR: 无法加载模块:Public

[ 2018-11-09T12:52:48+08:00 ] ::1 /furniture/Public/goodsimg/2018-11-09/5be4e24a15448.jpg
INFO: [ app_init ] --START--
INFO: Run Behavior\BuildLiteBehavior [ RunTime:0.000000s ]
INFO: [ app_init ] --END-- [ RunTime:0.001000s ]
ERR: 无法加载模块:Public

[ 2018-11-09T12:52:48+08:00 ] ::1 /furniture/Public/goodsimg/2018-11-09/5be4faf84c5c1.jpg
INFO: [ app_init ] --START--
INFO: Run Behavior\BuildLiteBehavior [ RunTime:0.000000s ]
INFO: [ app_init ] --END-- [ RunTime:0.000000s ]
ERR: 无法加载模块:Public

[ 2018-11-09T12:52:48+08:00 ] ::1 /furniture/Public/goodsimg/2018-11-09/5be4f8883383e.jpg
INFO: [ app_init ] --START--
INFO: Run Behavior\BuildLiteBehavior [ RunTime:0.000000s ]
INFO: [ app_init ] --END-- [ RunTime:0.000000s ]
ERR: 无法加载模块:Public

[ 2018-11-09T12:52:48+08:00 ] ::1 /furniture/Public/goodsimg/2018-11-09/5be4f6e5d9572.jpg
INFO: [ app_init ] --START--
INFO: Run Behavior\BuildLiteBehavior [ RunTime:0.000000s ]
INFO: [ app_init ] --END-- [ RunTime:0.000000s ]
ERR: 无法加载模块:Public

[ 2018-11-09T12:52:48+08:00 ] ::1 /furniture/Public/goodsimg/2018-11-09/5be4fd9423918.jpg
INFO: [ app_init ] --START--
INFO: Run Behavior\BuildLiteBehavior [ RunTime:0.000000s ]
INFO: [ app_init ] --END-- [ RunTime:0.001000s ]
ERR: 无法加载模块:Public

[ 2018-11-09T12:52:48+08:00 ] ::1 /furniture/Public/goodsimg/2018-11-09/5be4df1d83ee6.jpg
INFO: [ app_init ] --START--
INFO: Run Behavior\BuildLiteBehavior [ RunTime:0.000000s ]
INFO: [ app_init ] --END-- [ RunTime:0.001000s ]
ERR: 无法加载模块:Public

[ 2018-11-09T12:52:48+08:00 ] ::1 /furniture/Public/goodsimg/2018-11-09/5be4f41084f0d.jpg
INFO: [ app_init ] --START--
INFO: Run Behavior\BuildLiteBehavior [ RunTime:0.000000s ]
INFO: [ app_init ] --END-- [ RunTime:0.003001s ]
ERR: 无法加载模块:Public

[ 2018-11-09T12:52:48+08:00 ] ::1 /furniture/Public/goodsimg/2018-11-09/5be4e24a15448.jpg
INFO: [ app_init ] --START--
INFO: Run Behavior\BuildLiteBehavior [ RunTime:0.000000s ]
INFO: [ app_init ] --END-- [ RunTime:0.001000s ]
ERR: 无法加载模块:Public

[ 2018-11-09T12:52:48+08:00 ] ::1 /furniture/Public/goodsimg/2018-11-09/5be4e4bc1e40f.jpg
INFO: [ app_init ] --START--
INFO: Run Behavior\BuildLiteBehavior [ RunTime:0.000000s ]
INFO: [ app_init ] --END-- [ RunTime:0.002000s ]
ERR: 无法加载模块:Public

[ 2018-11-09T12:52:48+08:00 ] ::1 /furniture/Public/goodsimg/2018-11-09/5be4faf84c5c1.jpg
INFO: [ app_init ] --START--
INFO: Run Behavior\BuildLiteBehavior [ RunTime:0.000000s ]
INFO: [ app_init ] --END-- [ RunTime:0.000000s ]
ERR: 无法加载模块:Public

[ 2018-11-09T12:52:48+08:00 ] ::1 /furniture/Public/goodsimg/2018-11-09/5be4fd9423918.jpg
INFO: [ app_init ] --START--
INFO: Run Behavior\BuildLiteBehavior [ RunTime:0.000000s ]
INFO: [ app_init ] --END-- [ RunTime:0.000000s ]
ERR: 无法加载模块:Public

[ 2018-11-09T12:52:48+08:00 ] ::1 /furniture/Public/goodsimg/2018-11-09/5be4e4bc1e40f.jpg
INFO: [ app_init ] --START--
INFO: Run Behavior\BuildLiteBehavior [ RunTime:0.000000s ]
INFO: [ app_init ] --END-- [ RunTime:0.000000s ]
ERR: 无法加载模块:Public

[ 2018-11-09T12:52:48+08:00 ] ::1 /furniture/Public/goodsimg/2018-11-09/5be4f6e5d9572.jpg
INFO: [ app_init ] --START--
INFO: Run Behavior\BuildLiteBehavior [ RunTime:0.000000s ]
INFO: [ app_init ] --END-- [ RunTime:0.000000s ]
ERR: 无法加载模块:Public

[ 2018-11-09T12:52:48+08:00 ] ::1 /furniture/Public/goodsimg/2018-11-09/5be4f8883383e.jpg
INFO: [ app_init ] --START--
INFO: Run Behavior\BuildLiteBehavior [ RunTime:0.000000s ]
INFO: [ app_init ] --END-- [ RunTime:0.001000s ]
ERR: 无法加载模块:Public

[ 2018-11-09T12:52:48+08:00 ] ::1 /furniture/Public/goodsimg/2018-11-09/5be4df1d83ee6.jpg
INFO: [ app_init ] --START--
INFO: Run Behavior\BuildLiteBehavior [ RunTime:0.000000s ]
INFO: [ app_init ] --END-- [ RunTime:0.000000s ]
ERR: 无法加载模块:Public

[ 2018-11-09T12:52:48+08:00 ] ::1 /furniture/Public/goodsimg/2018-11-09/5be4e24a15448.jpg
INFO: [ app_init ] --START--
INFO: Run Behavior\BuildLiteBehavior [ RunTime:0.000000s ]
INFO: [ app_init ] --END-- [ RunTime:0.000000s ]
ERR: 无法加载模块:Public

[ 2018-11-09T12:53:29+08:00 ] ::1 /furniture/Public/goodsimg/2018-11-09/5be4faf84c5c1.jpg
INFO: [ app_init ] --START--
INFO: Run Behavior\BuildLiteBehavior [ RunTime:0.000000s ]
INFO: [ app_init ] --END-- [ RunTime:0.001000s ]
ERR: 无法加载模块:Public

[ 2018-11-09T12:53:29+08:00 ] ::1 /furniture/Public/goodsimg/2018-11-09/5be4fd9423918.jpg
INFO: [ app_init ] --START--
INFO: Run Behavior\BuildLiteBehavior [ RunTime:0.000000s ]
INFO: [ app_init ] --END-- [ RunTime:0.001000s ]
ERR: 无法加载模块:Public

[ 2018-11-09T12:53:29+08:00 ] ::1 /furniture/Public/goodsimg/2018-11-09/5be4f6e5d9572.jpg
INFO: [ app_init ] --START--
INFO: Run Behavior\BuildLiteBehavior [ RunTime:0.000000s ]
INFO: [ app_init ] --END-- [ RunTime:0.000000s ]
ERR: 无法加载模块:Public

[ 2018-11-09T12:53:29+08:00 ] ::1 /furniture/Public/goodsimg/2018-11-09/5be4f8883383e.jpg
INFO: [ app_init ] --START--
INFO: Run Behavior\BuildLiteBehavior [ RunTime:0.000000s ]
INFO: [ app_init ] --END-- [ RunTime:0.001000s ]
ERR: 无法加载模块:Public

[ 2018-11-09T12:53:29+08:00 ] ::1 /furniture/Public/goodsimg/2018-11-09/5be4f41084f0d.jpg
INFO: [ app_init ] --START--
INFO: Run Behavior\BuildLiteBehavior [ RunTime:0.000000s ]
INFO: [ app_init ] --END-- [ RunTime:0.001000s ]
ERR: 无法加载模块:Public

[ 2018-11-09T12:53:29+08:00 ] ::1 /furniture/Public/goodsimg/2018-11-09/5be4e4bc1e40f.jpg
INFO: [ app_init ] --START--
INFO: Run Behavior\BuildLiteBehavior [ RunTime:0.000000s ]
INFO: [ app_init ] --END-- [ RunTime:0.000000s ]
ERR: 无法加载模块:Public

[ 2018-11-09T12:53:29+08:00 ] ::1 /furniture/Public/goodsimg/2018-11-09/5be4e24a15448.jpg
INFO: [ app_init ] --START--
INFO: Run Behavior\BuildLiteBehavior [ RunTime:0.000000s ]
INFO: [ app_init ] --END-- [ RunTime:0.001000s ]
ERR: 无法加载模块:Public

[ 2018-11-09T12:53:29+08:00 ] ::1 /furniture/Public/goodsimg/2018-11-09/5be4df1d83ee6.jpg
INFO: [ app_init ] --START--
INFO: Run Behavior\BuildLiteBehavior [ RunTime:0.000000s ]
INFO: [ app_init ] --END-- [ RunTime:0.000000s ]
ERR: 无法加载模块:Public

[ 2018-11-09T15:25:45+08:00 ] ::1 /furniture/Public/goods_detail_img/2018-11-09/5be53679c9e50.png
INFO: [ app_init ] --START--
INFO: Run Behavior\BuildLiteBehavior [ RunTime:0.000000s ]
INFO: [ app_init ] --END-- [ RunTime:0.000000s ]
ERR: 无法加载模块:Public

[ 2018-11-09T16:31:57+08:00 ] ::1 /furniture/Public/upload-newsimg/2018-11-09/2018-11-09/5be5436133699.png
INFO: [ app_init ] --START--
INFO: Run Behavior\BuildLiteBehavior [ RunTime:0.000000s ]
INFO: [ app_init ] --END-- [ RunTime:0.001000s ]
ERR: 无法加载模块:Public

[ 2018-11-09T16:31:57+08:00 ] ::1 /furniture/Public/upload-newsimg/2018-11-09/2018-11-09/5be5438a5a78b.png
INFO: [ app_init ] --START--
INFO: Run Behavior\BuildLiteBehavior [ RunTime:0.000000s ]
INFO: [ app_init ] --END-- [ RunTime:0.000000s ]
ERR: 无法加载模块:Public

[ 2018-11-09T16:31:57+08:00 ] ::1 /furniture/Public/upload-newsimg/2018-11-09/2018-11-09/5be543b1975c7.png
INFO: [ app_init ] --START--
INFO: Run Behavior\BuildLiteBehavior [ RunTime:0.000000s ]
INFO: [ app_init ] --END-- [ RunTime:0.002000s ]
ERR: 无法加载模块:Public

[ 2018-11-09T16:31:57+08:00 ] ::1 /furniture/Public/upload-newsimg/2018-11-09/2018-11-09/5be543ccba11c.png
INFO: [ app_init ] --START--
INFO: Run Behavior\BuildLiteBehavior [ RunTime:0.000000s ]
INFO: [ app_init ] --END-- [ RunTime:0.002000s ]
ERR: 无法加载模块:Public

