[ 2018-11-07T10:19:27+08:00 ] ::1 /furniture/Public/goodsimg/2018-11-06/5be1902b40579.jpg
INFO: [ app_init ] --START--
INFO: Run Behavior\BuildLiteBehavior [ RunTime:0.000000s ]
INFO: [ app_init ] --END-- [ RunTime:0.001000s ]
ERR: 无法加载模块:Public

[ 2018-11-07T10:19:30+08:00 ] ::1 /furniture/Public/goodsimg/2018-11-06/5be1902b40579.jpg
INFO: [ app_init ] --START--
INFO: Run Behavior\BuildLiteBehavior [ RunTime:0.000000s ]
INFO: [ app_init ] --END-- [ RunTime:0.001000s ]
ERR: 无法加载模块:Public

[ 2018-11-07T10:19:32+08:00 ] ::1 /furniture/Public/goodsimg/2018-11-06/5be1902b40579.jpg
INFO: [ app_init ] --START--
INFO: Run Behavior\BuildLiteBehavior [ RunTime:0.000000s ]
INFO: [ app_init ] --END-- [ RunTime:0.000000s ]
ERR: 无法加载模块:Public

[ 2018-11-07T10:19:37+08:00 ] ::1 /furniture/Public/goodsimg/2018-11-06/5be1902b40579.jpg
INFO: [ app_init ] --START--
INFO: Run Behavior\BuildLiteBehavior [ RunTime:0.000000s ]
INFO: [ app_init ] --END-- [ RunTime:0.000000s ]
ERR: 无法加载模块:Public

[ 2018-11-07T10:19:45+08:00 ] ::1 /furniture/Public/goodsimg/2018-11-06/5be1902b40579.jpg
INFO: [ app_init ] --START--
INFO: Run Behavior\BuildLiteBehavior [ RunTime:0.000000s ]
INFO: [ app_init ] --END-- [ RunTime:0.000000s ]
ERR: 无法加载模块:Public

[ 2018-11-07T16:52:52+08:00 ] ::1 /furniture/Public/goodsimg/2018-11-07/5be299650408d.jpg
INFO: [ app_init ] --START--
INFO: Run Behavior\BuildLiteBehavior [ RunTime:0.000000s ]
INFO: [ app_init ] --END-- [ RunTime:0.000000s ]
ERR: 无法加载模块:Public

[ 2018-11-07T16:52:56+08:00 ] ::1 /furniture/Public/goodsimg/2018-11-07/5be299650408d.jpg
INFO: [ app_init ] --START--
INFO: Run Behavior\BuildLiteBehavior [ RunTime:0.000000s ]
INFO: [ app_init ] --END-- [ RunTime:0.000000s ]
ERR: 无法加载模块:Public

[ 2018-11-07T17:01:18+08:00 ] ::1 /furniture/Public/goodsimg/2018-11-07/5be299650408d.jpg
INFO: [ app_init ] --START--
INFO: Run Behavior\BuildLiteBehavior [ RunTime:0.000000s ]
INFO: [ app_init ] --END-- [ RunTime:0.000000s ]
ERR: 无法加载模块:Public

[ 2018-11-07T17:01:26+08:00 ] ::1 /furniture/Public/goodsimg/2018-11-07/5be299650408d.jpg
INFO: [ app_init ] --START--
INFO: Run Behavior\BuildLiteBehavior [ RunTime:0.000000s ]
INFO: [ app_init ] --END-- [ RunTime:0.001001s ]
ERR: 无法加载模块:Public

[ 2018-11-07T17:23:47+08:00 ] ::1 /furniture/Public/goodsimg/2018-11-07/5be299650408d.jpg
INFO: [ app_init ] --START--
INFO: Run Behavior\BuildLiteBehavior [ RunTime:0.000000s ]
INFO: [ app_init ] --END-- [ RunTime:0.000000s ]
ERR: 无法加载模块:Public

[ 2018-11-07T17:23:54+08:00 ] ::1 /furniture/Public/goodsimg/2018-11-07/5be299650408d.jpg
INFO: [ app_init ] --START--
INFO: Run Behavior\BuildLiteBehavior [ RunTime:0.000000s ]
INFO: [ app_init ] --END-- [ RunTime:0.000000s ]
ERR: 无法加载模块:Public

[ 2018-11-07T17:23:55+08:00 ] ::1 /furniture/Public/goodsimg/2018-11-07/5be299650408d.jpg
INFO: [ app_init ] --START--
INFO: Run Behavior\BuildLiteBehavior [ RunTime:0.000000s ]
INFO: [ app_init ] --END-- [ RunTime:0.001000s ]
ERR: 无法加载模块:Public

[ 2018-11-07T19:57:05+08:00 ] ::1 /furniture/Public/goodsimg/2018-11-07/5be2d385cbe4d.jpg
INFO: [ app_init ] --START--
INFO: Run Behavior\BuildLiteBehavior [ RunTime:0.000000s ]
INFO: [ app_init ] --END-- [ RunTime:0.000000s ]
ERR: 无法加载模块:Public

[ 2018-11-07T19:57:06+08:00 ] ::1 /furniture/Public/goodsimg/2018-11-07/5be2d385cbe4d.jpg
INFO: [ app_init ] --START--
INFO: Run Behavior\BuildLiteBehavior [ RunTime:0.000000s ]
INFO: [ app_init ] --END-- [ RunTime:0.000000s ]
ERR: 无法加载模块:Public

[ 2018-11-07T20:01:06+08:00 ] ::1 /furniture/Public/goodsimg/2018-11-07/5be2d385cbe4d.jpg
INFO: [ app_init ] --START--
INFO: Run Behavior\BuildLiteBehavior [ RunTime:0.000000s ]
INFO: [ app_init ] --END-- [ RunTime:0.001000s ]
ERR: 无法加载模块:Public

[ 2018-11-07T20:02:26+08:00 ] ::1 /furniture/Public/goodsimg/2018-11-07/5be2d385cbe4d.jpg
INFO: [ app_init ] --START--
INFO: Run Behavior\BuildLiteBehavior [ RunTime:0.000000s ]
INFO: [ app_init ] --END-- [ RunTime:0.000000s ]
ERR: 无法加载模块:Public

[ 2018-11-07T20:03:19+08:00 ] ::1 /furniture/Public/goodsimg/2018-11-07/5be2d385cbe4d.jpg
INFO: [ app_init ] --START--
INFO: Run Behavior\BuildLiteBehavior [ RunTime:0.000000s ]
INFO: [ app_init ] --END-- [ RunTime:0.000000s ]
ERR: 无法加载模块:Public

[ 2018-11-07T20:03:20+08:00 ] ::1 /furniture/Public/goodsimg/2018-11-07/5be2d385cbe4d.jpg
INFO: [ app_init ] --START--
INFO: Run Behavior\BuildLiteBehavior [ RunTime:0.000000s ]
INFO: [ app_init ] --END-- [ RunTime:0.000000s ]
ERR: 无法加载模块:Public

[ 2018-11-07T20:03:27+08:00 ] ::1 /furniture/Public/goodsimg/2018-11-07/5be2d385cbe4d.jpg
INFO: [ app_init ] --START--
INFO: Run Behavior\BuildLiteBehavior [ RunTime:0.000000s ]
INFO: [ app_init ] --END-- [ RunTime:0.000000s ]
ERR: 无法加载模块:Public

[ 2018-11-07T20:03:56+08:00 ] ::1 /furniture/Public/goodsimg/2018-11-07/5be2d385cbe4d.jpg
INFO: [ app_init ] --START--
INFO: Run Behavior\BuildLiteBehavior [ RunTime:0.000000s ]
INFO: [ app_init ] --END-- [ RunTime:0.001000s ]
ERR: 无法加载模块:Public

[ 2018-11-07T20:03:56+08:00 ] ::1 /furniture/Public/goodsimg/2018-11-07/5be2d385cbe4d.jpg
INFO: [ app_init ] --START--
INFO: Run Behavior\BuildLiteBehavior [ RunTime:0.000000s ]
INFO: [ app_init ] --END-- [ RunTime:0.000000s ]
ERR: 无法加载模块:Public

[ 2018-11-07T20:05:55+08:00 ] ::1 /furniture/Public/goodsimg/2018-11-07/5be2d385cbe4d.jpg
INFO: [ app_init ] --START--
INFO: Run Behavior\BuildLiteBehavior [ RunTime:0.000000s ]
INFO: [ app_init ] --END-- [ RunTime:0.000000s ]
ERR: 无法加载模块:Public

[ 2018-11-07T20:05:57+08:00 ] ::1 /furniture/Public/goodsimg/2018-11-07/5be2d385cbe4d.jpg
INFO: [ app_init ] --START--
INFO: Run Behavior\BuildLiteBehavior [ RunTime:0.000000s ]
INFO: [ app_init ] --END-- [ RunTime:0.000000s ]
ERR: 无法加载模块:Public

[ 2018-11-07T20:06:39+08:00 ] ::1 /furniture/Public/goodsimg/2018-11-07/5be2d385cbe4d.jpg
INFO: [ app_init ] --START--
INFO: Run Behavior\BuildLiteBehavior [ RunTime:0.000000s ]
INFO: [ app_init ] --END-- [ RunTime:0.000000s ]
ERR: 无法加载模块:Public

[ 2018-11-07T20:06:48+08:00 ] ::1 /furniture/Public/goodsimg/2018-11-07/5be2d522c8622.jpg
INFO: [ app_init ] --START--
INFO: Run Behavior\BuildLiteBehavior [ RunTime:0.000000s ]
INFO: [ app_init ] --END-- [ RunTime:0.001000s ]
ERR: 无法加载模块:Public

[ 2018-11-07T20:06:48+08:00 ] ::1 /furniture/Public/goodsimg/2018-11-07/5be2d5135feb8.jpg
INFO: [ app_init ] --START--
INFO: Run Behavior\BuildLiteBehavior [ RunTime:0.000000s ]
INFO: [ app_init ] --END-- [ RunTime:0.000000s ]
ERR: 无法加载模块:Public

[ 2018-11-07T20:06:52+08:00 ] ::1 /furniture/Public/goodsimg/2018-11-07/5be2d522c8622.jpg
INFO: [ app_init ] --START--
INFO: Run Behavior\BuildLiteBehavior [ RunTime:0.000000s ]
INFO: [ app_init ] --END-- [ RunTime:0.000000s ]
ERR: 无法加载模块:Public

[ 2018-11-07T20:06:52+08:00 ] ::1 /furniture/Public/goodsimg/2018-11-07/5be2d5135feb8.jpg
INFO: [ app_init ] --START--
INFO: Run Behavior\BuildLiteBehavior [ RunTime:0.000000s ]
INFO: [ app_init ] --END-- [ RunTime:0.001000s ]
ERR: 无法加载模块:Public

[ 2018-11-07T20:06:58+08:00 ] ::1 /furniture/Public/goodsimg/2018-11-07/5be2d385cbe4d.jpg
INFO: [ app_init ] --START--
INFO: Run Behavior\BuildLiteBehavior [ RunTime:0.000000s ]
INFO: [ app_init ] --END-- [ RunTime:0.001000s ]
ERR: 无法加载模块:Public

[ 2018-11-07T20:07:00+08:00 ] ::1 /furniture/Public/goodsimg/2018-11-07/5be2d385cbe4d.jpg
INFO: [ app_init ] --START--
INFO: Run Behavior\BuildLiteBehavior [ RunTime:0.000000s ]
INFO: [ app_init ] --END-- [ RunTime:0.000000s ]
ERR: 无法加载模块:Public

[ 2018-11-07T20:07:02+08:00 ] ::1 /furniture/Public/goodsimg/2018-11-07/5be2d385cbe4d.jpg
INFO: [ app_init ] --START--
INFO: Run Behavior\BuildLiteBehavior [ RunTime:0.000000s ]
INFO: [ app_init ] --END-- [ RunTime:0.001000s ]
ERR: 无法加载模块:Public

[ 2018-11-07T20:07:05+08:00 ] ::1 /furniture/Public/goodsimg/2018-11-07/5be2d522c8622.jpg
INFO: [ app_init ] --START--
INFO: Run Behavior\BuildLiteBehavior [ RunTime:0.000000s ]
INFO: [ app_init ] --END-- [ RunTime:0.001001s ]
ERR: 无法加载模块:Public

[ 2018-11-07T20:07:05+08:00 ] ::1 /furniture/Public/goodsimg/2018-11-07/5be2d5135feb8.jpg
INFO: [ app_init ] --START--
INFO: Run Behavior\BuildLiteBehavior [ RunTime:0.000000s ]
INFO: [ app_init ] --END-- [ RunTime:0.001000s ]
ERR: 无法加载模块:Public

[ 2018-11-07T21:03:14+08:00 ] ::1 /furniture/Public/goods_detail_img/2018-11-07/5be2d95e45845.jpg
INFO: [ app_init ] --START--
INFO: Run Behavior\BuildLiteBehavior [ RunTime:0.000000s ]
INFO: [ app_init ] --END-- [ RunTime:0.003000s ]
ERR: 无法加载模块:Public

[ 2018-11-07T21:03:16+08:00 ] ::1 /furniture/Public/goods_detail_img/2018-11-07/5be2d95e45845.jpg
INFO: [ app_init ] --START--
INFO: Run Behavior\BuildLiteBehavior [ RunTime:0.000000s ]
INFO: [ app_init ] --END-- [ RunTime:0.001000s ]
ERR: 无法加载模块:Public

