[ 2018-11-19T21:27:13+08:00 ] ::1 /furniture/admin/adminlogin/login
INFO: [ app_init ] --START--
INFO: Run Behavior\BuildLiteBehavior [ RunTime:0.000033s ]
INFO: [ app_init ] --END-- [ RunTime:0.001546s ]
INFO: [ app_begin ] --START--
INFO: Run Behavior\ReadHtmlCacheBehavior [ RunTime:0.002992s ]
INFO: [ app_begin ] --END-- [ RunTime:0.003189s ]
INFO: [ view_parse ] --START--
INFO: [ template_filter ] --START--
INFO: Run Behavior\ContentReplaceBehavior [ RunTime:0.000042s ]
INFO: [ template_filter ] --END-- [ RunTime:0.000096s ]
INFO: Run Behavior\ParseTemplateBehavior [ RunTime:0.053631s ]
INFO: [ view_parse ] --END-- [ RunTime:0.053715s ]
INFO: [ view_filter ] --START--
INFO: Run Behavior\WriteHtmlCacheBehavior [ RunTime:0.000721s ]
INFO: [ view_filter ] --END-- [ RunTime:0.000765s ]
INFO: [ app_end ] --START--
INFO: Run Behavior\ShowPageTraceBehavior [ RunTime:0.000868s ]
INFO: [ app_end ] --END-- [ RunTime:0.000911s ]

[ 2018-11-19T21:27:22+08:00 ] ::1 /furniture/Admin/Adminlogin/login_verify
INFO: [ app_init ] --START--
INFO: Run Behavior\BuildLiteBehavior [ RunTime:0.000022s ]
INFO: [ app_init ] --END-- [ RunTime:0.000929s ]
INFO: [ app_begin ] --START--
INFO: Run Behavior\ReadHtmlCacheBehavior [ RunTime:0.001319s ]
INFO: [ app_begin ] --END-- [ RunTime:0.001386s ]
SQL: SHOW COLUMNS FROM `admin` [ RunTime:0.0781s ]
SQL: SHOW COLUMNS FROM `admin` [ RunTime:0.0177s ]
SQL: SELECT * FROM `admin` WHERE ( adminname='llj' and adminpwd='d210b5a8c79efa7d7d72052b8f1ec9fd' ) LIMIT 1   [ RunTime:0.0007s ]
INFO: [ app_end ] --START--
INFO: Run Behavior\ShowPageTraceBehavior [ RunTime:0.003679s ]
INFO: [ app_end ] --END-- [ RunTime:0.003786s ]

[ 2018-11-19T21:27:22+08:00 ] ::1 /furniture/Admin/Backindex/back_index
INFO: [ app_init ] --START--
INFO: Run Behavior\BuildLiteBehavior [ RunTime:0.000022s ]
INFO: [ app_init ] --END-- [ RunTime:0.000962s ]
INFO: [ app_begin ] --START--
INFO: Run Behavior\ReadHtmlCacheBehavior [ RunTime:0.001809s ]
INFO: [ app_begin ] --END-- [ RunTime:0.001884s ]
INFO: [ view_parse ] --START--
INFO: [ template_filter ] --START--
INFO: Run Behavior\ContentReplaceBehavior [ RunTime:0.000070s ]
INFO: [ template_filter ] --END-- [ RunTime:0.000135s ]
INFO: Run Behavior\ParseTemplateBehavior [ RunTime:0.024208s ]
INFO: [ view_parse ] --END-- [ RunTime:0.024282s ]
INFO: [ view_filter ] --START--
INFO: Run Behavior\WriteHtmlCacheBehavior [ RunTime:0.001079s ]
INFO: [ view_filter ] --END-- [ RunTime:0.001115s ]
INFO: [ app_end ] --START--
INFO: Run Behavior\ShowPageTraceBehavior [ RunTime:0.001249s ]
INFO: [ app_end ] --END-- [ RunTime:0.001286s ]

[ 2018-11-19T21:27:22+08:00 ] ::1 /furniture/index.php/Admin/Index/index.html
INFO: [ app_init ] --START--
INFO: Run Behavior\BuildLiteBehavior [ RunTime:0.000012s ]
INFO: [ app_init ] --END-- [ RunTime:0.000496s ]
INFO: [ app_begin ] --START--
INFO: Run Behavior\ReadHtmlCacheBehavior [ RunTime:0.001297s ]
INFO: [ app_begin ] --END-- [ RunTime:0.001414s ]
INFO: [ view_parse ] --START--
INFO: [ template_filter ] --START--
INFO: Run Behavior\ContentReplaceBehavior [ RunTime:0.000047s ]
INFO: [ template_filter ] --END-- [ RunTime:0.000126s ]
INFO: Run Behavior\ParseTemplateBehavior [ RunTime:0.011827s ]
INFO: [ view_parse ] --END-- [ RunTime:0.011904s ]
INFO: [ view_filter ] --START--
INFO: Run Behavior\WriteHtmlCacheBehavior [ RunTime:0.001433s ]
INFO: [ view_filter ] --END-- [ RunTime:0.001492s ]
INFO: [ app_end ] --START--
INFO: Run Behavior\ShowPageTraceBehavior [ RunTime:0.001525s ]
INFO: [ app_end ] --END-- [ RunTime:0.001576s ]

[ 2018-11-19T21:27:27+08:00 ] ::1 /furniture/index.php/Admin/Order/orderinfo.html
INFO: [ app_init ] --START--
INFO: Run Behavior\BuildLiteBehavior [ RunTime:0.000012s ]
INFO: [ app_init ] --END-- [ RunTime:0.000518s ]
INFO: [ app_begin ] --START--
INFO: Run Behavior\ReadHtmlCacheBehavior [ RunTime:0.001237s ]
INFO: [ app_begin ] --END-- [ RunTime:0.001294s ]
SQL: SHOW COLUMNS FROM `order` [ RunTime:0.0728s ]
SQL: SHOW COLUMNS FROM `myorder_view` [ RunTime:0.0987s ]
ERR: 1449:The user specified as a definer ('root'@'10.3.20.165') does not exist
 [ SQL语句 ] : SELECT * FROM `myorder_view` 
ERR: 1449:The user specified as a definer ('root'@'10.3.20.165') does not exist
 [ SQL语句 ] : SELECT * FROM `myorder_view` 

[ 2018-11-19T21:42:55+08:00 ] ::1 /furniture/Admin/Backindex/back_index
INFO: [ app_init ] --START--
INFO: Run Behavior\BuildLiteBehavior [ RunTime:0.000012s ]
INFO: [ app_init ] --END-- [ RunTime:0.000510s ]
INFO: [ app_begin ] --START--
INFO: Run Behavior\ReadHtmlCacheBehavior [ RunTime:0.000864s ]
INFO: [ app_begin ] --END-- [ RunTime:0.000921s ]
INFO: [ view_parse ] --START--
INFO: [ template_filter ] --START--
INFO: Run Behavior\ContentReplaceBehavior [ RunTime:0.000052s ]
INFO: [ template_filter ] --END-- [ RunTime:0.000096s ]
INFO: Run Behavior\ParseTemplateBehavior [ RunTime:0.008200s ]
INFO: [ view_parse ] --END-- [ RunTime:0.008259s ]
INFO: [ view_filter ] --START--
INFO: Run Behavior\WriteHtmlCacheBehavior [ RunTime:0.000512s ]
INFO: [ view_filter ] --END-- [ RunTime:0.000547s ]
INFO: [ app_end ] --START--
INFO: Run Behavior\ShowPageTraceBehavior [ RunTime:0.000663s ]
INFO: [ app_end ] --END-- [ RunTime:0.000699s ]

[ 2018-11-19T21:42:55+08:00 ] ::1 /furniture/index.php/Admin/Index/index.html
INFO: [ app_init ] --START--
INFO: Run Behavior\BuildLiteBehavior [ RunTime:0.000012s ]
INFO: [ app_init ] --END-- [ RunTime:0.000394s ]
INFO: [ app_begin ] --START--
INFO: Run Behavior\ReadHtmlCacheBehavior [ RunTime:0.000504s ]
INFO: [ app_begin ] --END-- [ RunTime:0.000556s ]
INFO: [ view_parse ] --START--
INFO: [ template_filter ] --START--
INFO: Run Behavior\ContentReplaceBehavior [ RunTime:0.000032s ]
INFO: [ template_filter ] --END-- [ RunTime:0.000082s ]
INFO: Run Behavior\ParseTemplateBehavior [ RunTime:0.006139s ]
INFO: [ view_parse ] --END-- [ RunTime:0.006200s ]
INFO: [ view_filter ] --START--
INFO: Run Behavior\WriteHtmlCacheBehavior [ RunTime:0.000323s ]
INFO: [ view_filter ] --END-- [ RunTime:0.000360s ]
INFO: [ app_end ] --START--
INFO: Run Behavior\ShowPageTraceBehavior [ RunTime:0.000480s ]
INFO: [ app_end ] --END-- [ RunTime:0.000517s ]

[ 2018-11-19T21:42:57+08:00 ] ::1 /furniture/index.php/Admin/Address/address.html
INFO: [ app_init ] --START--
INFO: Run Behavior\BuildLiteBehavior [ RunTime:0.000030s ]
INFO: [ app_init ] --END-- [ RunTime:0.001033s ]
INFO: [ app_begin ] --START--
INFO: Run Behavior\ReadHtmlCacheBehavior [ RunTime:0.001380s ]
INFO: [ app_begin ] --END-- [ RunTime:0.001515s ]
SQL: SHOW COLUMNS FROM `address_view` [ RunTime:0.0072s ]
SQL: SHOW COLUMNS FROM `address_view` [ RunTime:0.0074s ]
SQL: SELECT * FROM `address_view`  [ RunTime:0.0006s ]
INFO: [ view_parse ] --START--
INFO: [ template_filter ] --START--
INFO: Run Behavior\ContentReplaceBehavior [ RunTime:0.000044s ]
INFO: [ template_filter ] --END-- [ RunTime:0.000089s ]
INFO: Run Behavior\ParseTemplateBehavior [ RunTime:0.046932s ]
INFO: [ view_parse ] --END-- [ RunTime:0.046991s ]
INFO: [ view_filter ] --START--
INFO: Run Behavior\WriteHtmlCacheBehavior [ RunTime:0.000294s ]
INFO: [ view_filter ] --END-- [ RunTime:0.000328s ]
INFO: [ app_end ] --START--
INFO: Run Behavior\ShowPageTraceBehavior [ RunTime:0.000498s ]
INFO: [ app_end ] --END-- [ RunTime:0.000537s ]

[ 2018-11-19T21:56:05+08:00 ] ::1 /furniture/Admin/Backindex/back_index
INFO: [ app_init ] --START--
INFO: Run Behavior\BuildLiteBehavior [ RunTime:0.000014s ]
INFO: [ app_init ] --END-- [ RunTime:0.000542s ]
INFO: [ app_begin ] --START--
INFO: Run Behavior\ReadHtmlCacheBehavior [ RunTime:0.001047s ]
INFO: [ app_begin ] --END-- [ RunTime:0.001104s ]
INFO: [ view_parse ] --START--
INFO: [ template_filter ] --START--
INFO: Run Behavior\ContentReplaceBehavior [ RunTime:0.000055s ]
INFO: [ template_filter ] --END-- [ RunTime:0.000107s ]
INFO: Run Behavior\ParseTemplateBehavior [ RunTime:0.010227s ]
INFO: [ view_parse ] --END-- [ RunTime:0.010282s ]
INFO: [ view_filter ] --START--
INFO: Run Behavior\WriteHtmlCacheBehavior [ RunTime:0.000722s ]
INFO: [ view_filter ] --END-- [ RunTime:0.000759s ]
INFO: [ app_end ] --START--
INFO: Run Behavior\ShowPageTraceBehavior [ RunTime:0.000860s ]
INFO: [ app_end ] --END-- [ RunTime:0.000898s ]

[ 2018-11-19T21:56:05+08:00 ] ::1 /furniture/index.php/Admin/Index/index.html
INFO: [ app_init ] --START--
INFO: Run Behavior\BuildLiteBehavior [ RunTime:0.000013s ]
INFO: [ app_init ] --END-- [ RunTime:0.000503s ]
INFO: [ app_begin ] --START--
INFO: Run Behavior\ReadHtmlCacheBehavior [ RunTime:0.001352s ]
INFO: [ app_begin ] --END-- [ RunTime:0.001456s ]
INFO: [ view_parse ] --START--
INFO: [ template_filter ] --START--
INFO: Run Behavior\ContentReplaceBehavior [ RunTime:0.000031s ]
INFO: [ template_filter ] --END-- [ RunTime:0.000083s ]
INFO: Run Behavior\ParseTemplateBehavior [ RunTime:0.009492s ]
INFO: [ view_parse ] --END-- [ RunTime:0.009566s ]
INFO: [ view_filter ] --START--
INFO: Run Behavior\WriteHtmlCacheBehavior [ RunTime:0.000685s ]
INFO: [ view_filter ] --END-- [ RunTime:0.000723s ]
INFO: [ app_end ] --START--
INFO: Run Behavior\ShowPageTraceBehavior [ RunTime:0.000847s ]
INFO: [ app_end ] --END-- [ RunTime:0.000885s ]

[ 2018-11-19T21:56:05+08:00 ] ::1 /furniture/Admin/Backindex/back_index
INFO: [ app_init ] --START--
INFO: Run Behavior\BuildLiteBehavior [ RunTime:0.000013s ]
INFO: [ app_init ] --END-- [ RunTime:0.000501s ]
INFO: [ app_begin ] --START--
INFO: Run Behavior\ReadHtmlCacheBehavior [ RunTime:0.000894s ]
INFO: [ app_begin ] --END-- [ RunTime:0.000944s ]
INFO: [ view_parse ] --START--
INFO: [ template_filter ] --START--
INFO: Run Behavior\ContentReplaceBehavior [ RunTime:0.000051s ]
INFO: [ template_filter ] --END-- [ RunTime:0.000099s ]
INFO: Run Behavior\ParseTemplateBehavior [ RunTime:0.010759s ]
INFO: [ view_parse ] --END-- [ RunTime:0.010813s ]
INFO: [ view_filter ] --START--
INFO: Run Behavior\WriteHtmlCacheBehavior [ RunTime:0.000698s ]
INFO: [ view_filter ] --END-- [ RunTime:0.000735s ]
INFO: [ app_end ] --START--
INFO: Run Behavior\ShowPageTraceBehavior [ RunTime:0.000847s ]
INFO: [ app_end ] --END-- [ RunTime:0.000884s ]

[ 2018-11-19T21:56:06+08:00 ] ::1 /furniture/index.php/Admin/Index/index.html
INFO: [ app_init ] --START--
INFO: Run Behavior\BuildLiteBehavior [ RunTime:0.000014s ]
INFO: [ app_init ] --END-- [ RunTime:0.000536s ]
INFO: [ app_begin ] --START--
INFO: Run Behavior\ReadHtmlCacheBehavior [ RunTime:0.001004s ]
INFO: [ app_begin ] --END-- [ RunTime:0.001075s ]
INFO: [ view_parse ] --START--
INFO: [ template_filter ] --START--
INFO: Run Behavior\ContentReplaceBehavior [ RunTime:0.000049s ]
INFO: [ template_filter ] --END-- [ RunTime:0.000127s ]
INFO: Run Behavior\ParseTemplateBehavior [ RunTime:0.010810s ]
INFO: [ view_parse ] --END-- [ RunTime:0.010868s ]
INFO: [ view_filter ] --START--
INFO: Run Behavior\WriteHtmlCacheBehavior [ RunTime:0.000675s ]
INFO: [ view_filter ] --END-- [ RunTime:0.000713s ]
INFO: [ app_end ] --START--
INFO: Run Behavior\ShowPageTraceBehavior [ RunTime:0.000860s ]
INFO: [ app_end ] --END-- [ RunTime:0.000899s ]

[ 2018-11-19T21:56:08+08:00 ] ::1 /furniture/index.php/Admin/Order/orderinfo.html
INFO: [ app_init ] --START--
INFO: Run Behavior\BuildLiteBehavior [ RunTime:0.000030s ]
INFO: [ app_init ] --END-- [ RunTime:0.001307s ]
INFO: [ app_begin ] --START--
INFO: Run Behavior\ReadHtmlCacheBehavior [ RunTime:0.002385s ]
INFO: [ app_begin ] --END-- [ RunTime:0.002523s ]
SQL: SHOW COLUMNS FROM `order` [ RunTime:0.0184s ]
SQL: SHOW COLUMNS FROM `myorder_view` [ RunTime:0.0197s ]
SQL: SELECT * FROM `myorder_view`  [ RunTime:0.0021s ]
INFO: [ view_parse ] --START--
INFO: [ template_filter ] --START--
INFO: Run Behavior\ContentReplaceBehavior [ RunTime:0.000117s ]
INFO: [ template_filter ] --END-- [ RunTime:0.000275s ]
INFO: Run Behavior\ParseTemplateBehavior [ RunTime:0.073151s ]
INFO: [ view_parse ] --END-- [ RunTime:0.073328s ]
INFO: [ view_filter ] --START--
INFO: Run Behavior\WriteHtmlCacheBehavior [ RunTime:0.001856s ]
INFO: [ view_filter ] --END-- [ RunTime:0.001957s ]
INFO: [ app_end ] --START--
INFO: Run Behavior\ShowPageTraceBehavior [ RunTime:0.002370s ]
INFO: [ app_end ] --END-- [ RunTime:0.002477s ]

[ 2018-11-19T21:56:13+08:00 ] ::1 /furniture/index.php/Admin/News/news.html
INFO: [ app_init ] --START--
INFO: Run Behavior\BuildLiteBehavior [ RunTime:0.000026s ]
INFO: [ app_init ] --END-- [ RunTime:0.000702s ]
INFO: [ app_begin ] --START--
INFO: Run Behavior\ReadHtmlCacheBehavior [ RunTime:0.001080s ]
INFO: [ app_begin ] --END-- [ RunTime:0.001155s ]
SQL: SHOW COLUMNS FROM `news` [ RunTime:0.0731s ]
SQL: SHOW COLUMNS FROM `news` [ RunTime:0.0133s ]
SQL: SELECT * FROM `news`  [ RunTime:0.0007s ]
INFO: [ view_parse ] --START--
INFO: [ template_filter ] --START--
INFO: Run Behavior\ContentReplaceBehavior [ RunTime:0.000127s ]
INFO: [ template_filter ] --END-- [ RunTime:0.000237s ]
INFO: Run Behavior\ParseTemplateBehavior [ RunTime:0.022124s ]
INFO: [ view_parse ] --END-- [ RunTime:0.022262s ]
INFO: [ view_filter ] --START--
INFO: Run Behavior\WriteHtmlCacheBehavior [ RunTime:0.001225s ]
INFO: [ view_filter ] --END-- [ RunTime:0.001318s ]
INFO: [ app_end ] --START--
INFO: Run Behavior\ShowPageTraceBehavior [ RunTime:0.001634s ]
INFO: [ app_end ] --END-- [ RunTime:0.001725s ]

[ 2018-11-19T21:56:14+08:00 ] ::1 /furniture/index.php/Admin/Goodscolor/show_goodscolor.html
INFO: [ app_init ] --START--
INFO: Run Behavior\BuildLiteBehavior [ RunTime:0.000030s ]
INFO: [ app_init ] --END-- [ RunTime:0.001373s ]
INFO: [ app_begin ] --START--
INFO: Run Behavior\ReadHtmlCacheBehavior [ RunTime:0.002413s ]
INFO: [ app_begin ] --END-- [ RunTime:0.002555s ]
SQL: SHOW COLUMNS FROM `goodscolor` [ RunTime:0.0066s ]
SQL: SHOW COLUMNS FROM `goodscolor` [ RunTime:0.0062s ]
SQL: SELECT * FROM `goodscolor`  [ RunTime:0.0009s ]
SQL: SHOW COLUMNS FROM `goods` [ RunTime:0.0091s ]
SQL: SHOW COLUMNS FROM `goods` [ RunTime:0.0074s ]
SQL: SELECT * FROM `goods`  [ RunTime:0.0009s ]
INFO: [ view_parse ] --START--
INFO: [ template_filter ] --START--
INFO: Run Behavior\ContentReplaceBehavior [ RunTime:0.000071s ]
INFO: [ template_filter ] --END-- [ RunTime:0.000119s ]
INFO: Run Behavior\ParseTemplateBehavior [ RunTime:0.019661s ]
INFO: [ view_parse ] --END-- [ RunTime:0.019750s ]
INFO: [ view_filter ] --START--
INFO: Run Behavior\WriteHtmlCacheBehavior [ RunTime:0.000810s ]
INFO: [ view_filter ] --END-- [ RunTime:0.000850s ]
INFO: [ app_end ] --START--
INFO: Run Behavior\ShowPageTraceBehavior [ RunTime:0.001021s ]
INFO: [ app_end ] --END-- [ RunTime:0.001078s ]

[ 2018-11-19T21:56:51+08:00 ] ::1 /furniture/index.php/Admin/News/news.html
INFO: [ app_init ] --START--
INFO: Run Behavior\BuildLiteBehavior [ RunTime:0.000011s ]
INFO: [ app_init ] --END-- [ RunTime:0.000478s ]
INFO: [ app_begin ] --START--
INFO: Run Behavior\ReadHtmlCacheBehavior [ RunTime:0.000746s ]
INFO: [ app_begin ] --END-- [ RunTime:0.000796s ]
SQL: SHOW COLUMNS FROM `news` [ RunTime:0.0185s ]
SQL: SHOW COLUMNS FROM `news` [ RunTime:0.0169s ]
SQL: SELECT * FROM `news`  [ RunTime:0.0008s ]
INFO: [ view_parse ] --START--
INFO: [ template_filter ] --START--
INFO: Run Behavior\ContentReplaceBehavior [ RunTime:0.000135s ]
INFO: [ template_filter ] --END-- [ RunTime:0.000259s ]
INFO: Run Behavior\ParseTemplateBehavior [ RunTime:0.023698s ]
INFO: [ view_parse ] --END-- [ RunTime:0.023872s ]
INFO: [ view_filter ] --START--
INFO: Run Behavior\WriteHtmlCacheBehavior [ RunTime:0.001364s ]
INFO: [ view_filter ] --END-- [ RunTime:0.001467s ]
INFO: [ app_end ] --START--
INFO: Run Behavior\ShowPageTraceBehavior [ RunTime:0.001959s ]
INFO: [ app_end ] --END-- [ RunTime:0.002069s ]

[ 2018-11-19T21:56:54+08:00 ] ::1 /furniture/index.php/Admin/Goodscolor/show_goodscolor.html
INFO: [ app_init ] --START--
INFO: Run Behavior\BuildLiteBehavior [ RunTime:0.000023s ]
INFO: [ app_init ] --END-- [ RunTime:0.000759s ]
INFO: [ app_begin ] --START--
INFO: Run Behavior\ReadHtmlCacheBehavior [ RunTime:0.000966s ]
INFO: [ app_begin ] --END-- [ RunTime:0.001065s ]
SQL: SHOW COLUMNS FROM `goodscolor` [ RunTime:0.0210s ]
SQL: SHOW COLUMNS FROM `goodscolor` [ RunTime:0.0167s ]
SQL: SELECT * FROM `goodscolor`  [ RunTime:0.0017s ]
SQL: SHOW COLUMNS FROM `goods` [ RunTime:0.0117s ]
SQL: SHOW COLUMNS FROM `goods` [ RunTime:0.0084s ]
SQL: SELECT * FROM `goods`  [ RunTime:0.0007s ]
INFO: [ view_parse ] --START--
INFO: [ template_filter ] --START--
INFO: Run Behavior\ContentReplaceBehavior [ RunTime:0.000069s ]
INFO: [ template_filter ] --END-- [ RunTime:0.000111s ]
INFO: Run Behavior\ParseTemplateBehavior [ RunTime:0.009337s ]
INFO: [ view_parse ] --END-- [ RunTime:0.009394s ]
INFO: [ view_filter ] --START--
INFO: Run Behavior\WriteHtmlCacheBehavior [ RunTime:0.000292s ]
INFO: [ view_filter ] --END-- [ RunTime:0.000326s ]
INFO: [ app_end ] --START--
INFO: Run Behavior\ShowPageTraceBehavior [ RunTime:0.000695s ]
INFO: [ app_end ] --END-- [ RunTime:0.000750s ]

[ 2018-11-19T21:56:59+08:00 ] ::1 /furniture/index.php/Admin/Goodsinfo/show_goods.html
INFO: [ app_init ] --START--
INFO: Run Behavior\BuildLiteBehavior [ RunTime:0.000030s ]
INFO: [ app_init ] --END-- [ RunTime:0.001038s ]
INFO: [ app_begin ] --START--
INFO: Run Behavior\ReadHtmlCacheBehavior [ RunTime:0.001293s ]
INFO: [ app_begin ] --END-- [ RunTime:0.001427s ]
SQL: SHOW COLUMNS FROM `goodstype` [ RunTime:0.0931s ]
SQL: SHOW COLUMNS FROM `goodstype` [ RunTime:0.0171s ]
SQL: SELECT * FROM `goodstype`  [ RunTime:0.0007s ]
SQL: SHOW COLUMNS FROM `goods` [ RunTime:0.0173s ]
SQL: SHOW COLUMNS FROM `goods` [ RunTime:0.0168s ]
SQL: SELECT * FROM `goods`  [ RunTime:0.0016s ]
INFO: [ view_parse ] --START--
INFO: [ template_filter ] --START--
INFO: Run Behavior\ContentReplaceBehavior [ RunTime:0.000269s ]
INFO: [ template_filter ] --END-- [ RunTime:0.000399s ]
INFO: Run Behavior\ParseTemplateBehavior [ RunTime:0.031031s ]
INFO: [ view_parse ] --END-- [ RunTime:0.031167s ]
INFO: [ view_filter ] --START--
INFO: Run Behavior\WriteHtmlCacheBehavior [ RunTime:0.000799s ]
INFO: [ view_filter ] --END-- [ RunTime:0.000893s ]
INFO: [ app_end ] --START--
INFO: Run Behavior\ShowPageTraceBehavior [ RunTime:0.001356s ]
INFO: [ app_end ] --END-- [ RunTime:0.001470s ]

[ 2018-11-19T21:59:22+08:00 ] ::1 /furniture/index.php/Admin/Order/orderinfo.html
INFO: [ app_init ] --START--
INFO: Run Behavior\BuildLiteBehavior [ RunTime:0.000011s ]
INFO: [ app_init ] --END-- [ RunTime:0.000478s ]
INFO: [ app_begin ] --START--
INFO: Run Behavior\ReadHtmlCacheBehavior [ RunTime:0.000836s ]
INFO: [ app_begin ] --END-- [ RunTime:0.000887s ]
SQL: SHOW COLUMNS FROM `order` [ RunTime:0.0185s ]
SQL: SHOW COLUMNS FROM `myorder_view` [ RunTime:0.0184s ]
SQL: SELECT * FROM `myorder_view`  [ RunTime:0.0019s ]
INFO: [ view_parse ] --START--
INFO: [ template_filter ] --START--
INFO: Run Behavior\ContentReplaceBehavior [ RunTime:0.000119s ]
INFO: [ template_filter ] --END-- [ RunTime:0.000274s ]
INFO: Run Behavior\ParseTemplateBehavior [ RunTime:0.027611s ]
INFO: [ view_parse ] --END-- [ RunTime:0.027772s ]
INFO: [ view_filter ] --START--
INFO: Run Behavior\WriteHtmlCacheBehavior [ RunTime:0.001833s ]
INFO: [ view_filter ] --END-- [ RunTime:0.001940s ]
INFO: [ app_end ] --START--
INFO: Run Behavior\ShowPageTraceBehavior [ RunTime:0.002317s ]
INFO: [ app_end ] --END-- [ RunTime:0.002418s ]

[ 2018-11-19T21:59:38+08:00 ] ::1 /furniture/index.php/Admin/Address/address.html
INFO: [ app_init ] --START--
INFO: Run Behavior\BuildLiteBehavior [ RunTime:0.000030s ]
INFO: [ app_init ] --END-- [ RunTime:0.001303s ]
INFO: [ app_begin ] --START--
INFO: Run Behavior\ReadHtmlCacheBehavior [ RunTime:0.001628s ]
INFO: [ app_begin ] --END-- [ RunTime:0.001726s ]
SQL: SHOW COLUMNS FROM `address_view` [ RunTime:0.0218s ]
SQL: SHOW COLUMNS FROM `address_view` [ RunTime:0.0191s ]
SQL: SELECT * FROM `address_view`  [ RunTime:0.0016s ]
INFO: [ view_parse ] --START--
INFO: [ template_filter ] --START--
INFO: Run Behavior\ContentReplaceBehavior [ RunTime:0.000112s ]
INFO: [ template_filter ] --END-- [ RunTime:0.000235s ]
INFO: Run Behavior\ParseTemplateBehavior [ RunTime:0.026259s ]
INFO: [ view_parse ] --END-- [ RunTime:0.026413s ]
INFO: [ view_filter ] --START--
INFO: Run Behavior\WriteHtmlCacheBehavior [ RunTime:0.001894s ]
INFO: [ view_filter ] --END-- [ RunTime:0.001993s ]
INFO: [ app_end ] --START--
INFO: Run Behavior\ShowPageTraceBehavior [ RunTime:0.002427s ]
INFO: [ app_end ] --END-- [ RunTime:0.002540s ]

[ 2018-11-19T21:59:43+08:00 ] ::1 /furniture/index.php/Admin/News/news.html
INFO: [ app_init ] --START--
INFO: Run Behavior\BuildLiteBehavior [ RunTime:0.000029s ]
INFO: [ app_init ] --END-- [ RunTime:0.001305s ]
INFO: [ app_begin ] --START--
INFO: Run Behavior\ReadHtmlCacheBehavior [ RunTime:0.002346s ]
INFO: [ app_begin ] --END-- [ RunTime:0.002493s ]
SQL: SHOW COLUMNS FROM `news` [ RunTime:0.0181s ]
SQL: SHOW COLUMNS FROM `news` [ RunTime:0.0170s ]
SQL: SELECT * FROM `news`  [ RunTime:0.0008s ]
INFO: [ view_parse ] --START--
INFO: [ template_filter ] --START--
INFO: Run Behavior\ContentReplaceBehavior [ RunTime:0.000155s ]
INFO: [ template_filter ] --END-- [ RunTime:0.000302s ]
INFO: Run Behavior\ParseTemplateBehavior [ RunTime:0.028089s ]
INFO: [ view_parse ] --END-- [ RunTime:0.028238s ]
INFO: [ view_filter ] --START--
INFO: Run Behavior\WriteHtmlCacheBehavior [ RunTime:0.001873s ]
INFO: [ view_filter ] --END-- [ RunTime:0.001975s ]
INFO: [ app_end ] --START--
INFO: Run Behavior\ShowPageTraceBehavior [ RunTime:0.002336s ]
INFO: [ app_end ] --END-- [ RunTime:0.002446s ]

[ 2018-11-19T21:59:46+08:00 ] ::1 /furniture/index.php/Admin/Goodscolor/show_goodscolor.html
INFO: [ app_init ] --START--
INFO: Run Behavior\BuildLiteBehavior [ RunTime:0.000016s ]
INFO: [ app_init ] --END-- [ RunTime:0.000536s ]
INFO: [ app_begin ] --START--
INFO: Run Behavior\ReadHtmlCacheBehavior [ RunTime:0.000970s ]
INFO: [ app_begin ] --END-- [ RunTime:0.001027s ]
SQL: SHOW COLUMNS FROM `goodscolor` [ RunTime:0.0077s ]
SQL: SHOW COLUMNS FROM `goodscolor` [ RunTime:0.0062s ]
SQL: SELECT * FROM `goodscolor`  [ RunTime:0.0009s ]
SQL: SHOW COLUMNS FROM `goods` [ RunTime:0.0064s ]
SQL: SHOW COLUMNS FROM `goods` [ RunTime:0.0065s ]
SQL: SELECT * FROM `goods`  [ RunTime:0.0006s ]
INFO: [ view_parse ] --START--
INFO: [ template_filter ] --START--
INFO: Run Behavior\ContentReplaceBehavior [ RunTime:0.000069s ]
INFO: [ template_filter ] --END-- [ RunTime:0.000110s ]
INFO: Run Behavior\ParseTemplateBehavior [ RunTime:0.011732s ]
INFO: [ view_parse ] --END-- [ RunTime:0.011792s ]
INFO: [ view_filter ] --START--
INFO: Run Behavior\WriteHtmlCacheBehavior [ RunTime:0.000696s ]
INFO: [ view_filter ] --END-- [ RunTime:0.000733s ]
INFO: [ app_end ] --START--
INFO: Run Behavior\ShowPageTraceBehavior [ RunTime:0.000903s ]
INFO: [ app_end ] --END-- [ RunTime:0.000949s ]

[ 2018-11-19T21:59:59+08:00 ] ::1 /furniture/index.php/Admin/Goodsinfo/show_goods.html
INFO: [ app_init ] --START--
INFO: Run Behavior\BuildLiteBehavior [ RunTime:0.000021s ]
INFO: [ app_init ] --END-- [ RunTime:0.000904s ]
INFO: [ app_begin ] --START--
INFO: Run Behavior\ReadHtmlCacheBehavior [ RunTime:0.001261s ]
INFO: [ app_begin ] --END-- [ RunTime:0.001337s ]
SQL: SHOW COLUMNS FROM `goodstype` [ RunTime:0.0117s ]
SQL: SHOW COLUMNS FROM `goodstype` [ RunTime:0.0137s ]
SQL: SELECT * FROM `goodstype`  [ RunTime:0.0006s ]
SQL: SHOW COLUMNS FROM `goods` [ RunTime:0.0153s ]
SQL: SHOW COLUMNS FROM `goods` [ RunTime:0.0154s ]
SQL: SELECT * FROM `goods`  [ RunTime:0.0015s ]
INFO: [ view_parse ] --START--
INFO: [ template_filter ] --START--
INFO: Run Behavior\ContentReplaceBehavior [ RunTime:0.000215s ]
INFO: [ template_filter ] --END-- [ RunTime:0.000326s ]
INFO: Run Behavior\ParseTemplateBehavior [ RunTime:0.032828s ]
INFO: [ view_parse ] --END-- [ RunTime:0.032953s ]
INFO: [ view_filter ] --START--
INFO: Run Behavior\WriteHtmlCacheBehavior [ RunTime:0.001702s ]
INFO: [ view_filter ] --END-- [ RunTime:0.001809s ]
INFO: [ app_end ] --START--
INFO: Run Behavior\ShowPageTraceBehavior [ RunTime:0.002287s ]
INFO: [ app_end ] --END-- [ RunTime:0.002398s ]

[ 2018-11-19T22:00:12+08:00 ] ::1 /furniture/index.php/Admin/Goodsdetail/show_detail.html
INFO: [ app_init ] --START--
INFO: Run Behavior\BuildLiteBehavior [ RunTime:0.000012s ]
INFO: [ app_init ] --END-- [ RunTime:0.000496s ]
INFO: [ app_begin ] --START--
INFO: Run Behavior\ReadHtmlCacheBehavior [ RunTime:0.000854s ]
INFO: [ app_begin ] --END-- [ RunTime:0.000904s ]
SQL: SHOW COLUMNS FROM `goods` [ RunTime:0.0186s ]
SQL: SHOW COLUMNS FROM `goods` [ RunTime:0.0186s ]
SQL: SELECT * FROM `goods`  [ RunTime:0.0017s ]
SQL: SHOW COLUMNS FROM `goodsdetail` [ RunTime:0.0060s ]
SQL: SHOW COLUMNS FROM `goodsdetail` [ RunTime:0.0063s ]
SQL: SELECT * FROM `goodsdetail`  [ RunTime:0.0004s ]
INFO: [ view_parse ] --START--
INFO: [ template_filter ] --START--
INFO: Run Behavior\ContentReplaceBehavior [ RunTime:0.000061s ]
INFO: [ template_filter ] --END-- [ RunTime:0.000106s ]
INFO: Run Behavior\ParseTemplateBehavior [ RunTime:0.011910s ]
INFO: [ view_parse ] --END-- [ RunTime:0.011970s ]
INFO: [ view_filter ] --START--
INFO: Run Behavior\WriteHtmlCacheBehavior [ RunTime:0.000693s ]
INFO: [ view_filter ] --END-- [ RunTime:0.000730s ]
INFO: [ app_end ] --START--
INFO: Run Behavior\ShowPageTraceBehavior [ RunTime:0.000889s ]
INFO: [ app_end ] --END-- [ RunTime:0.000930s ]

[ 2018-11-19T22:03:32+08:00 ] ::1 /furniture/index.php/Admin/Goodsinfo/show_goods.html
INFO: [ app_init ] --START--
INFO: Run Behavior\BuildLiteBehavior [ RunTime:0.000012s ]
INFO: [ app_init ] --END-- [ RunTime:0.000486s ]
INFO: [ app_begin ] --START--
INFO: Run Behavior\ReadHtmlCacheBehavior [ RunTime:0.000778s ]
INFO: [ app_begin ] --END-- [ RunTime:0.000830s ]
SQL: SHOW COLUMNS FROM `goodstype` [ RunTime:0.0141s ]
SQL: SHOW COLUMNS FROM `goodstype` [ RunTime:0.0060s ]
SQL: SELECT * FROM `goodstype`  [ RunTime:0.0003s ]
SQL: SHOW COLUMNS FROM `goods` [ RunTime:0.0068s ]
SQL: SHOW COLUMNS FROM `goods` [ RunTime:0.0067s ]
SQL: SELECT * FROM `goods`  [ RunTime:0.0006s ]
INFO: [ view_parse ] --START--
INFO: [ template_filter ] --START--
INFO: Run Behavior\ContentReplaceBehavior [ RunTime:0.000089s ]
INFO: [ template_filter ] --END-- [ RunTime:0.000137s ]
INFO: Run Behavior\ParseTemplateBehavior [ RunTime:0.012129s ]
INFO: [ view_parse ] --END-- [ RunTime:0.012187s ]
INFO: [ view_filter ] --START--
INFO: Run Behavior\WriteHtmlCacheBehavior [ RunTime:0.000498s ]
INFO: [ view_filter ] --END-- [ RunTime:0.000533s ]
INFO: [ app_end ] --START--
INFO: Run Behavior\ShowPageTraceBehavior [ RunTime:0.000691s ]
INFO: [ app_end ] --END-- [ RunTime:0.000733s ]

[ 2018-11-19T22:04:13+08:00 ] ::1 /furniture/Admin/Backindex/back_index
INFO: [ app_init ] --START--
INFO: Run Behavior\BuildLiteBehavior [ RunTime:0.000021s ]
INFO: [ app_init ] --END-- [ RunTime:0.001049s ]
INFO: [ app_begin ] --START--
INFO: Run Behavior\ReadHtmlCacheBehavior [ RunTime:0.001006s ]
INFO: [ app_begin ] --END-- [ RunTime:0.001104s ]
NOTIC: [8] Undefined index: adminname F:\phpstudy\WWW\furniture\Application\Admin\Controller\BackindexController.class.php 第 19 行.
INFO: [ view_parse ] --START--
INFO: [ template_filter ] --START--
INFO: Run Behavior\ContentReplaceBehavior [ RunTime:0.000070s ]
INFO: [ template_filter ] --END-- [ RunTime:0.000165s ]
INFO: Run Behavior\ParseTemplateBehavior [ RunTime:0.011659s ]
INFO: [ view_parse ] --END-- [ RunTime:0.011777s ]
INFO: [ view_filter ] --START--
INFO: Run Behavior\WriteHtmlCacheBehavior [ RunTime:0.000541s ]
INFO: [ view_filter ] --END-- [ RunTime:0.000604s ]
INFO: [ app_end ] --START--
INFO: Run Behavior\ShowPageTraceBehavior [ RunTime:0.000889s ]
INFO: [ app_end ] --END-- [ RunTime:0.000966s ]

[ 2018-11-19T22:04:15+08:00 ] ::1 /furniture/Admin/Backindex/back_index
INFO: [ app_init ] --START--
INFO: Run Behavior\BuildLiteBehavior [ RunTime:0.000054s ]
INFO: [ app_init ] --END-- [ RunTime:0.001531s ]
INFO: [ app_begin ] --START--
INFO: Run Behavior\ReadHtmlCacheBehavior [ RunTime:0.001357s ]
INFO: [ app_begin ] --END-- [ RunTime:0.001490s ]
NOTIC: [8] Undefined index: adminname F:\phpstudy\WWW\furniture\Application\Admin\Controller\BackindexController.class.php 第 19 行.
INFO: [ view_parse ] --START--
INFO: [ template_filter ] --START--
INFO: Run Behavior\ContentReplaceBehavior [ RunTime:0.000123s ]
INFO: [ template_filter ] --END-- [ RunTime:0.000273s ]
INFO: Run Behavior\ParseTemplateBehavior [ RunTime:0.020008s ]
INFO: [ view_parse ] --END-- [ RunTime:0.020195s ]
INFO: [ view_filter ] --START--
INFO: Run Behavior\WriteHtmlCacheBehavior [ RunTime:0.001087s ]
INFO: [ view_filter ] --END-- [ RunTime:0.001252s ]
INFO: [ app_end ] --START--
INFO: Run Behavior\ShowPageTraceBehavior [ RunTime:0.001614s ]
INFO: [ app_end ] --END-- [ RunTime:0.001768s ]

[ 2018-11-19T22:04:23+08:00 ] ::1 /furniture/Admin/Adminlogin/login_verify
INFO: [ app_init ] --START--
INFO: Run Behavior\BuildLiteBehavior [ RunTime:0.000027s ]
INFO: [ app_init ] --END-- [ RunTime:0.001173s ]
INFO: [ app_begin ] --START--
INFO: Run Behavior\ReadHtmlCacheBehavior [ RunTime:0.002297s ]
INFO: [ app_begin ] --END-- [ RunTime:0.002408s ]
SQL: SHOW COLUMNS FROM `admin` [ RunTime:0.0201s ]
SQL: SHOW COLUMNS FROM `admin` [ RunTime:0.0155s ]
SQL: SELECT * FROM `admin` WHERE ( adminname='llj' and adminpwd='d210b5a8c79efa7d7d72052b8f1ec9fd' ) LIMIT 1   [ RunTime:0.0007s ]
INFO: [ app_end ] --START--
INFO: Run Behavior\ShowPageTraceBehavior [ RunTime:0.002648s ]
INFO: [ app_end ] --END-- [ RunTime:0.002761s ]

[ 2018-11-19T22:04:23+08:00 ] ::1 /furniture/Admin/Backindex/back_index
INFO: [ app_init ] --START--
INFO: Run Behavior\BuildLiteBehavior [ RunTime:0.000016s ]
INFO: [ app_init ] --END-- [ RunTime:0.000649s ]
INFO: [ app_begin ] --START--
INFO: Run Behavior\ReadHtmlCacheBehavior [ RunTime:0.001238s ]
INFO: [ app_begin ] --END-- [ RunTime:0.001314s ]
INFO: [ view_parse ] --START--
INFO: [ template_filter ] --START--
INFO: Run Behavior\ContentReplaceBehavior [ RunTime:0.000055s ]
INFO: [ template_filter ] --END-- [ RunTime:0.000106s ]
INFO: Run Behavior\ParseTemplateBehavior [ RunTime:0.010741s ]
INFO: [ view_parse ] --END-- [ RunTime:0.010808s ]
INFO: [ view_filter ] --START--
INFO: Run Behavior\WriteHtmlCacheBehavior [ RunTime:0.000761s ]
INFO: [ view_filter ] --END-- [ RunTime:0.000801s ]
INFO: [ app_end ] --START--
INFO: Run Behavior\ShowPageTraceBehavior [ RunTime:0.000882s ]
INFO: [ app_end ] --END-- [ RunTime:0.000918s ]

[ 2018-11-19T22:04:23+08:00 ] ::1 /furniture/index.php/Admin/Index/index.html
INFO: [ app_init ] --START--
INFO: Run Behavior\BuildLiteBehavior [ RunTime:0.000018s ]
INFO: [ app_init ] --END-- [ RunTime:0.000639s ]
INFO: [ app_begin ] --START--
INFO: Run Behavior\ReadHtmlCacheBehavior [ RunTime:0.000882s ]
INFO: [ app_begin ] --END-- [ RunTime:0.000940s ]
INFO: [ view_parse ] --START--
INFO: [ template_filter ] --START--
INFO: Run Behavior\ContentReplaceBehavior [ RunTime:0.000047s ]
INFO: [ template_filter ] --END-- [ RunTime:0.000129s ]
INFO: Run Behavior\ParseTemplateBehavior [ RunTime:0.011671s ]
INFO: [ view_parse ] --END-- [ RunTime:0.011749s ]
INFO: [ view_filter ] --START--
INFO: Run Behavior\WriteHtmlCacheBehavior [ RunTime:0.000986s ]
INFO: [ view_filter ] --END-- [ RunTime:0.001049s ]
INFO: [ app_end ] --START--
INFO: Run Behavior\ShowPageTraceBehavior [ RunTime:0.001634s ]
INFO: [ app_end ] --END-- [ RunTime:0.001749s ]

[ 2018-11-19T22:04:26+08:00 ] ::1 /furniture/index.php/Admin/Goodsinfo/show_goods.html
INFO: [ app_init ] --START--
INFO: Run Behavior\BuildLiteBehavior [ RunTime:0.000012s ]
INFO: [ app_init ] --END-- [ RunTime:0.000478s ]
INFO: [ app_begin ] --START--
INFO: Run Behavior\ReadHtmlCacheBehavior [ RunTime:0.000839s ]
INFO: [ app_begin ] --END-- [ RunTime:0.000889s ]
SQL: SHOW COLUMNS FROM `goodstype` [ RunTime:0.0087s ]
SQL: SHOW COLUMNS FROM `goodstype` [ RunTime:0.0059s ]
SQL: SELECT * FROM `goodstype`  [ RunTime:0.0003s ]
SQL: SHOW COLUMNS FROM `goods` [ RunTime:0.0067s ]
SQL: SHOW COLUMNS FROM `goods` [ RunTime:0.0064s ]
SQL: SELECT * FROM `goods`  [ RunTime:0.0007s ]
INFO: [ view_parse ] --START--
INFO: [ template_filter ] --START--
INFO: Run Behavior\ContentReplaceBehavior [ RunTime:0.000087s ]
INFO: [ template_filter ] --END-- [ RunTime:0.000133s ]
INFO: Run Behavior\ParseTemplateBehavior [ RunTime:0.013638s ]
INFO: [ view_parse ] --END-- [ RunTime:0.013697s ]
INFO: [ view_filter ] --START--
INFO: Run Behavior\WriteHtmlCacheBehavior [ RunTime:0.000769s ]
INFO: [ view_filter ] --END-- [ RunTime:0.000809s ]
INFO: [ app_end ] --START--
INFO: Run Behavior\ShowPageTraceBehavior [ RunTime:0.001106s ]
INFO: [ app_end ] --END-- [ RunTime:0.001158s ]

[ 2018-11-19T22:04:30+08:00 ] ::1 /furniture/index.php/Admin/Goodsdetail/show_detail.html
INFO: [ app_init ] --START--
INFO: Run Behavior\BuildLiteBehavior [ RunTime:0.000022s ]
INFO: [ app_init ] --END-- [ RunTime:0.000921s ]
INFO: [ app_begin ] --START--
INFO: Run Behavior\ReadHtmlCacheBehavior [ RunTime:0.000861s ]
INFO: [ app_begin ] --END-- [ RunTime:0.000913s ]
SQL: SHOW COLUMNS FROM `goods` [ RunTime:0.0202s ]
SQL: SHOW COLUMNS FROM `goods` [ RunTime:0.0169s ]
SQL: SELECT * FROM `goods`  [ RunTime:0.0016s ]
SQL: SHOW COLUMNS FROM `goodsdetail` [ RunTime:0.0164s ]
SQL: SHOW COLUMNS FROM `goodsdetail` [ RunTime:0.0166s ]
SQL: SELECT * FROM `goodsdetail`  [ RunTime:0.0010s ]
INFO: [ view_parse ] --START--
INFO: [ template_filter ] --START--
INFO: Run Behavior\ContentReplaceBehavior [ RunTime:0.000157s ]
INFO: [ template_filter ] --END-- [ RunTime:0.000272s ]
INFO: Run Behavior\ParseTemplateBehavior [ RunTime:0.030590s ]
INFO: [ view_parse ] --END-- [ RunTime:0.030729s ]
INFO: [ view_filter ] --START--
INFO: Run Behavior\WriteHtmlCacheBehavior [ RunTime:0.001908s ]
INFO: [ view_filter ] --END-- [ RunTime:0.002010s ]
INFO: [ app_end ] --START--
INFO: Run Behavior\ShowPageTraceBehavior [ RunTime:0.002777s ]
INFO: [ app_end ] --END-- [ RunTime:0.002896s ]

[ 2018-11-19T22:04:32+08:00 ] ::1 /furniture/index.php/Admin/Goodsinfo/show_goods.html
INFO: [ app_init ] --START--
INFO: Run Behavior\BuildLiteBehavior [ RunTime:0.000021s ]
INFO: [ app_init ] --END-- [ RunTime:0.000628s ]
INFO: [ app_begin ] --START--
INFO: Run Behavior\ReadHtmlCacheBehavior [ RunTime:0.001213s ]
INFO: [ app_begin ] --END-- [ RunTime:0.001294s ]
SQL: SHOW COLUMNS FROM `goodstype` [ RunTime:0.0072s ]
SQL: SHOW COLUMNS FROM `goodstype` [ RunTime:0.0061s ]
SQL: SELECT * FROM `goodstype`  [ RunTime:0.0003s ]
SQL: SHOW COLUMNS FROM `goods` [ RunTime:0.0070s ]
SQL: SHOW COLUMNS FROM `goods` [ RunTime:0.0071s ]
SQL: SELECT * FROM `goods`  [ RunTime:0.0007s ]
INFO: [ view_parse ] --START--
INFO: [ template_filter ] --START--
INFO: Run Behavior\ContentReplaceBehavior [ RunTime:0.000088s ]
INFO: [ template_filter ] --END-- [ RunTime:0.000137s ]
INFO: Run Behavior\ParseTemplateBehavior [ RunTime:0.017496s ]
INFO: [ view_parse ] --END-- [ RunTime:0.017566s ]
INFO: [ view_filter ] --START--
INFO: Run Behavior\WriteHtmlCacheBehavior [ RunTime:0.000692s ]
INFO: [ view_filter ] --END-- [ RunTime:0.000729s ]
INFO: [ app_end ] --START--
INFO: Run Behavior\ShowPageTraceBehavior [ RunTime:0.000903s ]
INFO: [ app_end ] --END-- [ RunTime:0.000950s ]

[ 2018-11-19T22:04:50+08:00 ] ::1 /furniture/index.php/Admin/Goodsinfo/show_goods.html
INFO: [ app_init ] --START--
INFO: Run Behavior\BuildLiteBehavior [ RunTime:0.000013s ]
INFO: [ app_init ] --END-- [ RunTime:0.000404s ]
INFO: [ app_begin ] --START--
INFO: Run Behavior\ReadHtmlCacheBehavior [ RunTime:0.000464s ]
INFO: [ app_begin ] --END-- [ RunTime:0.000514s ]
SQL: SHOW COLUMNS FROM `goodstype` [ RunTime:0.0128s ]
SQL: SHOW COLUMNS FROM `goodstype` [ RunTime:0.0059s ]
SQL: SELECT * FROM `goodstype`  [ RunTime:0.0003s ]
SQL: SHOW COLUMNS FROM `goods` [ RunTime:0.0068s ]
SQL: SHOW COLUMNS FROM `goods` [ RunTime:0.0065s ]
SQL: SELECT * FROM `goods`  [ RunTime:0.0006s ]
INFO: [ view_parse ] --START--
INFO: [ template_filter ] --START--
INFO: Run Behavior\ContentReplaceBehavior [ RunTime:0.000088s ]
INFO: [ template_filter ] --END-- [ RunTime:0.000134s ]
INFO: Run Behavior\ParseTemplateBehavior [ RunTime:0.010817s ]
INFO: [ view_parse ] --END-- [ RunTime:0.010869s ]
INFO: [ view_filter ] --START--
INFO: Run Behavior\WriteHtmlCacheBehavior [ RunTime:0.000291s ]
INFO: [ view_filter ] --END-- [ RunTime:0.000324s ]
INFO: [ app_end ] --START--
INFO: Run Behavior\ShowPageTraceBehavior [ RunTime:0.000518s ]
INFO: [ app_end ] --END-- [ RunTime:0.000565s ]

[ 2018-11-19T22:04:55+08:00 ] ::1 /furniture/index.php/Admin/Goodsinfo/show_goods.html
INFO: [ app_init ] --START--
INFO: Run Behavior\BuildLiteBehavior [ RunTime:0.000028s ]
INFO: [ app_init ] --END-- [ RunTime:0.001036s ]
INFO: [ app_begin ] --START--
INFO: Run Behavior\ReadHtmlCacheBehavior [ RunTime:0.001271s ]
INFO: [ app_begin ] --END-- [ RunTime:0.001406s ]
SQL: SHOW COLUMNS FROM `goodstype` [ RunTime:0.0189s ]
SQL: SHOW COLUMNS FROM `goodstype` [ RunTime:0.0157s ]
SQL: SELECT * FROM `goodstype`  [ RunTime:0.0007s ]
SQL: SHOW COLUMNS FROM `goods` [ RunTime:0.0170s ]
SQL: SHOW COLUMNS FROM `goods` [ RunTime:0.0169s ]
SQL: SELECT * FROM `goods`  [ RunTime:0.0016s ]
INFO: [ view_parse ] --START--
INFO: [ template_filter ] --START--
INFO: Run Behavior\ContentReplaceBehavior [ RunTime:0.000240s ]
INFO: [ template_filter ] --END-- [ RunTime:0.000361s ]
INFO: Run Behavior\ParseTemplateBehavior [ RunTime:0.030646s ]
INFO: [ view_parse ] --END-- [ RunTime:0.030807s ]
INFO: [ view_filter ] --START--
INFO: Run Behavior\WriteHtmlCacheBehavior [ RunTime:0.000975s ]
INFO: [ view_filter ] --END-- [ RunTime:0.001079s ]
INFO: [ app_end ] --START--
INFO: Run Behavior\ShowPageTraceBehavior [ RunTime:0.001961s ]
INFO: [ app_end ] --END-- [ RunTime:0.002111s ]

[ 2018-11-19T22:04:55+08:00 ] ::1 /furniture/index.php/Admin/Index/index.html
INFO: [ app_init ] --START--
INFO: Run Behavior\BuildLiteBehavior [ RunTime:0.000021s ]
INFO: [ app_init ] --END-- [ RunTime:0.000910s ]
INFO: [ app_begin ] --START--
INFO: Run Behavior\ReadHtmlCacheBehavior [ RunTime:0.001621s ]
INFO: [ app_begin ] --END-- [ RunTime:0.001717s ]
INFO: [ view_parse ] --START--
INFO: [ template_filter ] --START--
INFO: Run Behavior\ContentReplaceBehavior [ RunTime:0.000032s ]
INFO: [ template_filter ] --END-- [ RunTime:0.000082s ]
INFO: Run Behavior\ParseTemplateBehavior [ RunTime:0.010001s ]
INFO: [ view_parse ] --END-- [ RunTime:0.010067s ]
INFO: [ view_filter ] --START--
INFO: Run Behavior\WriteHtmlCacheBehavior [ RunTime:0.000783s ]
INFO: [ view_filter ] --END-- [ RunTime:0.000825s ]
INFO: [ app_end ] --START--
INFO: Run Behavior\ShowPageTraceBehavior [ RunTime:0.000926s ]
INFO: [ app_end ] --END-- [ RunTime:0.000965s ]

[ 2018-11-19T22:04:57+08:00 ] ::1 /furniture/index.php/Admin/Goodsinfo/show_goods.html
INFO: [ app_init ] --START--
INFO: Run Behavior\BuildLiteBehavior [ RunTime:0.000030s ]
INFO: [ app_init ] --END-- [ RunTime:0.001306s ]
INFO: [ app_begin ] --START--
INFO: Run Behavior\ReadHtmlCacheBehavior [ RunTime:0.002382s ]
INFO: [ app_begin ] --END-- [ RunTime:0.002532s ]
SQL: SHOW COLUMNS FROM `goodstype` [ RunTime:0.0186s ]
SQL: SHOW COLUMNS FROM `goodstype` [ RunTime:0.0156s ]
SQL: SELECT * FROM `goodstype`  [ RunTime:0.0007s ]
SQL: SHOW COLUMNS FROM `goods` [ RunTime:0.0168s ]
SQL: SHOW COLUMNS FROM `goods` [ RunTime:0.0165s ]
SQL: SELECT * FROM `goods`  [ RunTime:0.0016s ]
INFO: [ view_parse ] --START--
INFO: [ template_filter ] --START--
INFO: Run Behavior\ContentReplaceBehavior [ RunTime:0.000244s ]
INFO: [ template_filter ] --END-- [ RunTime:0.000369s ]
INFO: Run Behavior\ParseTemplateBehavior [ RunTime:0.042328s ]
INFO: [ view_parse ] --END-- [ RunTime:0.042470s ]
INFO: [ view_filter ] --START--
INFO: Run Behavior\WriteHtmlCacheBehavior [ RunTime:0.001899s ]
INFO: [ view_filter ] --END-- [ RunTime:0.002000s ]
INFO: [ app_end ] --START--
INFO: Run Behavior\ShowPageTraceBehavior [ RunTime:0.002442s ]
INFO: [ app_end ] --END-- [ RunTime:0.002570s ]

[ 2018-11-19T22:05:01+08:00 ] ::1 /furniture/index.php/Admin/Goodsdetail/show_detail.html
INFO: [ app_init ] --START--
INFO: Run Behavior\BuildLiteBehavior [ RunTime:0.000018s ]
INFO: [ app_init ] --END-- [ RunTime:0.000739s ]
INFO: [ app_begin ] --START--
INFO: Run Behavior\ReadHtmlCacheBehavior [ RunTime:0.001310s ]
INFO: [ app_begin ] --END-- [ RunTime:0.001390s ]
SQL: SHOW COLUMNS FROM `goods` [ RunTime:0.0118s ]
SQL: SHOW COLUMNS FROM `goods` [ RunTime:0.0120s ]
SQL: SELECT * FROM `goods`  [ RunTime:0.0012s ]
SQL: SHOW COLUMNS FROM `goodsdetail` [ RunTime:0.0115s ]
SQL: SHOW COLUMNS FROM `goodsdetail` [ RunTime:0.0114s ]
SQL: SELECT * FROM `goodsdetail`  [ RunTime:0.0007s ]
INFO: [ view_parse ] --START--
INFO: [ template_filter ] --START--
INFO: Run Behavior\ContentReplaceBehavior [ RunTime:0.000112s ]
INFO: [ template_filter ] --END-- [ RunTime:0.000195s ]
INFO: Run Behavior\ParseTemplateBehavior [ RunTime:0.020819s ]
INFO: [ view_parse ] --END-- [ RunTime:0.020918s ]
INFO: [ view_filter ] --START--
INFO: Run Behavior\WriteHtmlCacheBehavior [ RunTime:0.001309s ]
INFO: [ view_filter ] --END-- [ RunTime:0.001385s ]
INFO: [ app_end ] --START--
INFO: Run Behavior\ShowPageTraceBehavior [ RunTime:0.001902s ]
INFO: [ app_end ] --END-- [ RunTime:0.002007s ]

[ 2018-11-19T22:05:10+08:00 ] ::1 /furniture/index.php/Admin/Goodscolor/show_goodscolor.html
INFO: [ app_init ] --START--
INFO: Run Behavior\BuildLiteBehavior [ RunTime:0.000025s ]
INFO: [ app_init ] --END-- [ RunTime:0.001014s ]
INFO: [ app_begin ] --START--
INFO: Run Behavior\ReadHtmlCacheBehavior [ RunTime:0.001344s ]
INFO: [ app_begin ] --END-- [ RunTime:0.001421s ]
SQL: SHOW COLUMNS FROM `goodscolor` [ RunTime:0.0215s ]
SQL: SHOW COLUMNS FROM `goodscolor` [ RunTime:0.0101s ]
SQL: SELECT * FROM `goodscolor`  [ RunTime:0.0009s ]
SQL: SHOW COLUMNS FROM `goods` [ RunTime:0.0065s ]
SQL: SHOW COLUMNS FROM `goods` [ RunTime:0.0066s ]
SQL: SELECT * FROM `goods`  [ RunTime:0.0006s ]
INFO: [ view_parse ] --START--
INFO: [ template_filter ] --START--
INFO: Run Behavior\ContentReplaceBehavior [ RunTime:0.000068s ]
INFO: [ template_filter ] --END-- [ RunTime:0.000110s ]
INFO: Run Behavior\ParseTemplateBehavior [ RunTime:0.011593s ]
INFO: [ view_parse ] --END-- [ RunTime:0.011659s ]
INFO: [ view_filter ] --START--
INFO: Run Behavior\WriteHtmlCacheBehavior [ RunTime:0.000666s ]
INFO: [ view_filter ] --END-- [ RunTime:0.000703s ]
INFO: [ app_end ] --START--
INFO: Run Behavior\ShowPageTraceBehavior [ RunTime:0.000887s ]
INFO: [ app_end ] --END-- [ RunTime:0.000932s ]

[ 2018-11-19T22:05:17+08:00 ] ::1 /furniture/index.php/Admin/Order/orderinfo.html
INFO: [ app_init ] --START--
INFO: Run Behavior\BuildLiteBehavior [ RunTime:0.000023s ]
INFO: [ app_init ] --END-- [ RunTime:0.000956s ]
INFO: [ app_begin ] --START--
INFO: Run Behavior\ReadHtmlCacheBehavior [ RunTime:0.001612s ]
INFO: [ app_begin ] --END-- [ RunTime:0.001711s ]
SQL: SHOW COLUMNS FROM `order` [ RunTime:0.0170s ]
SQL: SHOW COLUMNS FROM `myorder_view` [ RunTime:0.0182s ]
SQL: SELECT * FROM `myorder_view`  [ RunTime:0.0018s ]
INFO: [ view_parse ] --START--
INFO: [ template_filter ] --START--
INFO: Run Behavior\ContentReplaceBehavior [ RunTime:0.000114s ]
INFO: [ template_filter ] --END-- [ RunTime:0.000271s ]
INFO: Run Behavior\ParseTemplateBehavior [ RunTime:0.027305s ]
INFO: [ view_parse ] --END-- [ RunTime:0.027452s ]
INFO: [ view_filter ] --START--
INFO: Run Behavior\WriteHtmlCacheBehavior [ RunTime:0.001935s ]
INFO: [ view_filter ] --END-- [ RunTime:0.002034s ]
INFO: [ app_end ] --START--
INFO: Run Behavior\ShowPageTraceBehavior [ RunTime:0.002462s ]
INFO: [ app_end ] --END-- [ RunTime:0.002563s ]

[ 2018-11-19T22:05:21+08:00 ] ::1 /furniture/index.php/Admin/News/news.html
INFO: [ app_init ] --START--
INFO: Run Behavior\BuildLiteBehavior [ RunTime:0.000029s ]
INFO: [ app_init ] --END-- [ RunTime:0.001292s ]
INFO: [ app_begin ] --START--
INFO: Run Behavior\ReadHtmlCacheBehavior [ RunTime:0.002165s ]
INFO: [ app_begin ] --END-- [ RunTime:0.002297s ]
SQL: SHOW COLUMNS FROM `news` [ RunTime:0.0194s ]
SQL: SHOW COLUMNS FROM `news` [ RunTime:0.0112s ]
SQL: SELECT * FROM `news`  [ RunTime:0.0003s ]
INFO: [ view_parse ] --START--
INFO: [ template_filter ] --START--
INFO: Run Behavior\ContentReplaceBehavior [ RunTime:0.000050s ]
INFO: [ template_filter ] --END-- [ RunTime:0.000093s ]
INFO: Run Behavior\ParseTemplateBehavior [ RunTime:0.009943s ]
INFO: [ view_parse ] --END-- [ RunTime:0.010003s ]
INFO: [ view_filter ] --START--
INFO: Run Behavior\WriteHtmlCacheBehavior [ RunTime:0.000701s ]
INFO: [ view_filter ] --END-- [ RunTime:0.000742s ]
INFO: [ app_end ] --START--
INFO: Run Behavior\ShowPageTraceBehavior [ RunTime:0.000893s ]
INFO: [ app_end ] --END-- [ RunTime:0.000934s ]

[ 2018-11-19T22:05:23+08:00 ] ::1 /furniture/index.php/Admin/Order/orderinfo.html
INFO: [ app_init ] --START--
INFO: Run Behavior\BuildLiteBehavior [ RunTime:0.000011s ]
INFO: [ app_init ] --END-- [ RunTime:0.000504s ]
INFO: [ app_begin ] --START--
INFO: Run Behavior\ReadHtmlCacheBehavior [ RunTime:0.000906s ]
INFO: [ app_begin ] --END-- [ RunTime:0.000963s ]
SQL: SHOW COLUMNS FROM `order` [ RunTime:0.0147s ]
SQL: SHOW COLUMNS FROM `myorder_view` [ RunTime:0.0070s ]
SQL: SELECT * FROM `myorder_view`  [ RunTime:0.0007s ]
INFO: [ view_parse ] --START--
INFO: [ template_filter ] --START--
INFO: Run Behavior\ContentReplaceBehavior [ RunTime:0.000054s ]
INFO: [ template_filter ] --END-- [ RunTime:0.000132s ]
INFO: Run Behavior\ParseTemplateBehavior [ RunTime:0.010280s ]
INFO: [ view_parse ] --END-- [ RunTime:0.010341s ]
INFO: [ view_filter ] --START--
INFO: Run Behavior\WriteHtmlCacheBehavior [ RunTime:0.000701s ]
INFO: [ view_filter ] --END-- [ RunTime:0.000739s ]
INFO: [ app_end ] --START--
INFO: Run Behavior\ShowPageTraceBehavior [ RunTime:0.000852s ]
INFO: [ app_end ] --END-- [ RunTime:0.000890s ]

[ 2018-11-19T22:05:27+08:00 ] ::1 /furniture/index.php/Admin/Address/address.html
INFO: [ app_init ] --START--
INFO: Run Behavior\BuildLiteBehavior [ RunTime:0.000011s ]
INFO: [ app_init ] --END-- [ RunTime:0.000473s ]
INFO: [ app_begin ] --START--
INFO: Run Behavior\ReadHtmlCacheBehavior [ RunTime:0.000843s ]
INFO: [ app_begin ] --END-- [ RunTime:0.000895s ]
SQL: SHOW COLUMNS FROM `address_view` [ RunTime:0.0195s ]
SQL: SHOW COLUMNS FROM `address_view` [ RunTime:0.0179s ]
SQL: SELECT * FROM `address_view`  [ RunTime:0.0016s ]
INFO: [ view_parse ] --START--
INFO: [ template_filter ] --START--
INFO: Run Behavior\ContentReplaceBehavior [ RunTime:0.000107s ]
INFO: [ template_filter ] --END-- [ RunTime:0.000225s ]
INFO: Run Behavior\ParseTemplateBehavior [ RunTime:0.025844s ]
INFO: [ view_parse ] --END-- [ RunTime:0.025995s ]
INFO: [ view_filter ] --START--
INFO: Run Behavior\WriteHtmlCacheBehavior [ RunTime:0.001829s ]
INFO: [ view_filter ] --END-- [ RunTime:0.001928s ]
INFO: [ app_end ] --START--
INFO: Run Behavior\ShowPageTraceBehavior [ RunTime:0.002355s ]
INFO: [ app_end ] --END-- [ RunTime:0.002467s ]

[ 2018-11-19T22:05:31+08:00 ] ::1 /furniture/index.php/Admin/Order/orderinfo.html
INFO: [ app_init ] --START--
INFO: Run Behavior\BuildLiteBehavior [ RunTime:0.000030s ]
INFO: [ app_init ] --END-- [ RunTime:0.001305s ]
INFO: [ app_begin ] --START--
INFO: Run Behavior\ReadHtmlCacheBehavior [ RunTime:0.002445s ]
INFO: [ app_begin ] --END-- [ RunTime:0.002596s ]
SQL: SHOW COLUMNS FROM `order` [ RunTime:0.0198s ]
SQL: SHOW COLUMNS FROM `myorder_view` [ RunTime:0.0179s ]
SQL: SELECT * FROM `myorder_view`  [ RunTime:0.0017s ]
INFO: [ view_parse ] --START--
INFO: [ template_filter ] --START--
INFO: Run Behavior\ContentReplaceBehavior [ RunTime:0.000114s ]
INFO: [ template_filter ] --END-- [ RunTime:0.000272s ]
INFO: Run Behavior\ParseTemplateBehavior [ RunTime:0.027271s ]
INFO: [ view_parse ] --END-- [ RunTime:0.027418s ]
INFO: [ view_filter ] --START--
INFO: Run Behavior\WriteHtmlCacheBehavior [ RunTime:0.001851s ]
INFO: [ view_filter ] --END-- [ RunTime:0.001951s ]
INFO: [ app_end ] --START--
INFO: Run Behavior\ShowPageTraceBehavior [ RunTime:0.002323s ]
INFO: [ app_end ] --END-- [ RunTime:0.002424s ]

[ 2018-11-19T22:05:33+08:00 ] ::1 /furniture/index.php/Admin/News/news.html
INFO: [ app_init ] --START--
INFO: Run Behavior\BuildLiteBehavior [ RunTime:0.000030s ]
INFO: [ app_init ] --END-- [ RunTime:0.001334s ]
INFO: [ app_begin ] --START--
INFO: Run Behavior\ReadHtmlCacheBehavior [ RunTime:0.002335s ]
INFO: [ app_begin ] --END-- [ RunTime:0.002477s ]
SQL: SHOW COLUMNS FROM `news` [ RunTime:0.0183s ]
SQL: SHOW COLUMNS FROM `news` [ RunTime:0.0166s ]
SQL: SELECT * FROM `news`  [ RunTime:0.0007s ]
INFO: [ view_parse ] --START--
INFO: [ template_filter ] --START--
INFO: Run Behavior\ContentReplaceBehavior [ RunTime:0.000134s ]
INFO: [ template_filter ] --END-- [ RunTime:0.000254s ]
INFO: Run Behavior\ParseTemplateBehavior [ RunTime:0.027264s ]
INFO: [ view_parse ] --END-- [ RunTime:0.027410s ]
INFO: [ view_filter ] --START--
INFO: Run Behavior\WriteHtmlCacheBehavior [ RunTime:0.001855s ]
INFO: [ view_filter ] --END-- [ RunTime:0.001956s ]
INFO: [ app_end ] --START--
INFO: Run Behavior\ShowPageTraceBehavior [ RunTime:0.002348s ]
INFO: [ app_end ] --END-- [ RunTime:0.002449s ]

[ 2018-11-19T22:05:35+08:00 ] ::1 /furniture/index.php/Admin/Goodscolor/show_goodscolor.html
INFO: [ app_init ] --START--
INFO: Run Behavior\BuildLiteBehavior [ RunTime:0.000017s ]
INFO: [ app_init ] --END-- [ RunTime:0.000729s ]
INFO: [ app_begin ] --START--
INFO: Run Behavior\ReadHtmlCacheBehavior [ RunTime:0.001314s ]
INFO: [ app_begin ] --END-- [ RunTime:0.001393s ]
SQL: SHOW COLUMNS FROM `goodscolor` [ RunTime:0.0122s ]
SQL: SHOW COLUMNS FROM `goodscolor` [ RunTime:0.0081s ]
SQL: SELECT * FROM `goodscolor`  [ RunTime:0.0009s ]
SQL: SHOW COLUMNS FROM `goods` [ RunTime:0.0066s ]
SQL: SHOW COLUMNS FROM `goods` [ RunTime:0.0064s ]
SQL: SELECT * FROM `goods`  [ RunTime:0.0006s ]
INFO: [ view_parse ] --START--
INFO: [ template_filter ] --START--
INFO: Run Behavior\ContentReplaceBehavior [ RunTime:0.000066s ]
INFO: [ template_filter ] --END-- [ RunTime:0.000106s ]
INFO: Run Behavior\ParseTemplateBehavior [ RunTime:0.011570s ]
INFO: [ view_parse ] --END-- [ RunTime:0.011627s ]
INFO: [ view_filter ] --START--
INFO: Run Behavior\WriteHtmlCacheBehavior [ RunTime:0.000684s ]
INFO: [ view_filter ] --END-- [ RunTime:0.000719s ]
INFO: [ app_end ] --START--
INFO: Run Behavior\ShowPageTraceBehavior [ RunTime:0.000876s ]
INFO: [ app_end ] --END-- [ RunTime:0.000920s ]

[ 2018-11-19T22:06:31+08:00 ] ::1 /furniture/index.php/Admin/Order/orderinfo.html
INFO: [ app_init ] --START--
INFO: Run Behavior\BuildLiteBehavior [ RunTime:0.000029s ]
INFO: [ app_init ] --END-- [ RunTime:0.001310s ]
INFO: [ app_begin ] --START--
INFO: Run Behavior\ReadHtmlCacheBehavior [ RunTime:0.002711s ]
INFO: [ app_begin ] --END-- [ RunTime:0.002858s ]
SQL: SHOW COLUMNS FROM `order` [ RunTime:0.0182s ]
SQL: SHOW COLUMNS FROM `myorder_view` [ RunTime:0.0185s ]
SQL: SELECT * FROM `myorder_view`  [ RunTime:0.0017s ]
INFO: [ view_parse ] --START--
INFO: [ template_filter ] --START--
INFO: Run Behavior\ContentReplaceBehavior [ RunTime:0.000117s ]
INFO: [ template_filter ] --END-- [ RunTime:0.000274s ]
INFO: Run Behavior\ParseTemplateBehavior [ RunTime:0.027547s ]
INFO: [ view_parse ] --END-- [ RunTime:0.027694s ]
INFO: [ view_filter ] --START--
INFO: Run Behavior\WriteHtmlCacheBehavior [ RunTime:0.001905s ]
INFO: [ view_filter ] --END-- [ RunTime:0.002002s ]
INFO: [ app_end ] --START--
INFO: Run Behavior\ShowPageTraceBehavior [ RunTime:0.002386s ]
INFO: [ app_end ] --END-- [ RunTime:0.002447s ]

[ 2018-11-19T22:06:49+08:00 ] ::1 /furniture/index.php/Admin/News/news.html
INFO: [ app_init ] --START--
INFO: Run Behavior\BuildLiteBehavior [ RunTime:0.000043s ]
INFO: [ app_init ] --END-- [ RunTime:0.001311s ]
INFO: [ app_begin ] --START--
INFO: Run Behavior\ReadHtmlCacheBehavior [ RunTime:0.002346s ]
INFO: [ app_begin ] --END-- [ RunTime:0.002486s ]
SQL: SHOW COLUMNS FROM `news` [ RunTime:0.0196s ]
SQL: SHOW COLUMNS FROM `news` [ RunTime:0.0166s ]
SQL: SELECT * FROM `news`  [ RunTime:0.0008s ]
INFO: [ view_parse ] --START--
INFO: [ template_filter ] --START--
INFO: Run Behavior\ContentReplaceBehavior [ RunTime:0.000136s ]
INFO: [ template_filter ] --END-- [ RunTime:0.000259s ]
INFO: Run Behavior\ParseTemplateBehavior [ RunTime:0.027252s ]
INFO: [ view_parse ] --END-- [ RunTime:0.027399s ]
INFO: [ view_filter ] --START--
INFO: Run Behavior\WriteHtmlCacheBehavior [ RunTime:0.001838s ]
INFO: [ view_filter ] --END-- [ RunTime:0.001937s ]
INFO: [ app_end ] --START--
INFO: Run Behavior\ShowPageTraceBehavior [ RunTime:0.002297s ]
INFO: [ app_end ] --END-- [ RunTime:0.002407s ]

[ 2018-11-19T22:06:55+08:00 ] ::1 /furniture/index.php/Admin/Goodscolor/show_goodscolor.html
INFO: [ app_init ] --START--
INFO: Run Behavior\BuildLiteBehavior [ RunTime:0.000011s ]
INFO: [ app_init ] --END-- [ RunTime:0.000472s ]
INFO: [ app_begin ] --START--
INFO: Run Behavior\ReadHtmlCacheBehavior [ RunTime:0.000845s ]
INFO: [ app_begin ] --END-- [ RunTime:0.000895s ]
SQL: SHOW COLUMNS FROM `goodscolor` [ RunTime:0.0152s ]
SQL: SHOW COLUMNS FROM `goodscolor` [ RunTime:0.0060s ]
SQL: SELECT * FROM `goodscolor`  [ RunTime:0.0009s ]
SQL: SHOW COLUMNS FROM `goods` [ RunTime:0.0067s ]
SQL: SHOW COLUMNS FROM `goods` [ RunTime:0.0065s ]
SQL: SELECT * FROM `goods`  [ RunTime:0.0006s ]
INFO: [ view_parse ] --START--
INFO: [ template_filter ] --START--
INFO: Run Behavior\ContentReplaceBehavior [ RunTime:0.000068s ]
INFO: [ template_filter ] --END-- [ RunTime:0.000110s ]
INFO: Run Behavior\ParseTemplateBehavior [ RunTime:0.011701s ]
INFO: [ view_parse ] --END-- [ RunTime:0.011756s ]
INFO: [ view_filter ] --START--
INFO: Run Behavior\WriteHtmlCacheBehavior [ RunTime:0.000684s ]
INFO: [ view_filter ] --END-- [ RunTime:0.000720s ]
INFO: [ app_end ] --START--
INFO: Run Behavior\ShowPageTraceBehavior [ RunTime:0.000892s ]
INFO: [ app_end ] --END-- [ RunTime:0.000937s ]

[ 2018-11-19T22:06:57+08:00 ] ::1 /furniture/index.php/Admin/News/news.html
INFO: [ app_init ] --START--
INFO: Run Behavior\BuildLiteBehavior [ RunTime:0.000012s ]
INFO: [ app_init ] --END-- [ RunTime:0.000492s ]
INFO: [ app_begin ] --START--
INFO: Run Behavior\ReadHtmlCacheBehavior [ RunTime:0.000840s ]
INFO: [ app_begin ] --END-- [ RunTime:0.000892s ]
SQL: SHOW COLUMNS FROM `news` [ RunTime:0.0165s ]
SQL: SHOW COLUMNS FROM `news` [ RunTime:0.0162s ]
SQL: SELECT * FROM `news`  [ RunTime:0.0007s ]
INFO: [ view_parse ] --START--
INFO: [ template_filter ] --START--
INFO: Run Behavior\ContentReplaceBehavior [ RunTime:0.000135s ]
INFO: [ template_filter ] --END-- [ RunTime:0.000253s ]
INFO: Run Behavior\ParseTemplateBehavior [ RunTime:0.027320s ]
INFO: [ view_parse ] --END-- [ RunTime:0.027466s ]
INFO: [ view_filter ] --START--
INFO: Run Behavior\WriteHtmlCacheBehavior [ RunTime:0.001848s ]
INFO: [ view_filter ] --END-- [ RunTime:0.001946s ]
INFO: [ app_end ] --START--
INFO: Run Behavior\ShowPageTraceBehavior [ RunTime:0.002365s ]
INFO: [ app_end ] --END-- [ RunTime:0.002466s ]

[ 2018-11-19T22:07:21+08:00 ] ::1 /furniture/index.php/Admin/Order/orderinfo.html
INFO: [ app_init ] --START--
INFO: Run Behavior\BuildLiteBehavior [ RunTime:0.000029s ]
INFO: [ app_init ] --END-- [ RunTime:0.001285s ]
INFO: [ app_begin ] --START--
INFO: Run Behavior\ReadHtmlCacheBehavior [ RunTime:0.002327s ]
INFO: [ app_begin ] --END-- [ RunTime:0.002465s ]
SQL: SHOW COLUMNS FROM `order` [ RunTime:0.0200s ]
SQL: SHOW COLUMNS FROM `myorder_view` [ RunTime:0.0183s ]
SQL: SELECT * FROM `myorder_view`  [ RunTime:0.0019s ]
INFO: [ view_parse ] --START--
INFO: [ template_filter ] --START--
INFO: Run Behavior\ContentReplaceBehavior [ RunTime:0.000112s ]
INFO: [ template_filter ] --END-- [ RunTime:0.000270s ]
INFO: Run Behavior\ParseTemplateBehavior [ RunTime:0.027167s ]
INFO: [ view_parse ] --END-- [ RunTime:0.027320s ]
INFO: [ view_filter ] --START--
INFO: Run Behavior\WriteHtmlCacheBehavior [ RunTime:0.001807s ]
INFO: [ view_filter ] --END-- [ RunTime:0.001908s ]
INFO: [ app_end ] --START--
INFO: Run Behavior\ShowPageTraceBehavior [ RunTime:0.002457s ]
INFO: [ app_end ] --END-- [ RunTime:0.002560s ]

[ 2018-11-19T22:07:27+08:00 ] ::1 /furniture/index.php/Admin/Goodsdetail/show_detail.html
INFO: [ app_init ] --START--
INFO: Run Behavior\BuildLiteBehavior [ RunTime:0.000011s ]
INFO: [ app_init ] --END-- [ RunTime:0.000468s ]
INFO: [ app_begin ] --START--
INFO: Run Behavior\ReadHtmlCacheBehavior [ RunTime:0.000834s ]
INFO: [ app_begin ] --END-- [ RunTime:0.000885s ]
SQL: SHOW COLUMNS FROM `goods` [ RunTime:0.0090s ]
SQL: SHOW COLUMNS FROM `goods` [ RunTime:0.0062s ]
SQL: SELECT * FROM `goods`  [ RunTime:0.0006s ]
SQL: SHOW COLUMNS FROM `goodsdetail` [ RunTime:0.0066s ]
SQL: SHOW COLUMNS FROM `goodsdetail` [ RunTime:0.0060s ]
SQL: SELECT * FROM `goodsdetail`  [ RunTime:0.0004s ]
INFO: [ view_parse ] --START--
INFO: [ template_filter ] --START--
INFO: Run Behavior\ContentReplaceBehavior [ RunTime:0.000060s ]
INFO: [ template_filter ] --END-- [ RunTime:0.000107s ]
INFO: Run Behavior\ParseTemplateBehavior [ RunTime:0.010931s ]
INFO: [ view_parse ] --END-- [ RunTime:0.010984s ]
INFO: [ view_filter ] --START--
INFO: Run Behavior\WriteHtmlCacheBehavior [ RunTime:0.000678s ]
INFO: [ view_filter ] --END-- [ RunTime:0.000715s ]
INFO: [ app_end ] --START--
INFO: Run Behavior\ShowPageTraceBehavior [ RunTime:0.000882s ]
INFO: [ app_end ] --END-- [ RunTime:0.000937s ]

[ 2018-11-19T22:08:37+08:00 ] ::1 /furniture/Admin/Backindex/back_index
INFO: [ app_init ] --START--
INFO: Run Behavior\BuildLiteBehavior [ RunTime:0.000012s ]
INFO: [ app_init ] --END-- [ RunTime:0.000494s ]
INFO: [ app_begin ] --START--
INFO: Run Behavior\ReadHtmlCacheBehavior [ RunTime:0.000935s ]
INFO: [ app_begin ] --END-- [ RunTime:0.000983s ]
INFO: [ view_parse ] --START--
INFO: [ template_filter ] --START--
INFO: Run Behavior\ContentReplaceBehavior [ RunTime:0.000050s ]
INFO: [ template_filter ] --END-- [ RunTime:0.000096s ]
INFO: Run Behavior\ParseTemplateBehavior [ RunTime:0.010025s ]
INFO: [ view_parse ] --END-- [ RunTime:0.010079s ]
INFO: [ view_filter ] --START--
INFO: Run Behavior\WriteHtmlCacheBehavior [ RunTime:0.000676s ]
INFO: [ view_filter ] --END-- [ RunTime:0.000711s ]
INFO: [ app_end ] --START--
INFO: Run Behavior\ShowPageTraceBehavior [ RunTime:0.000842s ]
INFO: [ app_end ] --END-- [ RunTime:0.000884s ]

[ 2018-11-19T22:08:38+08:00 ] ::1 /furniture/index.php/Admin/Index/index.html
INFO: [ app_init ] --START--
INFO: Run Behavior\BuildLiteBehavior [ RunTime:0.000017s ]
INFO: [ app_init ] --END-- [ RunTime:0.000550s ]
INFO: [ app_begin ] --START--
INFO: Run Behavior\ReadHtmlCacheBehavior [ RunTime:0.000899s ]
INFO: [ app_begin ] --END-- [ RunTime:0.000962s ]
INFO: [ view_parse ] --START--
INFO: [ template_filter ] --START--
INFO: Run Behavior\ContentReplaceBehavior [ RunTime:0.000099s ]
INFO: [ template_filter ] --END-- [ RunTime:0.000267s ]
INFO: Run Behavior\ParseTemplateBehavior [ RunTime:0.012328s ]
INFO: [ view_parse ] --END-- [ RunTime:0.012410s ]
INFO: [ view_filter ] --START--
INFO: Run Behavior\WriteHtmlCacheBehavior [ RunTime:0.001293s ]
INFO: [ view_filter ] --END-- [ RunTime:0.001361s ]
INFO: [ app_end ] --START--
INFO: Run Behavior\ShowPageTraceBehavior [ RunTime:0.001271s ]
INFO: [ app_end ] --END-- [ RunTime:0.001332s ]

[ 2018-11-19T22:08:40+08:00 ] ::1 /furniture/index.php/Admin/Typeinfo/show_type.html
INFO: [ app_init ] --START--
INFO: Run Behavior\BuildLiteBehavior [ RunTime:0.000012s ]
INFO: [ app_init ] --END-- [ RunTime:0.000536s ]
INFO: [ app_begin ] --START--
INFO: Run Behavior\ReadHtmlCacheBehavior [ RunTime:0.000961s ]
INFO: [ app_begin ] --END-- [ RunTime:0.001022s ]
SQL: SHOW COLUMNS FROM `goodstype` [ RunTime:0.0194s ]
SQL: SHOW COLUMNS FROM `goodstype` [ RunTime:0.0171s ]
SQL: SELECT * FROM `goodstype`  [ RunTime:0.0008s ]
INFO: [ view_parse ] --START--
INFO: [ template_filter ] --START--
INFO: Run Behavior\ContentReplaceBehavior [ RunTime:0.000129s ]
INFO: [ template_filter ] --END-- [ RunTime:0.000245s ]
INFO: Run Behavior\ParseTemplateBehavior [ RunTime:0.048090s ]
INFO: [ view_parse ] --END-- [ RunTime:0.048244s ]
INFO: [ view_filter ] --START--
INFO: Run Behavior\WriteHtmlCacheBehavior [ RunTime:0.001860s ]
INFO: [ view_filter ] --END-- [ RunTime:0.001960s ]
INFO: [ app_end ] --START--
INFO: Run Behavior\ShowPageTraceBehavior [ RunTime:0.002383s ]
INFO: [ app_end ] --END-- [ RunTime:0.002484s ]

[ 2018-11-19T22:08:43+08:00 ] ::1 /furniture/index.php/Admin/Goodscolor/show_goodscolor.html
INFO: [ app_init ] --START--
INFO: Run Behavior\BuildLiteBehavior [ RunTime:0.000012s ]
INFO: [ app_init ] --END-- [ RunTime:0.000474s ]
INFO: [ app_begin ] --START--
INFO: Run Behavior\ReadHtmlCacheBehavior [ RunTime:0.000849s ]
INFO: [ app_begin ] --END-- [ RunTime:0.000898s ]
SQL: SHOW COLUMNS FROM `goodscolor` [ RunTime:0.0194s ]
SQL: SHOW COLUMNS FROM `goodscolor` [ RunTime:0.0168s ]
SQL: SELECT * FROM `goodscolor`  [ RunTime:0.0024s ]
SQL: SHOW COLUMNS FROM `goods` [ RunTime:0.0172s ]
SQL: SHOW COLUMNS FROM `goods` [ RunTime:0.0183s ]
SQL: SELECT * FROM `goods`  [ RunTime:0.0016s ]
INFO: [ view_parse ] --START--
INFO: [ template_filter ] --START--
INFO: Run Behavior\ContentReplaceBehavior [ RunTime:0.000178s ]
INFO: [ template_filter ] --END-- [ RunTime:0.000290s ]
INFO: Run Behavior\ParseTemplateBehavior [ RunTime:0.031795s ]
INFO: [ view_parse ] --END-- [ RunTime:0.031942s ]
INFO: [ view_filter ] --START--
INFO: Run Behavior\WriteHtmlCacheBehavior [ RunTime:0.001896s ]
INFO: [ view_filter ] --END-- [ RunTime:0.001997s ]
INFO: [ app_end ] --START--
INFO: Run Behavior\ShowPageTraceBehavior [ RunTime:0.002524s ]
INFO: [ app_end ] --END-- [ RunTime:0.002684s ]

[ 2018-11-19T22:08:52+08:00 ] ::1 /furniture/index.php/Admin/Goodsdetail/show_detail.html
INFO: [ app_init ] --START--
INFO: Run Behavior\BuildLiteBehavior [ RunTime:0.000031s ]
INFO: [ app_init ] --END-- [ RunTime:0.001307s ]
INFO: [ app_begin ] --START--
INFO: Run Behavior\ReadHtmlCacheBehavior [ RunTime:0.002128s ]
INFO: [ app_begin ] --END-- [ RunTime:0.002266s ]
SQL: SHOW COLUMNS FROM `goods` [ RunTime:0.0171s ]
SQL: SHOW COLUMNS FROM `goods` [ RunTime:0.0173s ]
SQL: SELECT * FROM `goods`  [ RunTime:0.0017s ]
SQL: SHOW COLUMNS FROM `goodsdetail` [ RunTime:0.0167s ]
SQL: SHOW COLUMNS FROM `goodsdetail` [ RunTime:0.0165s ]
SQL: SELECT * FROM `goodsdetail`  [ RunTime:0.0010s ]
INFO: [ view_parse ] --START--
INFO: [ template_filter ] --START--
INFO: Run Behavior\ContentReplaceBehavior [ RunTime:0.000166s ]
INFO: [ template_filter ] --END-- [ RunTime:0.000289s ]
INFO: Run Behavior\ParseTemplateBehavior [ RunTime:0.026771s ]
INFO: [ view_parse ] --END-- [ RunTime:0.026913s ]
INFO: [ view_filter ] --START--
INFO: Run Behavior\WriteHtmlCacheBehavior [ RunTime:0.001388s ]
INFO: [ view_filter ] --END-- [ RunTime:0.001489s ]
INFO: [ app_end ] --START--
INFO: Run Behavior\ShowPageTraceBehavior [ RunTime:0.001891s ]
INFO: [ app_end ] --END-- [ RunTime:0.002002s ]

[ 2018-11-19T22:09:02+08:00 ] ::1 /furniture/Admin/Backindex/back_index
INFO: [ app_init ] --START--
INFO: Run Behavior\BuildLiteBehavior [ RunTime:0.000033s ]
INFO: [ app_init ] --END-- [ RunTime:0.001121s ]
INFO: [ app_begin ] --START--
INFO: Run Behavior\ReadHtmlCacheBehavior [ RunTime:0.001374s ]
INFO: [ app_begin ] --END-- [ RunTime:0.001514s ]
INFO: [ view_parse ] --START--
INFO: [ template_filter ] --START--
INFO: Run Behavior\ContentReplaceBehavior [ RunTime:0.000128s ]
INFO: [ template_filter ] --END-- [ RunTime:0.000248s ]
INFO: Run Behavior\ParseTemplateBehavior [ RunTime:0.021171s ]
INFO: [ view_parse ] --END-- [ RunTime:0.021316s ]
INFO: [ view_filter ] --START--
INFO: Run Behavior\WriteHtmlCacheBehavior [ RunTime:0.000831s ]
INFO: [ view_filter ] --END-- [ RunTime:0.000924s ]
INFO: [ app_end ] --START--
INFO: Run Behavior\ShowPageTraceBehavior [ RunTime:0.001311s ]
INFO: [ app_end ] --END-- [ RunTime:0.001418s ]

[ 2018-11-19T22:09:02+08:00 ] ::1 /furniture/index.php/Admin/Index/index.html
INFO: [ app_init ] --START--
INFO: Run Behavior\BuildLiteBehavior [ RunTime:0.000014s ]
INFO: [ app_init ] --END-- [ RunTime:0.000718s ]
INFO: [ app_begin ] --START--
INFO: Run Behavior\ReadHtmlCacheBehavior [ RunTime:0.000794s ]
INFO: [ app_begin ] --END-- [ RunTime:0.000850s ]
INFO: [ view_parse ] --START--
INFO: [ template_filter ] --START--
INFO: Run Behavior\ContentReplaceBehavior [ RunTime:0.000049s ]
INFO: [ template_filter ] --END-- [ RunTime:0.000121s ]
INFO: Run Behavior\ParseTemplateBehavior [ RunTime:0.007961s ]
INFO: [ view_parse ] --END-- [ RunTime:0.008029s ]
INFO: [ view_filter ] --START--
INFO: Run Behavior\WriteHtmlCacheBehavior [ RunTime:0.000509s ]
INFO: [ view_filter ] --END-- [ RunTime:0.000546s ]
INFO: [ app_end ] --START--
INFO: Run Behavior\ShowPageTraceBehavior [ RunTime:0.000728s ]
INFO: [ app_end ] --END-- [ RunTime:0.000773s ]

[ 2018-11-19T22:09:05+08:00 ] ::1 /furniture/index.php/Admin/Goodsdetail/show_detail.html
INFO: [ app_init ] --START--
INFO: Run Behavior\BuildLiteBehavior [ RunTime:0.000011s ]
INFO: [ app_init ] --END-- [ RunTime:0.000372s ]
INFO: [ app_begin ] --START--
INFO: Run Behavior\ReadHtmlCacheBehavior [ RunTime:0.000464s ]
INFO: [ app_begin ] --END-- [ RunTime:0.000534s ]
SQL: SHOW COLUMNS FROM `goods` [ RunTime:0.0202s ]
SQL: SHOW COLUMNS FROM `goods` [ RunTime:0.0170s ]
SQL: SELECT * FROM `goods`  [ RunTime:0.0017s ]
SQL: SHOW COLUMNS FROM `goodsdetail` [ RunTime:0.0164s ]
SQL: SHOW COLUMNS FROM `goodsdetail` [ RunTime:0.0161s ]
SQL: SELECT * FROM `goodsdetail`  [ RunTime:0.0010s ]
INFO: [ view_parse ] --START--
INFO: [ template_filter ] --START--
INFO: Run Behavior\ContentReplaceBehavior [ RunTime:0.000156s ]
INFO: [ template_filter ] --END-- [ RunTime:0.000278s ]
INFO: Run Behavior\ParseTemplateBehavior [ RunTime:0.023107s ]
INFO: [ view_parse ] --END-- [ RunTime:0.023240s ]
INFO: [ view_filter ] --START--
INFO: Run Behavior\WriteHtmlCacheBehavior [ RunTime:0.000782s ]
INFO: [ view_filter ] --END-- [ RunTime:0.000875s ]
INFO: [ app_end ] --START--
INFO: Run Behavior\ShowPageTraceBehavior [ RunTime:0.001289s ]
INFO: [ app_end ] --END-- [ RunTime:0.001399s ]

[ 2018-11-19T22:09:19+08:00 ] ::1 /furniture/index.php/Admin/Address/address.html
INFO: [ app_init ] --START--
INFO: Run Behavior\BuildLiteBehavior [ RunTime:0.000020s ]
INFO: [ app_init ] --END-- [ RunTime:0.000567s ]
INFO: [ app_begin ] --START--
INFO: Run Behavior\ReadHtmlCacheBehavior [ RunTime:0.000695s ]
INFO: [ app_begin ] --END-- [ RunTime:0.000767s ]
SQL: SHOW COLUMNS FROM `address_view` [ RunTime:0.0121s ]
SQL: SHOW COLUMNS FROM `address_view` [ RunTime:0.0102s ]
SQL: SELECT * FROM `address_view`  [ RunTime:0.0008s ]
INFO: [ view_parse ] --START--
INFO: [ template_filter ] --START--
INFO: Run Behavior\ContentReplaceBehavior [ RunTime:0.000040s ]
INFO: [ template_filter ] --END-- [ RunTime:0.000081s ]
INFO: Run Behavior\ParseTemplateBehavior [ RunTime:0.006857s ]
INFO: [ view_parse ] --END-- [ RunTime:0.006910s ]
INFO: [ view_filter ] --START--
INFO: Run Behavior\WriteHtmlCacheBehavior [ RunTime:0.000286s ]
INFO: [ view_filter ] --END-- [ RunTime:0.000319s ]
INFO: [ app_end ] --START--
INFO: Run Behavior\ShowPageTraceBehavior [ RunTime:0.000482s ]
INFO: [ app_end ] --END-- [ RunTime:0.000521s ]

[ 2018-11-19T22:09:25+08:00 ] ::1 /furniture/Admin/Backindex/logout
INFO: [ app_init ] --START--
INFO: Run Behavior\BuildLiteBehavior [ RunTime:0.000013s ]
INFO: [ app_init ] --END-- [ RunTime:0.000435s ]
INFO: [ app_begin ] --START--
INFO: Run Behavior\ReadHtmlCacheBehavior [ RunTime:0.000541s ]
INFO: [ app_begin ] --END-- [ RunTime:0.000593s ]

[ 2018-11-19T22:09:25+08:00 ] ::1 /furniture/index.php/Admin/Adminlogin/login.html
INFO: [ app_init ] --START--
INFO: Run Behavior\BuildLiteBehavior [ RunTime:0.000011s ]
INFO: [ app_init ] --END-- [ RunTime:0.000381s ]
INFO: [ app_begin ] --START--
INFO: Run Behavior\ReadHtmlCacheBehavior [ RunTime:0.000467s ]
INFO: [ app_begin ] --END-- [ RunTime:0.000518s ]
INFO: [ view_parse ] --START--
INFO: [ template_filter ] --START--
INFO: Run Behavior\ContentReplaceBehavior [ RunTime:0.000036s ]
INFO: [ template_filter ] --END-- [ RunTime:0.000085s ]
INFO: Run Behavior\ParseTemplateBehavior [ RunTime:0.005893s ]
INFO: [ view_parse ] --END-- [ RunTime:0.005946s ]
INFO: [ view_filter ] --START--
INFO: Run Behavior\WriteHtmlCacheBehavior [ RunTime:0.000292s ]
INFO: [ view_filter ] --END-- [ RunTime:0.000325s ]
INFO: [ app_end ] --START--
INFO: Run Behavior\ShowPageTraceBehavior [ RunTime:0.000466s ]
INFO: [ app_end ] --END-- [ RunTime:0.000506s ]

