[ 2018-11-18T22:49:59+08:00 ] ::1 /furniture/admin/adminlogin/login
INFO: [ app_init ] --START--
INFO: Run Behavior\BuildLiteBehavior [ RunTime:0.000013s ]
INFO: [ app_init ] --END-- [ RunTime:0.000506s ]
INFO: [ app_begin ] --START--
INFO: Run Behavior\ReadHtmlCacheBehavior [ RunTime:0.000938s ]
INFO: [ app_begin ] --END-- [ RunTime:0.001006s ]
INFO: [ view_parse ] --START--
INFO: [ template_filter ] --START--
INFO: Run Behavior\ContentReplaceBehavior [ RunTime:0.000038s ]
INFO: [ template_filter ] --END-- [ RunTime:0.000090s ]
INFO: Run Behavior\ParseTemplateBehavior [ RunTime:0.007580s ]
INFO: [ view_parse ] --END-- [ RunTime:0.007640s ]
INFO: [ view_filter ] --START--
INFO: Run Behavior\WriteHtmlCacheBehavior [ RunTime:0.000514s ]
INFO: [ view_filter ] --END-- [ RunTime:0.000550s ]
INFO: [ app_end ] --START--
INFO: Run Behavior\ShowPageTraceBehavior [ RunTime:0.000680s ]
INFO: [ app_end ] --END-- [ RunTime:0.000743s ]

[ 2018-11-18T22:50:12+08:00 ] ::1 /furniture/Admin/Adminlogin/login_verify
INFO: [ app_init ] --START--
INFO: Run Behavior\BuildLiteBehavior [ RunTime:0.000013s ]
INFO: [ app_init ] --END-- [ RunTime:0.000536s ]
INFO: [ app_begin ] --START--
INFO: Run Behavior\ReadHtmlCacheBehavior [ RunTime:0.000871s ]
INFO: [ app_begin ] --END-- [ RunTime:0.000921s ]
SQL: SHOW COLUMNS FROM `admin` [ RunTime:0.0091s ]
SQL: SHOW COLUMNS FROM `admin` [ RunTime:0.0057s ]
SQL: SELECT * FROM `admin` WHERE ( adminname='admin' and adminpwd='010da539706778c54dbb32f0c3f4affc' ) LIMIT 1   [ RunTime:0.0004s ]
INFO: [ app_end ] --START--
INFO: Run Behavior\ShowPageTraceBehavior [ RunTime:0.000762s ]
INFO: [ app_end ] --END-- [ RunTime:0.000798s ]

[ 2018-11-18T22:50:18+08:00 ] ::1 /furniture/Admin/Adminlogin/login_verify
INFO: [ app_init ] --START--
INFO: Run Behavior\BuildLiteBehavior [ RunTime:0.000020s ]
INFO: [ app_init ] --END-- [ RunTime:0.000730s ]
INFO: [ app_begin ] --START--
INFO: Run Behavior\ReadHtmlCacheBehavior [ RunTime:0.000895s ]
INFO: [ app_begin ] --END-- [ RunTime:0.000976s ]
SQL: SHOW COLUMNS FROM `admin` [ RunTime:0.0128s ]
SQL: SHOW COLUMNS FROM `admin` [ RunTime:0.0068s ]
SQL: SELECT * FROM `admin` WHERE ( adminname='admin' and adminpwd='21232f297a57a5a743894a0e4a801fc3' ) LIMIT 1   [ RunTime:0.0003s ]
INFO: [ app_end ] --START--
INFO: Run Behavior\ShowPageTraceBehavior [ RunTime:0.000701s ]
INFO: [ app_end ] --END-- [ RunTime:0.000751s ]

[ 2018-11-18T22:50:32+08:00 ] ::1 /furniture/Admin/Adminlogin/login_verify
INFO: [ app_init ] --START--
INFO: Run Behavior\BuildLiteBehavior [ RunTime:0.000010s ]
INFO: [ app_init ] --END-- [ RunTime:0.000373s ]
INFO: [ app_begin ] --START--
INFO: Run Behavior\ReadHtmlCacheBehavior [ RunTime:0.000460s ]
INFO: [ app_begin ] --END-- [ RunTime:0.000502s ]
SQL: SHOW COLUMNS FROM `admin` [ RunTime:0.0116s ]
SQL: SHOW COLUMNS FROM `admin` [ RunTime:0.0110s ]
SQL: SELECT * FROM `admin` WHERE ( adminname='llj' and adminpwd='d210b5a8c79efa7d7d72052b8f1ec9fd' ) LIMIT 1   [ RunTime:0.0005s ]
INFO: [ app_end ] --START--
INFO: Run Behavior\ShowPageTraceBehavior [ RunTime:0.001003s ]
INFO: [ app_end ] --END-- [ RunTime:0.001072s ]

[ 2018-11-18T22:50:32+08:00 ] ::1 /furniture/Admin/Backindex/back_index
INFO: [ app_init ] --START--
INFO: Run Behavior\BuildLiteBehavior [ RunTime:0.000013s ]
INFO: [ app_init ] --END-- [ RunTime:0.000423s ]
INFO: [ app_begin ] --START--
INFO: Run Behavior\ReadHtmlCacheBehavior [ RunTime:0.000474s ]
INFO: [ app_begin ] --END-- [ RunTime:0.000519s ]
INFO: [ view_parse ] --START--
INFO: [ template_filter ] --START--
INFO: Run Behavior\ContentReplaceBehavior [ RunTime:0.000050s ]
INFO: [ template_filter ] --END-- [ RunTime:0.000095s ]
INFO: Run Behavior\ParseTemplateBehavior [ RunTime:0.008936s ]
INFO: [ view_parse ] --END-- [ RunTime:0.008999s ]
INFO: [ view_filter ] --START--
INFO: Run Behavior\WriteHtmlCacheBehavior [ RunTime:0.000518s ]
INFO: [ view_filter ] --END-- [ RunTime:0.000557s ]
INFO: [ app_end ] --START--
INFO: Run Behavior\ShowPageTraceBehavior [ RunTime:0.000476s ]
INFO: [ app_end ] --END-- [ RunTime:0.000512s ]

[ 2018-11-18T22:50:33+08:00 ] ::1 /furniture/index.php/Admin/Index/index.html
INFO: [ app_init ] --START--
INFO: Run Behavior\BuildLiteBehavior [ RunTime:0.000014s ]
INFO: [ app_init ] --END-- [ RunTime:0.000507s ]
INFO: [ app_begin ] --START--
INFO: Run Behavior\ReadHtmlCacheBehavior [ RunTime:0.000993s ]
INFO: [ app_begin ] --END-- [ RunTime:0.001065s ]
INFO: [ view_parse ] --START--
INFO: [ template_filter ] --START--
INFO: Run Behavior\ContentReplaceBehavior [ RunTime:0.000046s ]
INFO: [ template_filter ] --END-- [ RunTime:0.000128s ]
INFO: Run Behavior\ParseTemplateBehavior [ RunTime:0.008994s ]
INFO: [ view_parse ] --END-- [ RunTime:0.009086s ]
INFO: [ view_filter ] --START--
INFO: Run Behavior\WriteHtmlCacheBehavior [ RunTime:0.000734s ]
INFO: [ view_filter ] --END-- [ RunTime:0.000798s ]
INFO: [ app_end ] --START--
INFO: Run Behavior\ShowPageTraceBehavior [ RunTime:0.001017s ]
INFO: [ app_end ] --END-- [ RunTime:0.001077s ]

[ 2018-11-18T22:50:36+08:00 ] ::1 /furniture/index.php/Admin/Goodsinfo/show_goods.html
INFO: [ app_init ] --START--
INFO: Run Behavior\BuildLiteBehavior [ RunTime:0.000013s ]
INFO: [ app_init ] --END-- [ RunTime:0.000428s ]
INFO: [ app_begin ] --START--
INFO: Run Behavior\ReadHtmlCacheBehavior [ RunTime:0.000532s ]
INFO: [ app_begin ] --END-- [ RunTime:0.000589s ]
SQL: SHOW COLUMNS FROM `goodstype` [ RunTime:0.0178s ]
SQL: SHOW COLUMNS FROM `goodstype` [ RunTime:0.0161s ]
SQL: SELECT * FROM `goodstype`  [ RunTime:0.0007s ]
SQL: SHOW COLUMNS FROM `goods` [ RunTime:0.0167s ]
SQL: SHOW COLUMNS FROM `goods` [ RunTime:0.0153s ]
SQL: SELECT * FROM `goods`  [ RunTime:0.0011s ]
INFO: [ view_parse ] --START--
INFO: [ template_filter ] --START--
INFO: Run Behavior\ContentReplaceBehavior [ RunTime:0.000215s ]
INFO: [ template_filter ] --END-- [ RunTime:0.000330s ]
INFO: Run Behavior\ParseTemplateBehavior [ RunTime:0.073526s ]
INFO: [ view_parse ] --END-- [ RunTime:0.073643s ]
INFO: [ view_filter ] --START--
INFO: Run Behavior\WriteHtmlCacheBehavior [ RunTime:0.000753s ]
INFO: [ view_filter ] --END-- [ RunTime:0.000918s ]
INFO: [ app_end ] --START--
INFO: Run Behavior\ShowPageTraceBehavior [ RunTime:0.001329s ]
INFO: [ app_end ] --END-- [ RunTime:0.001450s ]

[ 2018-11-18T22:50:43+08:00 ] ::1 /furniture/index.php/Admin/Goodsdetail/show_detail.html
INFO: [ app_init ] --START--
INFO: Run Behavior\BuildLiteBehavior [ RunTime:0.000011s ]
INFO: [ app_init ] --END-- [ RunTime:0.000378s ]
INFO: [ app_begin ] --START--
INFO: Run Behavior\ReadHtmlCacheBehavior [ RunTime:0.000463s ]
INFO: [ app_begin ] --END-- [ RunTime:0.000512s ]
SQL: SHOW COLUMNS FROM `goods` [ RunTime:0.0197s ]
SQL: SHOW COLUMNS FROM `goods` [ RunTime:0.0168s ]
SQL: SELECT * FROM `goods`  [ RunTime:0.0016s ]
SQL: SHOW COLUMNS FROM `goodsdetail` [ RunTime:0.0093s ]
SQL: SHOW COLUMNS FROM `goodsdetail` [ RunTime:0.0061s ]
SQL: SELECT * FROM `goodsdetail`  [ RunTime:0.0004s ]
INFO: [ view_parse ] --START--
INFO: [ template_filter ] --START--
INFO: Run Behavior\ContentReplaceBehavior [ RunTime:0.000057s ]
INFO: [ template_filter ] --END-- [ RunTime:0.000099s ]
INFO: Run Behavior\ParseTemplateBehavior [ RunTime:0.008713s ]
INFO: [ view_parse ] --END-- [ RunTime:0.008763s ]
INFO: [ view_filter ] --START--
INFO: Run Behavior\WriteHtmlCacheBehavior [ RunTime:0.000282s ]
INFO: [ view_filter ] --END-- [ RunTime:0.000317s ]
INFO: [ app_end ] --START--
INFO: Run Behavior\ShowPageTraceBehavior [ RunTime:0.000471s ]
INFO: [ app_end ] --END-- [ RunTime:0.000510s ]

[ 2018-11-18T22:50:52+08:00 ] ::1 /furniture/index.php/Admin/Address/address.html
INFO: [ app_init ] --START--
INFO: Run Behavior\BuildLiteBehavior [ RunTime:0.000021s ]
INFO: [ app_init ] --END-- [ RunTime:0.000756s ]
INFO: [ app_begin ] --START--
INFO: Run Behavior\ReadHtmlCacheBehavior [ RunTime:0.000954s ]
INFO: [ app_begin ] --END-- [ RunTime:0.001051s ]
SQL: SHOW COLUMNS FROM `address_view` [ RunTime:0.0203s ]
SQL: SHOW COLUMNS FROM `address_view` [ RunTime:0.0184s ]
ERR: 1449:The user specified as a definer ('root'@'10.3.20.165') does not exist
 [ SQL语句 ] : SELECT * FROM `address_view` 
ERR: 1449:The user specified as a definer ('root'@'10.3.20.165') does not exist
 [ SQL语句 ] : SELECT * FROM `address_view` 

[ 2018-11-18T22:51:08+08:00 ] ::1 /furniture/index.php/Admin/Order/orderinfo.html
INFO: [ app_init ] --START--
INFO: Run Behavior\BuildLiteBehavior [ RunTime:0.000011s ]
INFO: [ app_init ] --END-- [ RunTime:0.000391s ]
INFO: [ app_begin ] --START--
INFO: Run Behavior\ReadHtmlCacheBehavior [ RunTime:0.000472s ]
INFO: [ app_begin ] --END-- [ RunTime:0.000520s ]
SQL: SHOW COLUMNS FROM `order` [ RunTime:0.0200s ]
SQL: SHOW COLUMNS FROM `myorder_view` [ RunTime:0.0186s ]
ERR: 1449:The user specified as a definer ('root'@'10.3.20.165') does not exist
 [ SQL语句 ] : SELECT * FROM `myorder_view` 
ERR: 1449:The user specified as a definer ('root'@'10.3.20.165') does not exist
 [ SQL语句 ] : SELECT * FROM `myorder_view` 

[ 2018-11-18T22:51:11+08:00 ] ::1 /furniture/index.php/Admin/News/news.html
INFO: [ app_init ] --START--
INFO: Run Behavior\BuildLiteBehavior [ RunTime:0.000015s ]
INFO: [ app_init ] --END-- [ RunTime:0.000501s ]
INFO: [ app_begin ] --START--
INFO: Run Behavior\ReadHtmlCacheBehavior [ RunTime:0.000611s ]
INFO: [ app_begin ] --END-- [ RunTime:0.000674s ]
SQL: SHOW COLUMNS FROM `news` [ RunTime:0.0137s ]
SQL: SHOW COLUMNS FROM `news` [ RunTime:0.0168s ]
SQL: SELECT * FROM `news`  [ RunTime:0.0007s ]
INFO: [ view_parse ] --START--
INFO: [ template_filter ] --START--
INFO: Run Behavior\ContentReplaceBehavior [ RunTime:0.000053s ]
INFO: [ template_filter ] --END-- [ RunTime:0.000100s ]
INFO: Run Behavior\ParseTemplateBehavior [ RunTime:0.013030s ]
INFO: [ view_parse ] --END-- [ RunTime:0.013120s ]
INFO: [ view_filter ] --START--
INFO: Run Behavior\WriteHtmlCacheBehavior [ RunTime:0.000302s ]
INFO: [ view_filter ] --END-- [ RunTime:0.000337s ]
INFO: [ app_end ] --START--
INFO: Run Behavior\ShowPageTraceBehavior [ RunTime:0.000459s ]
INFO: [ app_end ] --END-- [ RunTime:0.000495s ]

[ 2018-11-18T22:51:13+08:00 ] ::1 /furniture/index.php/Admin/Goodscolor/show_goodscolor.html
INFO: [ app_init ] --START--
INFO: Run Behavior\BuildLiteBehavior [ RunTime:0.000012s ]
INFO: [ app_init ] --END-- [ RunTime:0.000480s ]
INFO: [ app_begin ] --START--
INFO: Run Behavior\ReadHtmlCacheBehavior [ RunTime:0.000756s ]
INFO: [ app_begin ] --END-- [ RunTime:0.000809s ]
SQL: SHOW COLUMNS FROM `goodscolor` [ RunTime:0.0192s ]
SQL: SHOW COLUMNS FROM `goodscolor` [ RunTime:0.0173s ]
SQL: SELECT * FROM `goodscolor`  [ RunTime:0.0023s ]
SQL: SHOW COLUMNS FROM `goods` [ RunTime:0.0165s ]
SQL: SHOW COLUMNS FROM `goods` [ RunTime:0.0064s ]
SQL: SELECT * FROM `goods`  [ RunTime:0.0006s ]
INFO: [ view_parse ] --START--
INFO: [ template_filter ] --START--
INFO: Run Behavior\ContentReplaceBehavior [ RunTime:0.000068s ]
INFO: [ template_filter ] --END-- [ RunTime:0.000112s ]
INFO: Run Behavior\ParseTemplateBehavior [ RunTime:0.010582s ]
INFO: [ view_parse ] --END-- [ RunTime:0.010640s ]
INFO: [ view_filter ] --START--
INFO: Run Behavior\WriteHtmlCacheBehavior [ RunTime:0.000515s ]
INFO: [ view_filter ] --END-- [ RunTime:0.000552s ]
INFO: [ app_end ] --START--
INFO: Run Behavior\ShowPageTraceBehavior [ RunTime:0.000708s ]
INFO: [ app_end ] --END-- [ RunTime:0.000752s ]

[ 2018-11-18T22:51:35+08:00 ] ::1 /furniture/index.php/Admin/Order/orderinfo.html
INFO: [ app_init ] --START--
INFO: Run Behavior\BuildLiteBehavior [ RunTime:0.000012s ]
INFO: [ app_init ] --END-- [ RunTime:0.000384s ]
INFO: [ app_begin ] --START--
INFO: Run Behavior\ReadHtmlCacheBehavior [ RunTime:0.000469s ]
INFO: [ app_begin ] --END-- [ RunTime:0.000518s ]
SQL: SHOW COLUMNS FROM `order` [ RunTime:0.0197s ]
SQL: SHOW COLUMNS FROM `myorder_view` [ RunTime:0.0192s ]
ERR: 1449:The user specified as a definer ('root'@'10.3.20.165') does not exist
 [ SQL语句 ] : SELECT * FROM `myorder_view` 
ERR: 1449:The user specified as a definer ('root'@'10.3.20.165') does not exist
 [ SQL语句 ] : SELECT * FROM `myorder_view` 

[ 2018-11-18T22:52:11+08:00 ] ::1 /furniture/index.php/Admin/Order/orderinfo.html
INFO: [ app_init ] --START--
INFO: Run Behavior\BuildLiteBehavior [ RunTime:0.000013s ]
INFO: [ app_init ] --END-- [ RunTime:0.000489s ]
INFO: [ app_begin ] --START--
INFO: Run Behavior\ReadHtmlCacheBehavior [ RunTime:0.000546s ]
INFO: [ app_begin ] --END-- [ RunTime:0.000602s ]
SQL: SHOW COLUMNS FROM `order` [ RunTime:0.0196s ]
SQL: SHOW COLUMNS FROM `myorder_view` [ RunTime:0.0181s ]
ERR: 1449:The user specified as a definer ('root'@'10.3.20.165') does not exist
 [ SQL语句 ] : SELECT * FROM `myorder_view` 
ERR: 1449:The user specified as a definer ('root'@'10.3.20.165') does not exist
 [ SQL语句 ] : SELECT * FROM `myorder_view` 

[ 2018-11-18T22:52:12+08:00 ] ::1 /furniture/index.php/Admin/Address/address.html
INFO: [ app_init ] --START--
INFO: Run Behavior\BuildLiteBehavior [ RunTime:0.000029s ]
INFO: [ app_init ] --END-- [ RunTime:0.001031s ]
INFO: [ app_begin ] --START--
INFO: Run Behavior\ReadHtmlCacheBehavior [ RunTime:0.001300s ]
INFO: [ app_begin ] --END-- [ RunTime:0.001434s ]
SQL: SHOW COLUMNS FROM `address_view` [ RunTime:0.0205s ]
SQL: SHOW COLUMNS FROM `address_view` [ RunTime:0.0179s ]
ERR: 1449:The user specified as a definer ('root'@'10.3.20.165') does not exist
 [ SQL语句 ] : SELECT * FROM `address_view` 
ERR: 1449:The user specified as a definer ('root'@'10.3.20.165') does not exist
 [ SQL语句 ] : SELECT * FROM `address_view` 

[ 2018-11-18T22:52:14+08:00 ] ::1 /furniture/index.php/Admin/Goodscolor/show_goodscolor.html
INFO: [ app_init ] --START--
INFO: Run Behavior\BuildLiteBehavior [ RunTime:0.000014s ]
INFO: [ app_init ] --END-- [ RunTime:0.000636s ]
INFO: [ app_begin ] --START--
INFO: Run Behavior\ReadHtmlCacheBehavior [ RunTime:0.001015s ]
INFO: [ app_begin ] --END-- [ RunTime:0.001080s ]
SQL: SHOW COLUMNS FROM `goodscolor` [ RunTime:0.0116s ]
SQL: SHOW COLUMNS FROM `goodscolor` [ RunTime:0.0070s ]
SQL: SELECT * FROM `goodscolor`  [ RunTime:0.0010s ]
SQL: SHOW COLUMNS FROM `goods` [ RunTime:0.0072s ]
SQL: SHOW COLUMNS FROM `goods` [ RunTime:0.0069s ]
SQL: SELECT * FROM `goods`  [ RunTime:0.0006s ]
INFO: [ view_parse ] --START--
INFO: [ template_filter ] --START--
INFO: Run Behavior\ContentReplaceBehavior [ RunTime:0.000066s ]
INFO: [ template_filter ] --END-- [ RunTime:0.000107s ]
INFO: Run Behavior\ParseTemplateBehavior [ RunTime:0.009148s ]
INFO: [ view_parse ] --END-- [ RunTime:0.009206s ]
INFO: [ view_filter ] --START--
INFO: Run Behavior\WriteHtmlCacheBehavior [ RunTime:0.000292s ]
INFO: [ view_filter ] --END-- [ RunTime:0.000326s ]
INFO: [ app_end ] --START--
INFO: Run Behavior\ShowPageTraceBehavior [ RunTime:0.000741s ]
INFO: [ app_end ] --END-- [ RunTime:0.000787s ]

[ 2018-11-18T22:52:16+08:00 ] ::1 /furniture/index.php/Admin/News/news.html
INFO: [ app_init ] --START--
INFO: Run Behavior\BuildLiteBehavior [ RunTime:0.000018s ]
INFO: [ app_init ] --END-- [ RunTime:0.000592s ]
INFO: [ app_begin ] --START--
INFO: Run Behavior\ReadHtmlCacheBehavior [ RunTime:0.000730s ]
INFO: [ app_begin ] --END-- [ RunTime:0.000806s ]
SQL: SHOW COLUMNS FROM `news` [ RunTime:0.0196s ]
SQL: SHOW COLUMNS FROM `news` [ RunTime:0.0168s ]
SQL: SELECT * FROM `news`  [ RunTime:0.0008s ]
INFO: [ view_parse ] --START--
INFO: [ template_filter ] --START--
INFO: Run Behavior\ContentReplaceBehavior [ RunTime:0.000147s ]
INFO: [ template_filter ] --END-- [ RunTime:0.000275s ]
INFO: Run Behavior\ParseTemplateBehavior [ RunTime:0.020980s ]
INFO: [ view_parse ] --END-- [ RunTime:0.021129s ]
INFO: [ view_filter ] --START--
INFO: Run Behavior\WriteHtmlCacheBehavior [ RunTime:0.000828s ]
INFO: [ view_filter ] --END-- [ RunTime:0.000923s ]
INFO: [ app_end ] --START--
INFO: Run Behavior\ShowPageTraceBehavior [ RunTime:0.001292s ]
INFO: [ app_end ] --END-- [ RunTime:0.001403s ]

[ 2018-11-18T22:52:19+08:00 ] ::1 /furniture/index.php/Admin/Order/orderinfo.html
INFO: [ app_init ] --START--
INFO: Run Behavior\BuildLiteBehavior [ RunTime:0.000011s ]
INFO: [ app_init ] --END-- [ RunTime:0.000379s ]
INFO: [ app_begin ] --START--
INFO: Run Behavior\ReadHtmlCacheBehavior [ RunTime:0.000470s ]
INFO: [ app_begin ] --END-- [ RunTime:0.000519s ]
SQL: SHOW COLUMNS FROM `order` [ RunTime:0.0099s ]
SQL: SHOW COLUMNS FROM `myorder_view` [ RunTime:0.0093s ]
ERR: 1449:The user specified as a definer ('root'@'10.3.20.165') does not exist
 [ SQL语句 ] : SELECT * FROM `myorder_view` 
ERR: 1449:The user specified as a definer ('root'@'10.3.20.165') does not exist
 [ SQL语句 ] : SELECT * FROM `myorder_view` 

[ 2018-11-18T22:52:37+08:00 ] ::1 /furniture/index.php/Admin/Address/address.html
INFO: [ app_init ] --START--
INFO: Run Behavior\BuildLiteBehavior [ RunTime:0.000030s ]
INFO: [ app_init ] --END-- [ RunTime:0.001040s ]
INFO: [ app_begin ] --START--
INFO: Run Behavior\ReadHtmlCacheBehavior [ RunTime:0.001342s ]
INFO: [ app_begin ] --END-- [ RunTime:0.001485s ]
SQL: SHOW COLUMNS FROM `address_view` [ RunTime:0.0084s ]
SQL: SHOW COLUMNS FROM `address_view` [ RunTime:0.0077s ]
ERR: 1449:The user specified as a definer ('root'@'10.3.20.165') does not exist
 [ SQL语句 ] : SELECT * FROM `address_view` 
ERR: 1449:The user specified as a definer ('root'@'10.3.20.165') does not exist
 [ SQL语句 ] : SELECT * FROM `address_view` 

[ 2018-11-18T22:52:39+08:00 ] ::1 /furniture/index.php/Admin/Goodscolor/show_goodscolor.html
INFO: [ app_init ] --START--
INFO: Run Behavior\BuildLiteBehavior [ RunTime:0.000012s ]
INFO: [ app_init ] --END-- [ RunTime:0.000424s ]
INFO: [ app_begin ] --START--
INFO: Run Behavior\ReadHtmlCacheBehavior [ RunTime:0.000527s ]
INFO: [ app_begin ] --END-- [ RunTime:0.000583s ]
SQL: SHOW COLUMNS FROM `goodscolor` [ RunTime:0.0109s ]
SQL: SHOW COLUMNS FROM `goodscolor` [ RunTime:0.0115s ]
SQL: SELECT * FROM `goodscolor`  [ RunTime:0.0017s ]
SQL: SHOW COLUMNS FROM `goods` [ RunTime:0.0122s ]
SQL: SHOW COLUMNS FROM `goods` [ RunTime:0.0119s ]
SQL: SELECT * FROM `goods`  [ RunTime:0.0011s ]
INFO: [ view_parse ] --START--
INFO: [ template_filter ] --START--
INFO: Run Behavior\ContentReplaceBehavior [ RunTime:0.000068s ]
INFO: [ template_filter ] --END-- [ RunTime:0.000113s ]
INFO: Run Behavior\ParseTemplateBehavior [ RunTime:0.014632s ]
INFO: [ view_parse ] --END-- [ RunTime:0.014711s ]
INFO: [ view_filter ] --START--
INFO: Run Behavior\WriteHtmlCacheBehavior [ RunTime:0.000547s ]
INFO: [ view_filter ] --END-- [ RunTime:0.000594s ]
INFO: [ app_end ] --START--
INFO: Run Behavior\ShowPageTraceBehavior [ RunTime:0.000549s ]
INFO: [ app_end ] --END-- [ RunTime:0.000595s ]

[ 2018-11-18T22:52:41+08:00 ] ::1 /furniture/index.php/Admin/Typeinfo/show_type.html
INFO: [ app_init ] --START--
INFO: Run Behavior\BuildLiteBehavior [ RunTime:0.000015s ]
INFO: [ app_init ] --END-- [ RunTime:0.000505s ]
INFO: [ app_begin ] --START--
INFO: Run Behavior\ReadHtmlCacheBehavior [ RunTime:0.000607s ]
INFO: [ app_begin ] --END-- [ RunTime:0.000671s ]
SQL: SHOW COLUMNS FROM `goodstype` [ RunTime:0.0174s ]
SQL: SHOW COLUMNS FROM `goodstype` [ RunTime:0.0160s ]
SQL: SELECT * FROM `goodstype`  [ RunTime:0.0007s ]
INFO: [ view_parse ] --START--
INFO: [ template_filter ] --START--
INFO: Run Behavior\ContentReplaceBehavior [ RunTime:0.000128s ]
INFO: [ template_filter ] --END-- [ RunTime:0.000243s ]
INFO: Run Behavior\ParseTemplateBehavior [ RunTime:0.019720s ]
INFO: [ view_parse ] --END-- [ RunTime:0.019870s ]
INFO: [ view_filter ] --START--
INFO: Run Behavior\WriteHtmlCacheBehavior [ RunTime:0.000793s ]
INFO: [ view_filter ] --END-- [ RunTime:0.000888s ]
INFO: [ app_end ] --START--
INFO: Run Behavior\ShowPageTraceBehavior [ RunTime:0.001372s ]
INFO: [ app_end ] --END-- [ RunTime:0.001472s ]

[ 2018-11-18T22:52:48+08:00 ] ::1 /furniture/index.php/Admin/Typeinfo/queryGoodsbytypename?typename=%E5%8D%AB%E6%B5%B4
INFO: [ app_init ] --START--
INFO: Run Behavior\BuildLiteBehavior [ RunTime:0.000012s ]
INFO: [ app_init ] --END-- [ RunTime:0.000399s ]
INFO: [ app_begin ] --START--
INFO: Run Behavior\ReadHtmlCacheBehavior [ RunTime:0.000489s ]
INFO: [ app_begin ] --END-- [ RunTime:0.000534s ]
SQL: SHOW COLUMNS FROM `goods` [ RunTime:0.0197s ]
SQL: SHOW COLUMNS FROM `goods` [ RunTime:0.0077s ]
SQL: SELECT * FROM `goods` WHERE ( typename='卫浴' )  [ RunTime:0.0004s ]
INFO: [ app_end ] --START--
INFO: Run Behavior\ShowPageTraceBehavior [ RunTime:0.000555s ]
INFO: [ app_end ] --END-- [ RunTime:0.000602s ]

[ 2018-11-18T22:52:52+08:00 ] ::1 /furniture/index.php/Admin/Index/index.html
INFO: [ app_init ] --START--
INFO: Run Behavior\BuildLiteBehavior [ RunTime:0.000011s ]
INFO: [ app_init ] --END-- [ RunTime:0.000374s ]
INFO: [ app_begin ] --START--
INFO: Run Behavior\ReadHtmlCacheBehavior [ RunTime:0.000465s ]
INFO: [ app_begin ] --END-- [ RunTime:0.000521s ]
INFO: [ view_parse ] --START--
INFO: [ template_filter ] --START--
INFO: Run Behavior\ContentReplaceBehavior [ RunTime:0.000027s ]
INFO: [ template_filter ] --END-- [ RunTime:0.000069s ]
INFO: Run Behavior\ParseTemplateBehavior [ RunTime:0.005337s ]
INFO: [ view_parse ] --END-- [ RunTime:0.005388s ]
INFO: [ view_filter ] --START--
INFO: Run Behavior\WriteHtmlCacheBehavior [ RunTime:0.000281s ]
INFO: [ view_filter ] --END-- [ RunTime:0.000315s ]
INFO: [ app_end ] --START--
INFO: Run Behavior\ShowPageTraceBehavior [ RunTime:0.000470s ]
INFO: [ app_end ] --END-- [ RunTime:0.000505s ]

[ 2018-11-18T22:52:54+08:00 ] ::1 /furniture/index.php/Admin/Goodsinfo/show_goods.html
INFO: [ app_init ] --START--
INFO: Run Behavior\BuildLiteBehavior [ RunTime:0.000012s ]
INFO: [ app_init ] --END-- [ RunTime:0.000433s ]
INFO: [ app_begin ] --START--
INFO: Run Behavior\ReadHtmlCacheBehavior [ RunTime:0.000525s ]
INFO: [ app_begin ] --END-- [ RunTime:0.000581s ]
SQL: SHOW COLUMNS FROM `goodstype` [ RunTime:0.0114s ]
SQL: SHOW COLUMNS FROM `goodstype` [ RunTime:0.0110s ]
SQL: SELECT * FROM `goodstype`  [ RunTime:0.0006s ]
SQL: SHOW COLUMNS FROM `goods` [ RunTime:0.0154s ]
SQL: SHOW COLUMNS FROM `goods` [ RunTime:0.0150s ]
SQL: SELECT * FROM `goods`  [ RunTime:0.0014s ]
INFO: [ view_parse ] --START--
INFO: [ template_filter ] --START--
INFO: Run Behavior\ContentReplaceBehavior [ RunTime:0.000087s ]
INFO: [ template_filter ] --END-- [ RunTime:0.000132s ]
INFO: Run Behavior\ParseTemplateBehavior [ RunTime:0.017600s ]
INFO: [ view_parse ] --END-- [ RunTime:0.017679s ]
INFO: [ view_filter ] --START--
INFO: Run Behavior\WriteHtmlCacheBehavior [ RunTime:0.000288s ]
INFO: [ view_filter ] --END-- [ RunTime:0.000322s ]
INFO: [ app_end ] --START--
INFO: Run Behavior\ShowPageTraceBehavior [ RunTime:0.000483s ]
INFO: [ app_end ] --END-- [ RunTime:0.000523s ]

[ 2018-11-18T22:59:26+08:00 ] ::1 /furniture/Admin/Userlogin/blur_event?val=
INFO: [ app_init ] --START--
INFO: Run Behavior\BuildLiteBehavior [ RunTime:0.000012s ]
INFO: [ app_init ] --END-- [ RunTime:0.000433s ]
INFO: [ app_begin ] --START--
INFO: Run Behavior\ReadHtmlCacheBehavior [ RunTime:0.000469s ]
INFO: [ app_begin ] --END-- [ RunTime:0.000510s ]
NOTIC: [2] Missing argument 1 for Admin\Controller\ZhenziSmsClient::__construct(), called in F:\phpstudy\WWW\furniture\ThinkPHP\Common\functions.php on line 681 and defined F:\phpstudy\WWW\furniture\Application\Admin\Controller\ZhenziSmsClient.class.php 第 10 行.
NOTIC: [2] Missing argument 2 for Admin\Controller\ZhenziSmsClient::__construct(), called in F:\phpstudy\WWW\furniture\ThinkPHP\Common\functions.php on line 681 and defined F:\phpstudy\WWW\furniture\Application\Admin\Controller\ZhenziSmsClient.class.php 第 10 行.
NOTIC: [2] Missing argument 3 for Admin\Controller\ZhenziSmsClient::__construct(), called in F:\phpstudy\WWW\furniture\ThinkPHP\Common\functions.php on line 681 and defined F:\phpstudy\WWW\furniture\Application\Admin\Controller\ZhenziSmsClient.class.php 第 10 行.
NOTIC: [8] Undefined variable: apiUrl F:\phpstudy\WWW\furniture\Application\Admin\Controller\ZhenziSmsClient.class.php 第 11 行.
NOTIC: [8] Undefined variable: appId F:\phpstudy\WWW\furniture\Application\Admin\Controller\ZhenziSmsClient.class.php 第 12 行.
NOTIC: [8] Undefined variable: appSecret F:\phpstudy\WWW\furniture\Application\Admin\Controller\ZhenziSmsClient.class.php 第 13 行.
SQL: SHOW COLUMNS FROM `userinfo` [ RunTime:0.0108s ]
SQL: SHOW COLUMNS FROM `userinfo` [ RunTime:0.0101s ]
SQL: SELECT * FROM `userinfo` WHERE ( username=''or telphone='' ) LIMIT 1   [ RunTime:0.0006s ]
INFO: [ app_end ] --START--
INFO: Run Behavior\ShowPageTraceBehavior [ RunTime:0.001019s ]
INFO: [ app_end ] --END-- [ RunTime:0.001094s ]

